This file contains any messages produced by compilers while
running configure, to aid debugging if configure makes a mistake.

It was created by libatomic_ops configure 7.4.4, which was
generated by GNU Autoconf 2.69.  Invocation command line was

  $ ./configure --disable-option-checking --prefix=/usr/local --disable-threads --cache-file=/dev/null --srcdir=.

## --------- ##
## Platform. ##
## --------- ##

hostname = raspberrypi
uname -m = armv7l
uname -r = 4.9.59-v7+
uname -s = Linux
uname -v = #1047 SMP Sun Oct 29 12:19:23 GMT 2017

/usr/bin/uname -p = unknown
/bin/uname -X     = unknown

/bin/arch              = unknown
/usr/bin/arch -k       = unknown
/usr/convex/getsysinfo = unknown
/usr/bin/hostinfo      = unknown
/bin/machine           = unknown
/usr/bin/oslevel       = unknown
/bin/universe          = unknown

PATH: /home/pi/bin
PATH: /usr/local/sbin
PATH: /usr/local/bin
PATH: /usr/sbin
PATH: /usr/bin
PATH: /sbin
PATH: /bin
PATH: /usr/local/games
PATH: /usr/games


## ----------- ##
## Core tests. ##
## ----------- ##

configure:2190: checking build system type
configure:2204: result: armv7l-unknown-linux-gnueabihf
configure:2224: checking host system type
configure:2237: result: armv7l-unknown-linux-gnueabihf
configure:2257: checking target system type
configure:2270: result: armv7l-unknown-linux-gnueabihf
configure:2314: checking for a BSD-compatible install
configure:2382: result: /usr/bin/install -c
configure:2393: checking whether build environment is sane
configure:2448: result: yes
configure:2599: checking for a thread-safe mkdir -p
configure:2638: result: /bin/mkdir -p
configure:2645: checking for gawk
configure:2675: result: no
configure:2645: checking for mawk
configure:2661: found /usr/bin/mawk
configure:2672: result: mawk
configure:2683: checking whether make sets $(MAKE)
configure:2705: result: yes
configure:2734: checking whether make supports nested variables
configure:2751: result: yes
configure:2878: checking whether to enable maintainer-specific portions of Makefiles
configure:2887: result: no
configure:2917: checking for style of include used by make
configure:2945: result: GNU
configure:3016: checking for gcc
configure:3032: found /usr/bin/gcc
configure:3043: result: gcc
configure:3272: checking for C compiler version
configure:3281: gcc --version >&5
gcc (Raspbian 6.3.0-18+rpi1) 6.3.0 20170516
Copyright (C) 2016 Free Software Foundation, Inc.
This is free software; see the source for copying conditions.  There is NO
warranty; not even for MERCHANTABILITY or FITNESS FOR A PARTICULAR PURPOSE.

configure:3292: $? = 0
configure:3281: gcc -v >&5
Using built-in specs.
COLLECT_GCC=gcc
COLLECT_LTO_WRAPPER=/usr/lib/gcc/arm-linux-gnueabihf/6/lto-wrapper
Target: arm-linux-gnueabihf
Configured with: ../src/configure -v --with-pkgversion='Raspbian 6.3.0-18+rpi1' --with-bugurl=file:///usr/share/doc/gcc-6/README.Bugs --enable-languages=c,ada,c++,java,go,d,fortran,objc,obj-c++ --prefix=/usr --program-suffix=-6 --program-prefix=arm-linux-gnueabihf- --enable-shared --enable-linker-build-id --libexecdir=/usr/lib --without-included-gettext --enable-threads=posix --libdir=/usr/lib --enable-nls --with-sysroot=/ --enable-clocale=gnu --enable-libstdcxx-debug --enable-libstdcxx-time=yes --with-default-libstdcxx-abi=new --enable-gnu-unique-object --disable-libitm --disable-libquadmath --enable-plugin --with-system-zlib --disable-browser-plugin --enable-java-awt=gtk --enable-gtk-cairo --with-java-home=/usr/lib/jvm/java-1.5.0-gcj-6-armhf/jre --enable-java-home --with-jvm-root-dir=/usr/lib/jvm/java-1.5.0-gcj-6-armhf --with-jvm-jar-dir=/usr/lib/jvm-exports/java-1.5.0-gcj-6-armhf --with-arch-directory=arm --with-ecj-jar=/usr/share/java/eclipse-ecj.jar --with-target-system-zlib --enable-objc-gc=auto --enable-multiarch --disable-sjlj-exceptions --with-arch=armv6 --with-fpu=vfp --with-float=hard --enable-checking=release --build=arm-linux-gnueabihf --host=arm-linux-gnueabihf --target=arm-linux-gnueabihf
Thread model: posix
gcc version 6.3.0 20170516 (Raspbian 6.3.0-18+rpi1) 
configure:3292: $? = 0
configure:3281: gcc -V >&5
gcc: error: unrecognized command line option '-V'
gcc: fatal error: no input files
compilation terminated.
configure:3292: $? = 1
configure:3281: gcc -qversion >&5
gcc: error: unrecognized command line option '-qversion'; did you mean '--version'?
gcc: fatal error: no input files
compilation terminated.
configure:3292: $? = 1
configure:3312: checking whether the C compiler works
configure:3334: gcc    conftest.c  >&5
configure:3338: $? = 0
configure:3386: result: yes
configure:3389: checking for C compiler default output file name
configure:3391: result: a.out
configure:3397: checking for suffix of executables
configure:3404: gcc -o conftest    conftest.c  >&5
configure:3408: $? = 0
configure:3430: result: 
configure:3452: checking whether we are cross compiling
configure:3460: gcc -o conftest    conftest.c  >&5
configure:3464: $? = 0
configure:3471: ./conftest
configure:3475: $? = 0
configure:3490: result: no
configure:3495: checking for suffix of object files
configure:3517: gcc -c   conftest.c >&5
configure:3521: $? = 0
configure:3542: result: o
configure:3546: checking whether we are using the GNU C compiler
configure:3565: gcc -c   conftest.c >&5
configure:3565: $? = 0
configure:3574: result: yes
configure:3583: checking whether gcc accepts -g
configure:3603: gcc -c -g  conftest.c >&5
configure:3603: $? = 0
configure:3644: result: yes
configure:3661: checking for gcc option to accept ISO C89
configure:3724: gcc  -c -g -O2  conftest.c >&5
configure:3724: $? = 0
configure:3737: result: none needed
configure:3762: checking whether gcc understands -c and -o together
configure:3784: gcc -c conftest.c -o conftest2.o
configure:3787: $? = 0
configure:3784: gcc -c conftest.c -o conftest2.o
configure:3787: $? = 0
configure:3799: result: yes
configure:3818: checking dependency style of gcc
configure:3929: result: gcc3
configure:3954: checking dependency style of gcc
configure:4063: result: gcc3
configure:4124: checking how to print strings
configure:4151: result: printf
configure:4172: checking for a sed that does not truncate output
configure:4236: result: /bin/sed
configure:4254: checking for grep that handles long lines and -e
configure:4312: result: /bin/grep
configure:4317: checking for egrep
configure:4379: result: /bin/grep -E
configure:4384: checking for fgrep
configure:4446: result: /bin/grep -F
configure:4481: checking for ld used by gcc
configure:4548: result: /usr/bin/ld
configure:4555: checking if the linker (/usr/bin/ld) is GNU ld
configure:4570: result: yes
configure:4582: checking for BSD- or MS-compatible name lister (nm)
configure:4636: result: /usr/bin/nm -B
configure:4766: checking the name lister (/usr/bin/nm -B) interface
configure:4773: gcc -c -g -O2  conftest.c >&5
configure:4776: /usr/bin/nm -B "conftest.o"
configure:4779: output
00000000 B some_variable
configure:4786: result: BSD nm
configure:4789: checking whether ln -s works
configure:4793: result: yes
configure:4801: checking the maximum length of command line arguments
configure:4932: result: 1572864
configure:4980: checking how to convert armv7l-unknown-linux-gnueabihf file names to armv7l-unknown-linux-gnueabihf format
configure:5020: result: func_convert_file_noop
configure:5027: checking how to convert armv7l-unknown-linux-gnueabihf file names to toolchain format
configure:5047: result: func_convert_file_noop
configure:5054: checking for /usr/bin/ld option to reload object files
configure:5061: result: -r
configure:5135: checking for objdump
configure:5151: found /usr/bin/objdump
configure:5162: result: objdump
configure:5194: checking how to recognize dependent libraries
configure:5394: result: pass_all
configure:5479: checking for dlltool
configure:5509: result: no
configure:5539: checking how to associate runtime and link libraries
configure:5566: result: printf %s\n
configure:5627: checking for ar
configure:5643: found /usr/bin/ar
configure:5654: result: ar
configure:5691: checking for archiver @FILE support
configure:5708: gcc -c -g -O2  conftest.c >&5
configure:5708: $? = 0
configure:5711: ar cru libconftest.a @conftest.lst >&5
ar: `u' modifier ignored since `D' is the default (see `U')
configure:5714: $? = 0
configure:5719: ar cru libconftest.a @conftest.lst >&5
ar: `u' modifier ignored since `D' is the default (see `U')
ar: conftest.o: No such file or directory
configure:5722: $? = 1
configure:5734: result: @
configure:5792: checking for strip
configure:5808: found /usr/bin/strip
configure:5819: result: strip
configure:5891: checking for ranlib
configure:5907: found /usr/bin/ranlib
configure:5918: result: ranlib
configure:6020: checking command to parse /usr/bin/nm -B output from gcc object
configure:6173: gcc -c -g -O2  conftest.c >&5
configure:6176: $? = 0
configure:6180: /usr/bin/nm -B conftest.o \| sed -n -e 's/^.*[ ]\([ABCDGIRSTW][ABCDGIRSTW]*\)[ ][ ]*\([_A-Za-z][_A-Za-z0-9]*\)$/\1 \2 \2/p' | sed '/ __gnu_lto/d' \> conftest.nm
configure:6183: $? = 0
configure:6249: gcc -o conftest -g -O2   conftest.c conftstm.o >&5
configure:6252: $? = 0
configure:6290: result: ok
configure:6337: checking for sysroot
configure:6367: result: no
configure:6374: checking for a working dd
configure:6412: result: /bin/dd
configure:6416: checking how to truncate binary pipes
configure:6431: result: /bin/dd bs=4096 count=1
configure:6760: checking for mt
configure:6776: found /bin/mt
configure:6787: result: mt
configure:6810: checking if mt is a manifest tool
configure:6816: mt '-?'
configure:6824: result: no
configure:7501: checking how to run the C preprocessor
configure:7532: gcc -E  conftest.c
configure:7532: $? = 0
configure:7546: gcc -E  conftest.c
conftest.c:11:28: fatal error: ac_nonexistent.h: No such file or directory
 #include <ac_nonexistent.h>
                            ^
compilation terminated.
configure:7546: $? = 1
configure: failed program was:
| /* confdefs.h */
| #define PACKAGE_NAME "libatomic_ops"
| #define PACKAGE_TARNAME "libatomic_ops"
| #define PACKAGE_VERSION "7.4.4"
| #define PACKAGE_STRING "libatomic_ops 7.4.4"
| #define PACKAGE_BUGREPORT "bdwgc@lists.opendylan.org"
| #define PACKAGE_URL ""
| #define PACKAGE "libatomic_ops"
| #define VERSION "7.4.4"
| /* end confdefs.h.  */
| #include <ac_nonexistent.h>
configure:7571: result: gcc -E
configure:7591: gcc -E  conftest.c
configure:7591: $? = 0
configure:7605: gcc -E  conftest.c
conftest.c:11:28: fatal error: ac_nonexistent.h: No such file or directory
 #include <ac_nonexistent.h>
                            ^
compilation terminated.
configure:7605: $? = 1
configure: failed program was:
| /* confdefs.h */
| #define PACKAGE_NAME "libatomic_ops"
| #define PACKAGE_TARNAME "libatomic_ops"
| #define PACKAGE_VERSION "7.4.4"
| #define PACKAGE_STRING "libatomic_ops 7.4.4"
| #define PACKAGE_BUGREPORT "bdwgc@lists.opendylan.org"
| #define PACKAGE_URL ""
| #define PACKAGE "libatomic_ops"
| #define VERSION "7.4.4"
| /* end confdefs.h.  */
| #include <ac_nonexistent.h>
configure:7634: checking for ANSI C header files
configure:7654: gcc -c -g -O2  conftest.c >&5
configure:7654: $? = 0
configure:7727: gcc -o conftest -g -O2   conftest.c  >&5
configure:7727: $? = 0
configure:7727: ./conftest
configure:7727: $? = 0
configure:7738: result: yes
configure:7751: checking for sys/types.h
configure:7751: gcc -c -g -O2  conftest.c >&5
configure:7751: $? = 0
configure:7751: result: yes
configure:7751: checking for sys/stat.h
configure:7751: gcc -c -g -O2  conftest.c >&5
configure:7751: $? = 0
configure:7751: result: yes
configure:7751: checking for stdlib.h
configure:7751: gcc -c -g -O2  conftest.c >&5
configure:7751: $? = 0
configure:7751: result: yes
configure:7751: checking for string.h
configure:7751: gcc -c -g -O2  conftest.c >&5
configure:7751: $? = 0
configure:7751: result: yes
configure:7751: checking for memory.h
configure:7751: gcc -c -g -O2  conftest.c >&5
configure:7751: $? = 0
configure:7751: result: yes
configure:7751: checking for strings.h
configure:7751: gcc -c -g -O2  conftest.c >&5
configure:7751: $? = 0
configure:7751: result: yes
configure:7751: checking for inttypes.h
configure:7751: gcc -c -g -O2  conftest.c >&5
configure:7751: $? = 0
configure:7751: result: yes
configure:7751: checking for stdint.h
configure:7751: gcc -c -g -O2  conftest.c >&5
configure:7751: $? = 0
configure:7751: result: yes
configure:7751: checking for unistd.h
configure:7751: gcc -c -g -O2  conftest.c >&5
configure:7751: $? = 0
configure:7751: result: yes
configure:7765: checking for dlfcn.h
configure:7765: gcc -c -g -O2  conftest.c >&5
configure:7765: $? = 0
configure:7765: result: yes
configure:8020: checking for objdir
configure:8035: result: .libs
configure:8299: checking if gcc supports -fno-rtti -fno-exceptions
configure:8317: gcc -c -g -O2  -fno-rtti -fno-exceptions conftest.c >&5
cc1: warning: command line option '-fno-rtti' is valid for C++/ObjC++ but not for C
configure:8321: $? = 0
configure:8334: result: no
configure:8692: checking for gcc option to produce PIC
configure:8699: result: -fPIC -DPIC
configure:8707: checking if gcc PIC flag -fPIC -DPIC works
configure:8725: gcc -c -g -O2  -fPIC -DPIC -DPIC conftest.c >&5
configure:8729: $? = 0
configure:8742: result: yes
configure:8771: checking if gcc static flag -static works
configure:8799: result: yes
configure:8814: checking if gcc supports -c -o file.o
configure:8835: gcc -c -g -O2  -o out/conftest2.o conftest.c >&5
configure:8839: $? = 0
configure:8861: result: yes
configure:8869: checking if gcc supports -c -o file.o
configure:8916: result: yes
configure:8949: checking whether the gcc linker (/usr/bin/ld) supports shared libraries
configure:10208: result: yes
configure:10448: checking dynamic linker characteristics
configure:11029: gcc -o conftest -g -O2   -Wl,-rpath -Wl,/foo conftest.c  >&5
configure:11029: $? = 0
configure:11266: result: GNU/Linux ld.so
configure:11388: checking how to hardcode library paths into programs
configure:11413: result: immediate
configure:11961: checking whether stripping libraries is possible
configure:11966: result: yes
configure:12001: checking if libtool supports shared libraries
configure:12003: result: yes
configure:12006: checking whether to build shared libraries
configure:12031: result: no
configure:12034: checking whether to build static libraries
configure:12038: result: yes
configure:12083: checking for stdlib.h
configure:12083: result: yes
configure:12083: checking for unistd.h
configure:12083: result: yes
configure:12083: checking for sys/param.h
configure:12083: gcc -c -g -O2  conftest.c >&5
configure:12083: $? = 0
configure:12083: result: yes
configure:12103: checking for getpagesize
configure:12103: gcc -o conftest -g -O2   conftest.c  >&5
configure:12103: $? = 0
configure:12103: result: yes
configure:12112: checking for working mmap
configure:12259: gcc -o conftest -g -O2   conftest.c  >&5
configure:12259: $? = 0
configure:12259: ./conftest
configure:12259: $? = 0
configure:12269: result: yes
configure:12282: checking for PIC compiler flag
configure:12292: result: -fPIC
configure:12295: checking whether gcc -fPIC causes __PIC__ definition
configure:12315: gcc -c -fPIC -g -O2  conftest.c >&5
configure:12315: $? = 0
configure:12322: result: yes
configure:12333: checking for gcc -Wextra
configure:12348: gcc -c -Wextra -g -O2  conftest.c >&5
configure:12348: $? = 0
configure:12355: result: yes
configure:12435: checking for pthread_self in -lpthread
configure:12460: gcc -o conftest -Wall -Wextra -g -O2   conftest.c -lpthread   >&5
configure:12460: $? = 0
configure:12469: result: yes
configure:12638: checking that generated files are newer than configure
configure:12644: result: done
configure:12683: creating ./config.status

## ---------------------- ##
## Running config.status. ##
## ---------------------- ##

This file was extended by libatomic_ops config.status 7.4.4, which was
generated by GNU Autoconf 2.69.  Invocation command line was

  CONFIG_FILES    = 
  CONFIG_HEADERS  = 
  CONFIG_LINKS    = 
  CONFIG_COMMANDS = 
  $ ./config.status 

on raspberrypi

config.status:1119: creating Makefile
config.status:1119: creating doc/Makefile
config.status:1119: creating src/Makefile
config.status:1119: creating tests/Makefile
config.status:1119: creating pkgconfig/atomic_ops.pc
config.status:1119: creating pkgconfig/atomic_ops-uninstalled.pc
config.status:1119: creating src/config.h
config.status:1300: src/config.h is unchanged
config.status:1348: executing depfiles commands
config.status:1348: executing libtool commands
config.status:1348: executing default commands

## ---------------- ##
## Cache variables. ##
## ---------------- ##

ac_cv_build=armv7l-unknown-linux-gnueabihf
ac_cv_c_compiler_gnu=yes
ac_cv_cc_wextra=yes
ac_cv_env_CCASFLAGS_set=
ac_cv_env_CCASFLAGS_value=
ac_cv_env_CCAS_set=
ac_cv_env_CCAS_value=
ac_cv_env_CC_set=
ac_cv_env_CC_value=
ac_cv_env_CFLAGS_set=
ac_cv_env_CFLAGS_value=
ac_cv_env_CPPFLAGS_set=
ac_cv_env_CPPFLAGS_value=
ac_cv_env_CPP_set=
ac_cv_env_CPP_value=
ac_cv_env_LDFLAGS_set=
ac_cv_env_LDFLAGS_value=
ac_cv_env_LIBS_set=
ac_cv_env_LIBS_value=
ac_cv_env_LT_SYS_LIBRARY_PATH_set=
ac_cv_env_LT_SYS_LIBRARY_PATH_value=
ac_cv_env_build_alias_set=
ac_cv_env_build_alias_value=
ac_cv_env_host_alias_set=
ac_cv_env_host_alias_value=
ac_cv_env_target_alias_set=
ac_cv_env_target_alias_value=
ac_cv_func_getpagesize=yes
ac_cv_func_mmap_fixed_mapped=yes
ac_cv_header_dlfcn_h=yes
ac_cv_header_inttypes_h=yes
ac_cv_header_memory_h=yes
ac_cv_header_stdc=yes
ac_cv_header_stdint_h=yes
ac_cv_header_stdlib_h=yes
ac_cv_header_string_h=yes
ac_cv_header_strings_h=yes
ac_cv_header_sys_param_h=yes
ac_cv_header_sys_stat_h=yes
ac_cv_header_sys_types_h=yes
ac_cv_header_unistd_h=yes
ac_cv_host=armv7l-unknown-linux-gnueabihf
ac_cv_lib_pthread_pthread_self=yes
ac_cv_objext=o
ac_cv_path_EGREP='/bin/grep -E'
ac_cv_path_FGREP='/bin/grep -F'
ac_cv_path_GREP=/bin/grep
ac_cv_path_SED=/bin/sed
ac_cv_path_install='/usr/bin/install -c'
ac_cv_path_lt_DD=/bin/dd
ac_cv_path_mkdir=/bin/mkdir
ac_cv_pic_macro=yes
ac_cv_prog_AWK=mawk
ac_cv_prog_CPP='gcc -E'
ac_cv_prog_ac_ct_AR=ar
ac_cv_prog_ac_ct_CC=gcc
ac_cv_prog_ac_ct_MANIFEST_TOOL=mt
ac_cv_prog_ac_ct_OBJDUMP=objdump
ac_cv_prog_ac_ct_RANLIB=ranlib
ac_cv_prog_ac_ct_STRIP=strip
ac_cv_prog_cc_c89=
ac_cv_prog_cc_g=yes
ac_cv_prog_make_make_set=yes
ac_cv_target=armv7l-unknown-linux-gnueabihf
am_cv_CCAS_dependencies_compiler_type=gcc3
am_cv_CC_dependencies_compiler_type=gcc3
am_cv_make_support_nested_variables=yes
am_cv_prog_cc_c_o=yes
lt_cv_ar_at_file=@
lt_cv_deplibs_check_method=pass_all
lt_cv_file_magic_cmd='$MAGIC_CMD'
lt_cv_file_magic_test_file=
lt_cv_ld_reload_flag=-r
lt_cv_nm_interface='BSD nm'
lt_cv_objdir=.libs
lt_cv_path_LD=/usr/bin/ld
lt_cv_path_NM='/usr/bin/nm -B'
lt_cv_path_mainfest_tool=no
lt_cv_prog_compiler_c_o=yes
lt_cv_prog_compiler_pic='-fPIC -DPIC'
lt_cv_prog_compiler_pic_works=yes
lt_cv_prog_compiler_rtti_exceptions=no
lt_cv_prog_compiler_static_works=yes
lt_cv_prog_gnu_ld=yes
lt_cv_sharedlib_from_linklib_cmd='printf %s\n'
lt_cv_shlibpath_overrides_runpath=no
lt_cv_sys_global_symbol_pipe='sed -n -e '\''s/^.*[	 ]\([ABCDGIRSTW][ABCDGIRSTW]*\)[	 ][	 ]*\([_A-Za-z][_A-Za-z0-9]*\)$/\1 \2 \2/p'\'' | sed '\''/ __gnu_lto/d'\'''
lt_cv_sys_global_symbol_to_c_name_address='sed -n -e '\''s/^: \(.*\) .*$/  {"\1", (void *) 0},/p'\'' -e '\''s/^[ABCDGIRSTW][ABCDGIRSTW]* .* \(.*\)$/  {"\1", (void *) \&\1},/p'\'''
lt_cv_sys_global_symbol_to_c_name_address_lib_prefix='sed -n -e '\''s/^: \(.*\) .*$/  {"\1", (void *) 0},/p'\'' -e '\''s/^[ABCDGIRSTW][ABCDGIRSTW]* .* \(lib.*\)$/  {"\1", (void *) \&\1},/p'\'' -e '\''s/^[ABCDGIRSTW][ABCDGIRSTW]* .* \(.*\)$/  {"lib\1", (void *) \&\1},/p'\'''
lt_cv_sys_global_symbol_to_cdecl='sed -n -e '\''s/^T .* \(.*\)$/extern int \1();/p'\'' -e '\''s/^[ABCDGIRSTW][ABCDGIRSTW]* .* \(.*\)$/extern char \1;/p'\'''
lt_cv_sys_global_symbol_to_import=
lt_cv_sys_max_cmd_len=1572864
lt_cv_to_host_file_cmd=func_convert_file_noop
lt_cv_to_tool_file_cmd=func_convert_file_noop
lt_cv_truncate_bin='/bin/dd bs=4096 count=1'

## ----------------- ##
## Output variables. ##
## ----------------- ##

ACLOCAL='${SHELL} /home/pi/sandbox/rlabplus/rlab-3.1.1-gcc_with_plplot/rlab-3.1.1-gcc/gc/libatomic_ops/missing aclocal-1.15'
AMDEPBACKSLASH='\'
AMDEP_FALSE='#'
AMDEP_TRUE=''
AMTAR='$${TAR-tar}'
AM_BACKSLASH='\'
AM_DEFAULT_V='$(AM_DEFAULT_VERBOSITY)'
AM_DEFAULT_VERBOSITY='1'
AM_V='$(V)'
AR='ar'
AUTOCONF='${SHELL} /home/pi/sandbox/rlabplus/rlab-3.1.1-gcc_with_plplot/rlab-3.1.1-gcc/gc/libatomic_ops/missing autoconf'
AUTOHEADER='${SHELL} /home/pi/sandbox/rlabplus/rlab-3.1.1-gcc_with_plplot/rlab-3.1.1-gcc/gc/libatomic_ops/missing autoheader'
AUTOMAKE='${SHELL} /home/pi/sandbox/rlabplus/rlab-3.1.1-gcc_with_plplot/rlab-3.1.1-gcc/gc/libatomic_ops/missing automake-1.15'
AWK='mawk'
CC='gcc'
CCAS='gcc'
CCASDEPMODE='depmode=gcc3'
CCASFLAGS='-g -O2'
CCDEPMODE='depmode=gcc3'
CFLAGS='-Wall -Wextra -g -O2'
CPP='gcc -E'
CPPFLAGS=''
CYGPATH_W='echo'
DEFS='-DHAVE_CONFIG_H'
DEPDIR='.deps'
DLLTOOL='false'
DSYMUTIL=''
DUMPBIN=''
ECHO_C=''
ECHO_N='-n'
ECHO_T=''
EGREP='/bin/grep -E'
EXEEXT=''
FGREP='/bin/grep -F'
GREP='/bin/grep'
HAVE_PTHREAD_H_FALSE='#'
HAVE_PTHREAD_H_TRUE=''
INSTALL_DATA='${INSTALL} -m 644'
INSTALL_PROGRAM='${INSTALL}'
INSTALL_SCRIPT='${INSTALL}'
INSTALL_STRIP_PROGRAM='$(install_sh) -c -s'
LD='/usr/bin/ld'
LDFLAGS=''
LIBOBJS=''
LIBS=''
LIBTOOL='$(SHELL) $(top_builddir)/libtool'
LIPO=''
LN_S='ln -s'
LTLIBOBJS=''
LT_SYS_LIBRARY_PATH=''
MAINT='#'
MAINTAINER_MODE_FALSE=''
MAINTAINER_MODE_TRUE='#'
MAKEINFO='${SHELL} /home/pi/sandbox/rlabplus/rlab-3.1.1-gcc_with_plplot/rlab-3.1.1-gcc/gc/libatomic_ops/missing makeinfo'
MANIFEST_TOOL=':'
MKDIR_P='/bin/mkdir -p'
NEED_ASM_FALSE=''
NEED_ASM_TRUE='#'
NM='/usr/bin/nm -B'
NMEDIT=''
OBJDUMP='objdump'
OBJEXT='o'
OTOOL64=''
OTOOL=''
PACKAGE='libatomic_ops'
PACKAGE_BUGREPORT='bdwgc@lists.opendylan.org'
PACKAGE_NAME='libatomic_ops'
PACKAGE_STRING='libatomic_ops 7.4.4'
PACKAGE_TARNAME='libatomic_ops'
PACKAGE_URL=''
PACKAGE_VERSION='7.4.4'
PATH_SEPARATOR=':'
PICFLAG='-fPIC'
RANLIB='ranlib'
SED='/bin/sed'
SET_MAKE=''
SHELL='/bin/bash'
STRIP='strip'
THREADDLLIBS='-lpthread'
VERSION='7.4.4'
ac_ct_AR='ar'
ac_ct_CC='gcc'
ac_ct_DUMPBIN=''
am__EXEEXT_FALSE=''
am__EXEEXT_TRUE='#'
am__fastdepCCAS_FALSE='#'
am__fastdepCCAS_TRUE=''
am__fastdepCC_FALSE='#'
am__fastdepCC_TRUE=''
am__include='include'
am__isrc=''
am__leading_dot='.'
am__nodep='_no'
am__quote=''
am__tar='$${TAR-tar} chof - "$$tardir"'
am__untar='$${TAR-tar} xf -'
bindir='${exec_prefix}/bin'
build='armv7l-unknown-linux-gnueabihf'
build_alias=''
build_cpu='armv7l'
build_os='linux-gnueabihf'
build_vendor='unknown'
datadir='${datarootdir}'
datarootdir='${prefix}/share'
docdir='${datarootdir}/doc/${PACKAGE_TARNAME}'
dvidir='${docdir}'
exec_prefix='${prefix}'
host='armv7l-unknown-linux-gnueabihf'
host_alias=''
host_cpu='armv7l'
host_os='linux-gnueabihf'
host_vendor='unknown'
htmldir='${docdir}'
includedir='${prefix}/include'
infodir='${datarootdir}/info'
install_sh='${SHELL} /home/pi/sandbox/rlabplus/rlab-3.1.1-gcc_with_plplot/rlab-3.1.1-gcc/gc/libatomic_ops/install-sh'
libdir='${exec_prefix}/lib'
libexecdir='${exec_prefix}/libexec'
localedir='${datarootdir}/locale'
localstatedir='${prefix}/var'
mandir='${datarootdir}/man'
mkdir_p='$(MKDIR_P)'
oldincludedir='/usr/include'
pdfdir='${docdir}'
prefix='/usr/local'
program_transform_name='s,x,x,'
psdir='${docdir}'
sbindir='${exec_prefix}/sbin'
sharedstatedir='${prefix}/com'
sysconfdir='${prefix}/etc'
target='armv7l-unknown-linux-gnueabihf'
target_alias=''
target_cpu='armv7l'
target_os='linux-gnueabihf'
target_vendor='unknown'

## ----------- ##
## confdefs.h. ##
## ----------- ##

/* confdefs.h */
#define PACKAGE_NAME "libatomic_ops"
#define PACKAGE_TARNAME "libatomic_ops"
#define PACKAGE_VERSION "7.4.4"
#define PACKAGE_STRING "libatomic_ops 7.4.4"
#define PACKAGE_BUGREPORT "bdwgc@lists.opendylan.org"
#define PACKAGE_URL ""
#define PACKAGE "libatomic_ops"
#define VERSION "7.4.4"
#define STDC_HEADERS 1
#define HAVE_SYS_TYPES_H 1
#define HAVE_SYS_STAT_H 1
#define HAVE_STDLIB_H 1
#define HAVE_STRING_H 1
#define HAVE_MEMORY_H 1
#define HAVE_STRINGS_H 1
#define HAVE_INTTYPES_H 1
#define HAVE_STDINT_H 1
#define HAVE_UNISTD_H 1
#define HAVE_DLFCN_H 1
#define LT_OBJDIR ".libs/"
#define HAVE_STDLIB_H 1
#define HAVE_UNISTD_H 1
#define HAVE_SYS_PARAM_H 1
#define HAVE_GETPAGESIZE 1
#define HAVE_MMAP 1
#define NDEBUG 1
#define _REENTRANT 1

configure: exit 0
