This file contains any messages produced by compilers while
running configure, to aid debugging if configure makes a mistake.

configure:562: checking for uname
configure:702: checking whether ln -s works
configure:727: checking for gawk
configure:727: checking for mawk
configure:787: checking for a BSD compatible install
configure:872: checking for ar
configure:1015: checking for gfortran
configure:901: checking for g77
configure:930: checking for f77
configure:959: checking for fort
configure:988: checking for fort77
configure:1018: checking for /usr/bin/sh5
configure:1406: checking size of double
configure:1425: gcc -o conftest -O2   conftest.c -L/usr/local/lib  1>&5
configure:1417:1: warning: return type defaults to 'int' [-Wimplicit-int]
   else
 ^ ~~
configure:1445: checking size of long int
configure:1464: gcc -o conftest -O2   conftest.c -L/usr/local/lib  1>&5
configure:1456:1: warning: return type defaults to 'int' [-Wimplicit-int]
   cat > conftest.$ac_ext <<EOF
 ^ ~~
configure:1484: checking size of int
configure:1503: gcc -o conftest -O2   conftest.c -L/usr/local/lib  1>&5
configure:1495:1: warning: return type defaults to 'int' [-Wimplicit-int]
 else
 ^~~~
configure:1523: checking size of short int
configure:1542: gcc -o conftest -O2   conftest.c -L/usr/local/lib  1>&5
configure:1534:1: warning: return type defaults to 'int' [-Wimplicit-int]
     { echo "configure: error: can not run test program while cross compiling" 1>&2; exit 1; }
 ^   
configure:1638: checking how to run the C preprocessor
configure:1659: gcc -E  conftest.c >/dev/null 2>conftest.out
configure:1718: checking for ANSI C header files
configure:1731: gcc -E  conftest.c >/dev/null 2>conftest.out
configure:1798: gcc -o conftest -O2   conftest.c -L/usr/local/lib  1>&5
configure: In function 'main':
configure:1793:67: warning: implicit declaration of function 'exit' [-Wimplicit-function-declaration]
 if eval "test \"`echo '$''{'ac_cv_type_size_t'+set}'`\" = set"; then
                                                                   ^~  
configure:1793:67: warning: incompatible implicit declaration of built-in function 'exit'
configure:1793:67: note: include '<stdlib.h>' or provide a declaration of 'exit'
configure:1794:1: warning: incompatible implicit declaration of built-in function 'exit'
   echo $ac_n "(cached) $ac_c" 1>&6
 ^ ~~
configure:1794:1: note: include '<stdlib.h>' or provide a declaration of 'exit'
configure:1822: checking for size_t
configure:1855: checking whether byte ordering is bigendian
configure:1873: gcc -c -O2   conftest.c 1>&5
configure:1888: gcc -c -O2   conftest.c 1>&5
configure: In function 'main':
configure:1883:2: error: unknown type name 'not'
   {
  ^~ 
configure:1883:10: error: expected '=', ',', ';', 'asm' or '__attribute__' before 'endian'
   {
          ^     
configure: failed program was:
#line 1877 "configure"
#include "confdefs.h"
#include <sys/types.h>
#include <sys/param.h>
int main() {

#if BYTE_ORDER != BIG_ENDIAN
 not big endian
#endif
; return 0; }
configure:1947: checking C -> Fortran interlanguage calling convention
configure:1972: gcc -o conftest -DUSE_UPPER   conftest.c -L. -lfitest_f 1>&5
configure:1963:1: warning: return type defaults to 'int' [-Wimplicit-int]
   TEST (&a, &b);
 ^ ~~
configure: In function 'main':
configure:1968:3: warning: implicit declaration of function 'exit' [-Wimplicit-function-declaration]
     then
   ^ ~~
configure:1968:3: warning: incompatible implicit declaration of built-in function 'exit'
configure:1968:3: note: include '<stdlib.h>' or provide a declaration of 'exit'
/tmp/cc6s2oh3.o: In function `main':
conftest.c:(.text+0x2c): undefined reference to `TEST'
collect2: error: ld returned 1 exit status
configure: failed program was:
#line 1961 "configure"
#include "confdefs.h"
#include "fitest.h"
main()
{
  F_REAL a = 1.0;
  F_REAL b = 2.0;
  TEST (&a, &b);
  exit(0);
}
configure:2002: gcc -o conftest -DUSE_F2C   conftest.c -L. -lfitest_f 1>&5
configure:1993:1: warning: return type defaults to 'int' [-Wimplicit-int]
                    F_REAL b = 2.0;
 ^   
configure: In function 'main':
configure:1998:3: warning: implicit declaration of function 'exit' [-Wimplicit-function-declaration]
     if { (eval echo configure:2033: \"$ac_link\") 1>&5; (eval $ac_link) 2>&5; } && test -s conftest${ac_exeext} && (./conftest; exit) 2>/dev/null
   ^ ~~
configure:1998:3: warning: incompatible implicit declaration of built-in function 'exit'
configure:1998:3: note: include '<stdlib.h>' or provide a declaration of 'exit'
configure:2108: checking for less
configure:2200: checking for ANSI C header files
configure:2308: checking for dirent.h that defines DIR
configure:2321: gcc -c -O2 -DUSE_F2C   conftest.c 1>&5
configure:2346: checking for opendir in -ldir
configure:2365: gcc -o conftest -O2 -DUSE_F2C   conftest.c -ldir  -L/usr/local/lib  1>&5
/usr/bin/ld: cannot find -ldir
collect2: error: ld returned 1 exit status
configure: failed program was:
#line 2354 "configure"
#include "confdefs.h"
/* Override any gcc2 internal prototype to avoid an error.  */
/* We use char because int might match the return type of a gcc2
    builtin and then its argument prototype would still apply.  */
char opendir();

int main() {
opendir()
; return 0; }
configure:2432: checking for stdlib.h
configure:2442: gcc -E  conftest.c >/dev/null 2>conftest.out
configure:2432: checking for time.h
configure:2442: gcc -E  conftest.c >/dev/null 2>conftest.out
configure:2432: checking for unistd.h
configure:2442: gcc -E  conftest.c >/dev/null 2>conftest.out
configure:2432: checking for dlfcn.h
configure:2442: gcc -E  conftest.c >/dev/null 2>conftest.out
configure:2512: checking for matherr
configure:2540: gcc -o conftest -O2 -DUSE_F2C   conftest.c -L/usr/local/lib  -lm -lc 1>&5
configure:2512: checking for getenv
configure:2540: gcc -o conftest -O2 -DUSE_F2C   conftest.c -L/usr/local/lib  -lm -lc 1>&5
configure:2512: checking for putenv
configure:2540: gcc -o conftest -O2 -DUSE_F2C   conftest.c -L/usr/local/lib  -lm -lc 1>&5
configure:2567: checking for working alloca.h
configure:2579: gcc -o conftest -O2 -DUSE_F2C   conftest.c -L/usr/local/lib  -lm -lc 1>&5
configure:2600: checking for alloca
configure:2633: gcc -o conftest -O2 -DUSE_F2C   conftest.c -L/usr/local/lib  -lm -lc 1>&5
configure:2800: checking for elf.h
configure:2810: gcc -E  conftest.c >/dev/null 2>conftest.out
configure:3043: checking for times
configure:3071: gcc -o conftest -O2 -DUSE_F2C   conftest.c -L/usr/local/lib  -lm -lc 1>&5
configure:3098: checking for clock
configure:3126: gcc -o conftest -O2 -DUSE_F2C   conftest.c -L/usr/local/lib  -lm -lc 1>&5
configure:3153: checking for sysconf
configure:3181: gcc -o conftest -O2 -DUSE_F2C   conftest.c -L/usr/local/lib  -lm -lc 1>&5
configure:3209: checking for sys/types.h
configure:3219: gcc -E  conftest.c >/dev/null 2>conftest.out
configure:3249: checking for sys/times.h
configure:3259: gcc -E  conftest.c >/dev/null 2>conftest.out
configure:3289: checking for sys/time.h
configure:3299: gcc -E  conftest.c >/dev/null 2>conftest.out
configure:3366: checking for dlopen
configure:3394: gcc -o conftest -O2 -DUSE_F2C   conftest.c -ldl  -L/usr/local/lib  -lm -lc 1>&5
configure:3418: checking for dlsym
configure:3446: gcc -o conftest -O2 -DUSE_F2C   conftest.c -ldl  -L/usr/local/lib  -lm -lc 1>&5
configure:3470: checking for dlclose
configure:3498: gcc -o conftest -O2 -DUSE_F2C   conftest.c -ldl  -L/usr/local/lib  -lm -lc 1>&5
configure:3666: checking for tgetnum in -lncurses
configure:3685: gcc -o conftest -O2 -DUSE_F2C   conftest.c -lncurses  -ldl  -L/usr/local/lib  -lm -lc 1>&5
configure:3708: checking for -lreadline
configure:3718: gcc -o conftest -O2 -DUSE_F2C   conftest.c -lreadline -lncurses  -ldl  -L/usr/local/lib  -lm -lc 1>&5
configure:3739: checking for X
configure:3806: gcc -E  conftest.c >/dev/null 2>conftest.out
configure:3882: gcc -o conftest -O2 -DUSE_F2C   conftest.c -lXt -ldl  -L/usr/local/lib  -lm -lc 1>&5
configure: In function 'main':
configure:3878:1: warning: implicit declaration of function 'XtMalloc' [-Wimplicit-function-declaration]
 int main() {
 ^~~~~~~~
configure:3708: checking for -lplplotd
configure gcc -o conftest -O2 -DUSE_F2C   conftest.c -lplplotd -lplplotcxxd -lreadline -lncurses  -ldl  -L/usr/local/lib  -lm -lc 1>&5
configure: checking for -lblas
configure:3718: gcc -o conftest -O2 -DUSE_F2C   conftest.c -lblas -lreadline -lncurses  -ldl  -L/usr/local/lib  -lm -lc 1>&5
configure: checking for -llapack
configure:3718: gcc -o conftest -O2 -DUSE_F2C   conftest.c -llapack -lreadline -lncurses  -ldl  -L/usr/local/lib  -lm -lc -lblas 1>&5
configure: checking for -lgsl
configure:3718: gcc -o conftest -O2 -DUSE_F2C   conftest.c -lgsl -lgslcblas -lreadline -lncurses  -ldl  -L/usr/local/lib  -lm -lc -lblas -llapack 1>&5
configure: checking for hdf5
configure:4246: gcc -o conftest -O2 -DUSE_F2C   conftest.c -ldl  -L/usr/local/lib  -lm -lc -lblas -llapack -lgsl -lgslcblas 1>&5
configure: checking for -lcurl
configure:3718: gcc -o conftest -O2 -DUSE_F2C   conftest.c -lcurl -lreadline -lncurses  -ldl  -L/usr/local/lib  -lm -lc -lblas -llapack -lgsl -lgslcblas 1>&5
configure:4282: gcc -o conftest -O2 -DUSE_F2C   conftest.c -ldl  -L/usr/local/lib  -lm -lc -lblas -llapack -lgsl -lgslcblas -lcurl 1>&5
configure:4301: gcc -o conftest -O2 -DUSE_F2C   conftest.c -ldl  -L/usr/local/lib  -lm -lc -lblas -llapack -lgsl -lgslcblas -lcurl 1>&5
configure:4320: gcc -o conftest -O2 -DUSE_F2C   conftest.c -ldl  -L/usr/local/lib  -lm -lc -lblas -llapack -lgsl -lgslcblas -lcurl 1>&5
