This file contains any messages produced by compilers while
running configure, to aid debugging if configure makes a mistake.

It was created by librpip configure version-0.1.0, which was
generated by GNU Autoconf 2.69.  Invocation command line was

  $ ./configure 

## --------- ##
## Platform. ##
## --------- ##

hostname = raspberrypi
uname -m = armv7l
uname -r = 4.9.41-v7+
uname -s = Linux
uname -v = #1023 SMP Tue Aug 8 16:00:15 BST 2017

/usr/bin/uname -p = unknown
/bin/uname -X     = unknown

/bin/arch              = unknown
/usr/bin/arch -k       = unknown
/usr/convex/getsysinfo = unknown
/usr/bin/hostinfo      = unknown
/bin/machine           = unknown
/usr/bin/oslevel       = unknown
/bin/universe          = unknown

PATH: /home/pi/bin
PATH: /usr/local/sbin
PATH: /usr/local/bin
PATH: /usr/sbin
PATH: /usr/bin
PATH: /sbin
PATH: /bin
PATH: /usr/local/games
PATH: /usr/games


## ----------- ##
## Core tests. ##
## ----------- ##

configure:2069: checking for gcc
configure:2085: found /usr/bin/gcc
configure:2096: result: gcc
configure:2325: checking for C compiler version
configure:2334: gcc --version >&5
gcc (Raspbian 6.3.0-18+rpi1) 6.3.0 20170516
Copyright (C) 2016 Free Software Foundation, Inc.
This is free software; see the source for copying conditions.  There is NO
warranty; not even for MERCHANTABILITY or FITNESS FOR A PARTICULAR PURPOSE.

configure:2345: $? = 0
configure:2334: gcc -v >&5
Using built-in specs.
COLLECT_GCC=gcc
COLLECT_LTO_WRAPPER=/usr/lib/gcc/arm-linux-gnueabihf/6/lto-wrapper
Target: arm-linux-gnueabihf
Configured with: ../src/configure -v --with-pkgversion='Raspbian 6.3.0-18+rpi1' --with-bugurl=file:///usr/share/doc/gcc-6/README.Bugs --enable-languages=c,ada,c++,java,go,d,fortran,objc,obj-c++ --prefix=/usr --program-suffix=-6 --program-prefix=arm-linux-gnueabihf- --enable-shared --enable-linker-build-id --libexecdir=/usr/lib --without-included-gettext --enable-threads=posix --libdir=/usr/lib --enable-nls --with-sysroot=/ --enable-clocale=gnu --enable-libstdcxx-debug --enable-libstdcxx-time=yes --with-default-libstdcxx-abi=new --enable-gnu-unique-object --disable-libitm --disable-libquadmath --enable-plugin --with-system-zlib --disable-browser-plugin --enable-java-awt=gtk --enable-gtk-cairo --with-java-home=/usr/lib/jvm/java-1.5.0-gcj-6-armhf/jre --enable-java-home --with-jvm-root-dir=/usr/lib/jvm/java-1.5.0-gcj-6-armhf --with-jvm-jar-dir=/usr/lib/jvm-exports/java-1.5.0-gcj-6-armhf --with-arch-directory=arm --with-ecj-jar=/usr/share/java/eclipse-ecj.jar --with-target-system-zlib --enable-objc-gc=auto --enable-multiarch --disable-sjlj-exceptions --with-arch=armv6 --with-fpu=vfp --with-float=hard --enable-checking=release --build=arm-linux-gnueabihf --host=arm-linux-gnueabihf --target=arm-linux-gnueabihf
Thread model: posix
gcc version 6.3.0 20170516 (Raspbian 6.3.0-18+rpi1) 
configure:2345: $? = 0
configure:2334: gcc -V >&5
gcc: error: unrecognized command line option '-V'
gcc: fatal error: no input files
compilation terminated.
configure:2345: $? = 1
configure:2334: gcc -qversion >&5
gcc: error: unrecognized command line option '-qversion'; did you mean '--version'?
gcc: fatal error: no input files
compilation terminated.
configure:2345: $? = 1
configure:2365: checking whether the C compiler works
configure:2387: gcc    conftest.c  >&5
configure:2391: $? = 0
configure:2439: result: yes
configure:2442: checking for C compiler default output file name
configure:2444: result: a.out
configure:2450: checking for suffix of executables
configure:2457: gcc -o conftest    conftest.c  >&5
configure:2461: $? = 0
configure:2483: result: 
configure:2505: checking whether we are cross compiling
configure:2513: gcc -o conftest    conftest.c  >&5
configure:2517: $? = 0
configure:2524: ./conftest
configure:2528: $? = 0
configure:2543: result: no
configure:2548: checking for suffix of object files
configure:2570: gcc -c   conftest.c >&5
configure:2574: $? = 0
configure:2595: result: o
configure:2599: checking whether we are using the GNU C compiler
configure:2618: gcc -c   conftest.c >&5
configure:2618: $? = 0
configure:2627: result: yes
configure:2636: checking whether gcc accepts -g
configure:2656: gcc -c -g  conftest.c >&5
configure:2656: $? = 0
configure:2697: result: yes
configure:2714: checking for gcc option to accept ISO C89
configure:2777: gcc  -c -g -O2  conftest.c >&5
configure:2777: $? = 0
configure:2790: result: none needed
configure:2816: checking how to run the C preprocessor
configure:2847: gcc -E  conftest.c
configure:2847: $? = 0
configure:2861: gcc -E  conftest.c
conftest.c:9:28: fatal error: ac_nonexistent.h: No such file or directory
 #include <ac_nonexistent.h>
                            ^
compilation terminated.
configure:2861: $? = 1
configure: failed program was:
| /* confdefs.h */
| #define PACKAGE_NAME "librpip"
| #define PACKAGE_TARNAME "librpip"
| #define PACKAGE_VERSION "version-0.1.0"
| #define PACKAGE_STRING "librpip version-0.1.0"
| #define PACKAGE_BUGREPORT ""
| #define PACKAGE_URL ""
| /* end confdefs.h.  */
| #include <ac_nonexistent.h>
configure:2886: result: gcc -E
configure:2906: gcc -E  conftest.c
configure:2906: $? = 0
configure:2920: gcc -E  conftest.c
conftest.c:9:28: fatal error: ac_nonexistent.h: No such file or directory
 #include <ac_nonexistent.h>
                            ^
compilation terminated.
configure:2920: $? = 1
configure: failed program was:
| /* confdefs.h */
| #define PACKAGE_NAME "librpip"
| #define PACKAGE_TARNAME "librpip"
| #define PACKAGE_VERSION "version-0.1.0"
| #define PACKAGE_STRING "librpip version-0.1.0"
| #define PACKAGE_BUGREPORT ""
| #define PACKAGE_URL ""
| /* end confdefs.h.  */
| #include <ac_nonexistent.h>
configure:2949: checking for grep that handles long lines and -e
configure:3007: result: /bin/grep
configure:3012: checking for egrep
configure:3074: result: /bin/grep -E
configure:3079: checking for ANSI C header files
configure:3099: gcc -c -g -O2  conftest.c >&5
configure:3099: $? = 0
configure:3172: gcc -o conftest -g -O2   conftest.c  >&5
configure:3172: $? = 0
configure:3172: ./conftest
configure:3172: $? = 0
configure:3183: result: yes
configure:3196: checking for sys/types.h
configure:3196: gcc -c -g -O2  conftest.c >&5
configure:3196: $? = 0
configure:3196: result: yes
configure:3196: checking for sys/stat.h
configure:3196: gcc -c -g -O2  conftest.c >&5
configure:3196: $? = 0
configure:3196: result: yes
configure:3196: checking for stdlib.h
configure:3196: gcc -c -g -O2  conftest.c >&5
configure:3196: $? = 0
configure:3196: result: yes
configure:3196: checking for string.h
configure:3196: gcc -c -g -O2  conftest.c >&5
configure:3196: $? = 0
configure:3196: result: yes
configure:3196: checking for memory.h
configure:3196: gcc -c -g -O2  conftest.c >&5
configure:3196: $? = 0
configure:3196: result: yes
configure:3196: checking for strings.h
configure:3196: gcc -c -g -O2  conftest.c >&5
configure:3196: $? = 0
configure:3196: result: yes
configure:3196: checking for inttypes.h
configure:3196: gcc -c -g -O2  conftest.c >&5
configure:3196: $? = 0
configure:3196: result: yes
configure:3196: checking for stdint.h
configure:3196: gcc -c -g -O2  conftest.c >&5
configure:3196: $? = 0
configure:3196: result: yes
configure:3196: checking for unistd.h
configure:3196: gcc -c -g -O2  conftest.c >&5
configure:3196: $? = 0
configure:3196: result: yes
configure:3208: checking errno.h usability
configure:3208: gcc -c -g -O2  conftest.c >&5
configure:3208: $? = 0
configure:3208: result: yes
configure:3208: checking errno.h presence
configure:3208: gcc -E  conftest.c
configure:3208: $? = 0
configure:3208: result: yes
configure:3208: checking for errno.h
configure:3208: result: yes
configure:3214: checking fcntl.h usability
configure:3214: gcc -c -g -O2  conftest.c >&5
configure:3214: $? = 0
configure:3214: result: yes
configure:3214: checking fcntl.h presence
configure:3214: gcc -E  conftest.c
configure:3214: $? = 0
configure:3214: result: yes
configure:3214: checking for fcntl.h
configure:3214: result: yes
configure:3220: checking for stdint.h
configure:3220: result: yes
configure:3226: checking stdio.h usability
configure:3226: gcc -c -g -O2  conftest.c >&5
configure:3226: $? = 0
configure:3226: result: yes
configure:3226: checking stdio.h presence
configure:3226: gcc -E  conftest.c
configure:3226: $? = 0
configure:3226: result: yes
configure:3226: checking for stdio.h
configure:3226: result: yes
configure:3232: checking for stdlib.h
configure:3232: result: yes
configure:3238: checking for string.h
configure:3238: result: yes
configure:3244: checking termios.h usability
configure:3244: gcc -c -g -O2  conftest.c >&5
configure:3244: $? = 0
configure:3244: result: yes
configure:3244: checking termios.h presence
configure:3244: gcc -E  conftest.c
configure:3244: $? = 0
configure:3244: result: yes
configure:3244: checking for termios.h
configure:3244: result: yes
configure:3250: checking for unistd.h
configure:3250: result: yes
configure:3256: checking linux/i2c.h usability
configure:3256: gcc -c -g -O2  conftest.c >&5
configure:3256: $? = 0
configure:3256: result: yes
configure:3256: checking linux/i2c.h presence
configure:3256: gcc -E  conftest.c
configure:3256: $? = 0
configure:3256: result: yes
configure:3256: checking for linux/i2c.h
configure:3256: result: yes
configure:3262: checking linux/i2c-dev.h usability
configure:3262: gcc -c -g -O2  conftest.c >&5
configure:3262: $? = 0
configure:3262: result: yes
configure:3262: checking linux/i2c-dev.h presence
configure:3262: gcc -E  conftest.c
configure:3262: $? = 0
configure:3262: result: yes
configure:3262: checking for linux/i2c-dev.h
configure:3262: result: yes
configure:3268: checking linux/spi/spidev.h usability
configure:3268: gcc -c -g -O2  conftest.c >&5
configure:3268: $? = 0
configure:3268: result: yes
configure:3268: checking linux/spi/spidev.h presence
configure:3268: gcc -E  conftest.c
configure:3268: $? = 0
configure:3268: result: yes
configure:3268: checking for linux/spi/spidev.h
configure:3268: result: yes
configure:3274: checking sys/ioctl.h usability
configure:3274: gcc -c -g -O2  conftest.c >&5
configure:3274: $? = 0
configure:3274: result: yes
configure:3274: checking sys/ioctl.h presence
configure:3274: gcc -E  conftest.c
configure:3274: $? = 0
configure:3274: result: yes
configure:3274: checking for sys/ioctl.h
configure:3274: result: yes
configure:3280: checking sys/mman.h usability
configure:3280: gcc -c -g -O2  conftest.c >&5
configure:3280: $? = 0
configure:3280: result: yes
configure:3280: checking sys/mman.h presence
configure:3280: gcc -E  conftest.c
configure:3280: $? = 0
configure:3280: result: yes
configure:3280: checking for sys/mman.h
configure:3280: result: yes
configure:3286: checking for sys/stat.h
configure:3286: result: yes
configure:3292: checking for sys/types.h
configure:3292: result: yes
configure:3298: checking for struct spi_ioc_transfer.tx_nbits
configure:3298: gcc -c -g -O2  conftest.c >&5
configure:3298: $? = 0
configure:3298: result: yes

## ---------------- ##
## Cache variables. ##
## ---------------- ##

ac_cv_c_compiler_gnu=yes
ac_cv_env_CC_set=
ac_cv_env_CC_value=
ac_cv_env_CFLAGS_set=
ac_cv_env_CFLAGS_value=
ac_cv_env_CPPFLAGS_set=
ac_cv_env_CPPFLAGS_value=
ac_cv_env_CPP_set=
ac_cv_env_CPP_value=
ac_cv_env_LDFLAGS_set=
ac_cv_env_LDFLAGS_value=
ac_cv_env_LIBS_set=
ac_cv_env_LIBS_value=
ac_cv_env_build_alias_set=
ac_cv_env_build_alias_value=
ac_cv_env_host_alias_set=
ac_cv_env_host_alias_value=
ac_cv_env_target_alias_set=
ac_cv_env_target_alias_value=
ac_cv_header_errno_h=yes
ac_cv_header_fcntl_h=yes
ac_cv_header_inttypes_h=yes
ac_cv_header_linux_i2c_dev_h=yes
ac_cv_header_linux_i2c_h=yes
ac_cv_header_linux_spi_spidev_h=yes
ac_cv_header_memory_h=yes
ac_cv_header_stdc=yes
ac_cv_header_stdint_h=yes
ac_cv_header_stdio_h=yes
ac_cv_header_stdlib_h=yes
ac_cv_header_string_h=yes
ac_cv_header_strings_h=yes
ac_cv_header_sys_ioctl_h=yes
ac_cv_header_sys_mman_h=yes
ac_cv_header_sys_stat_h=yes
ac_cv_header_sys_types_h=yes
ac_cv_header_termios_h=yes
ac_cv_header_unistd_h=yes
ac_cv_member_struct_spi_ioc_transfer_tx_nbits=yes
ac_cv_objext=o
ac_cv_path_EGREP='/bin/grep -E'
ac_cv_path_GREP=/bin/grep
ac_cv_prog_CPP='gcc -E'
ac_cv_prog_ac_ct_CC=gcc
ac_cv_prog_cc_c89=
ac_cv_prog_cc_g=yes

## ----------------- ##
## Output variables. ##
## ----------------- ##

CC='gcc'
CFLAGS='-g -O2'
CPP='gcc -E'
CPPFLAGS=''
DEFS=''
ECHO_C=''
ECHO_N='-n'
ECHO_T=''
EGREP='/bin/grep -E'
EXEEXT=''
GREP='/bin/grep'
LDFLAGS=''
LIBS=''
OBJEXT='o'
PACKAGE_BUGREPORT=''
PACKAGE_NAME='librpip'
PACKAGE_STRING='librpip version-0.1.0'
PACKAGE_TARNAME='librpip'
PACKAGE_URL=''
PACKAGE_VERSION='version-0.1.0'
PATH_SEPARATOR=':'
SHELL='/bin/bash'
ac_ct_CC='gcc'
bindir='${exec_prefix}/bin'
build_alias=''
datadir='${datarootdir}'
datarootdir='${prefix}/share'
docdir='${datarootdir}/doc/${PACKAGE_TARNAME}'
dvidir='${docdir}'
exec_prefix='NONE'
host_alias=''
htmldir='${docdir}'
includedir='${prefix}/include'
infodir='${datarootdir}/info'
libdir='${exec_prefix}/lib'
libexecdir='${exec_prefix}/libexec'
localedir='${datarootdir}/locale'
localstatedir='${prefix}/var'
mandir='${datarootdir}/man'
oldincludedir='/usr/include'
pdfdir='${docdir}'
prefix='NONE'
program_transform_name='s,x,x,'
psdir='${docdir}'
sbindir='${exec_prefix}/sbin'
sharedstatedir='${prefix}/com'
sysconfdir='${prefix}/etc'
target_alias=''

## ----------- ##
## confdefs.h. ##
## ----------- ##

/* confdefs.h */
#define PACKAGE_NAME "librpip"
#define PACKAGE_TARNAME "librpip"
#define PACKAGE_VERSION "version-0.1.0"
#define PACKAGE_STRING "librpip version-0.1.0"
#define PACKAGE_BUGREPORT ""
#define PACKAGE_URL ""
#define STDC_HEADERS 1
#define HAVE_SYS_TYPES_H 1
#define HAVE_SYS_STAT_H 1
#define HAVE_STDLIB_H 1
#define HAVE_STRING_H 1
#define HAVE_MEMORY_H 1
#define HAVE_STRINGS_H 1
#define HAVE_INTTYPES_H 1
#define HAVE_STDINT_H 1
#define HAVE_UNISTD_H 1
#define HAVE_STRUCT_SPI_IOC_TRANSFER_TX_NBITS 1
#define LIBRPIP_HAVE_SPI_STRUCT_NBITS 1

configure: exit 0
