[  3868.367] 
X.Org X Server 1.19.2
Release Date: 2017-03-02
[  3868.367] X Protocol Version 11, Revision 0
[  3868.367] Build Operating System: Linux 4.9.35-v7+ armv7l Raspbian
[  3868.367] Current Operating System: Linux raspberrypi 4.9.41-v7+ #1023 SMP Tue Aug 8 16:00:15 BST 2017 armv7l
[  3868.368] Kernel command line: 8250.nr_uarts=0 bcm2708_fb.fbwidth=656 bcm2708_fb.fbheight=416 bcm2708_fb.fbswap=1 vc_mem.mem_base=0x3ec00000 vc_mem.mem_size=0x40000000  dwc_otg.lpm_enable=0 console=ttyS0,115200 console=tty1 root=PARTUUID=4b96e192-02 rootfstype=ext4 elevator=deadline fsck.repair=yes rootwait quiet splash plymouth.ignore-serial-consoles
[  3868.368] Build Date: 20 July 2017  09:07:00AM
[  3868.368] xorg-server 2:1.19.2-1+deb9u1+rpi1 (https://www.debian.org/support) 
[  3868.368] Current version of pixman: 0.34.0
[  3868.368] 	Before reporting problems, check http://wiki.x.org
	to make sure that you have the latest version.
[  3868.368] Markers: (--) probed, (**) from config file, (==) default setting,
	(++) from command line, (!!) notice, (II) informational,
	(WW) warning, (EE) error, (NI) not implemented, (??) unknown.
[  3868.369] (==) Log file: "/home/pi/.local/share/xorg/Xorg.1.log", Time: Tue Sep 26 07:42:15 2017
[  3868.369] (==) Using system config directory "/usr/share/X11/xorg.conf.d"
[  3868.370] (==) No Layout section.  Using the first Screen section.
[  3868.370] (==) No screen section available. Using defaults.
[  3868.370] (**) |-->Screen "Default Screen Section" (0)
[  3868.370] (**) |   |-->Monitor "<default monitor>"
[  3868.371] (==) No device specified for screen "Default Screen Section".
	Using the first device section listed.
[  3868.372] (**) |   |-->Device "Allwinner A10/A13 FBDEV"
[  3868.372] (==) No monitor specified for screen "Default Screen Section".
	Using a default monitor configuration.
[  3868.372] (==) Automatically adding devices
[  3868.372] (==) Automatically enabling devices
[  3868.372] (==) Automatically adding GPU devices
[  3868.372] (==) Max clients allowed: 256, resource mask: 0x1fffff
[  3868.372] (WW) The directory "/usr/share/fonts/X11/misc" does not exist.
[  3868.372] 	Entry deleted from font path.
[  3868.372] (WW) The directory "/usr/share/fonts/X11/cyrillic" does not exist.
[  3868.372] 	Entry deleted from font path.
[  3868.372] (WW) The directory "/usr/share/fonts/X11/75dpi/" does not exist.
[  3868.372] 	Entry deleted from font path.
[  3868.372] (WW) The directory "/usr/share/fonts/X11/75dpi" does not exist.
[  3868.372] 	Entry deleted from font path.
[  3868.372] (==) FontPath set to:
	/usr/share/fonts/X11/100dpi/:unscaled,
	/usr/share/fonts/X11/Type1,
	/usr/share/fonts/X11/100dpi,
	built-ins
[  3868.373] (==) ModulePath set to "/usr/lib/xorg/modules"
[  3868.373] (II) The server relies on udev to provide the list of input devices.
	If no devices become available, reconfigure udev or disable AutoAddDevices.
[  3868.373] (II) Loader magic: 0x1fbf40
[  3868.373] (II) Module ABI versions:
[  3868.373] 	X.Org ANSI C Emulation: 0.4
[  3868.373] 	X.Org Video Driver: 23.0
[  3868.373] 	X.Org XInput driver : 24.1
[  3868.373] 	X.Org Server Extension : 10.0
[  3868.385] (II) systemd-logind: took control of session /org/freedesktop/login1/session/c3
[  3868.386] (II) no primary bus or device found
[  3868.386] (II) LoadModule: "glx"
[  3868.386] (II) Loading /usr/lib/xorg/modules/extensions/libglx.so
[  3868.395] (II) Module glx: vendor="X.Org Foundation"
[  3868.395] 	compiled for 1.19.2, module version = 1.0.0
[  3868.395] 	ABI class: X.Org Server Extension, version 10.0
[  3868.395] (II) LoadModule: "fbturbo"
[  3868.395] (II) Loading /usr/lib/xorg/modules/drivers/fbturbo_drv.so
[  3868.396] (II) Module fbturbo: vendor="X.Org Foundation"
[  3868.396] 	compiled for 1.19.2, module version = 0.5.1
[  3868.396] 	Module class: X.Org Video Driver
[  3868.396] 	ABI class: X.Org Video Driver, version 23.0
[  3868.396] (II) FBTURBO: driver for framebuffer: fbturbo
[  3868.397] (EE) 
Fatal server error:
[  3868.398] (EE) parse_vt_settings: Cannot open /dev/tty0 (Permission denied)
[  3868.399] (EE) 
[  3868.400] (EE) 
Please consult the The X.Org Foundation support 
	 at http://wiki.x.org
 for help. 
[  3868.402] (EE) Please also check the log file at "/home/pi/.local/share/xorg/Xorg.1.log" for additional information.
[  3868.403] (EE) 
[  3868.405] (WW) xf86CloseConsole: KDSETMODE failed: Bad file descriptor
[  3868.405] (WW) xf86CloseConsole: VT_GETMODE failed: Bad file descriptor
[  3868.408] (EE) Server terminated with error (1). Closing log file.
