The system is: Linux - 4.9.59-v7+ - armv7l
Compiling the C compiler identification source file "CMakeCCompilerId.c" succeeded.
Compiler: /usr/bin/cc 
Build flags: 
Id flags: 

The output was:
0


Compilation of the C compiler identification source "CMakeCCompilerId.c" produced "a.out"

The C compiler identification is GNU, found in "/home/pi/download/plplot/build/CMakeFiles/3.7.2/CompilerIdC/a.out"

Determining if the C compiler works passed with the following output:
Change Dir: /home/pi/download/plplot/build/CMakeFiles/CMakeTmp

Run Build Command:"/usr/bin/make" "cmTC_cbedc/fast"
/usr/bin/make -f CMakeFiles/cmTC_cbedc.dir/build.make CMakeFiles/cmTC_cbedc.dir/build
make[1]: Entering directory '/home/pi/download/plplot/build/CMakeFiles/CMakeTmp'
Building C object CMakeFiles/cmTC_cbedc.dir/testCCompiler.c.o
/usr/bin/cc     -o CMakeFiles/cmTC_cbedc.dir/testCCompiler.c.o   -c /home/pi/download/plplot/build/CMakeFiles/CMakeTmp/testCCompiler.c
Linking C executable cmTC_cbedc
/usr/bin/cmake -E cmake_link_script CMakeFiles/cmTC_cbedc.dir/link.txt --verbose=1
/usr/bin/cc       CMakeFiles/cmTC_cbedc.dir/testCCompiler.c.o  -o cmTC_cbedc 
make[1]: Leaving directory '/home/pi/download/plplot/build/CMakeFiles/CMakeTmp'


Detecting C compiler ABI info compiled with the following output:
Change Dir: /home/pi/download/plplot/build/CMakeFiles/CMakeTmp

Run Build Command:"/usr/bin/make" "cmTC_40f86/fast"
/usr/bin/make -f CMakeFiles/cmTC_40f86.dir/build.make CMakeFiles/cmTC_40f86.dir/build
make[1]: Entering directory '/home/pi/download/plplot/build/CMakeFiles/CMakeTmp'
Building C object CMakeFiles/cmTC_40f86.dir/CMakeCCompilerABI.c.o
/usr/bin/cc     -o CMakeFiles/cmTC_40f86.dir/CMakeCCompilerABI.c.o   -c /usr/share/cmake-3.7/Modules/CMakeCCompilerABI.c
Linking C executable cmTC_40f86
/usr/bin/cmake -E cmake_link_script CMakeFiles/cmTC_40f86.dir/link.txt --verbose=1
/usr/bin/cc      -v CMakeFiles/cmTC_40f86.dir/CMakeCCompilerABI.c.o  -o cmTC_40f86  
Using built-in specs.
COLLECT_GCC=/usr/bin/cc
COLLECT_LTO_WRAPPER=/usr/lib/gcc/arm-linux-gnueabihf/6/lto-wrapper
Target: arm-linux-gnueabihf
Configured with: ../src/configure -v --with-pkgversion='Raspbian 6.3.0-18+rpi1' --with-bugurl=file:///usr/share/doc/gcc-6/README.Bugs --enable-languages=c,ada,c++,java,go,d,fortran,objc,obj-c++ --prefix=/usr --program-suffix=-6 --program-prefix=arm-linux-gnueabihf- --enable-shared --enable-linker-build-id --libexecdir=/usr/lib --without-included-gettext --enable-threads=posix --libdir=/usr/lib --enable-nls --with-sysroot=/ --enable-clocale=gnu --enable-libstdcxx-debug --enable-libstdcxx-time=yes --with-default-libstdcxx-abi=new --enable-gnu-unique-object --disable-libitm --disable-libquadmath --enable-plugin --with-system-zlib --disable-browser-plugin --enable-java-awt=gtk --enable-gtk-cairo --with-java-home=/usr/lib/jvm/java-1.5.0-gcj-6-armhf/jre --enable-java-home --with-jvm-root-dir=/usr/lib/jvm/java-1.5.0-gcj-6-armhf --with-jvm-jar-dir=/usr/lib/jvm-exports/java-1.5.0-gcj-6-armhf --with-arch-directory=arm --with-ecj-jar=/usr/share/java/eclipse-ecj.jar --with-target-system-zlib --enable-objc-gc=auto --enable-multiarch --disable-sjlj-exceptions --with-arch=armv6 --with-fpu=vfp --with-float=hard --enable-checking=release --build=arm-linux-gnueabihf --host=arm-linux-gnueabihf --target=arm-linux-gnueabihf
Thread model: posix
gcc version 6.3.0 20170516 (Raspbian 6.3.0-18+rpi1) 
COMPILER_PATH=/usr/lib/gcc/arm-linux-gnueabihf/6/:/usr/lib/gcc/arm-linux-gnueabihf/6/:/usr/lib/gcc/arm-linux-gnueabihf/:/usr/lib/gcc/arm-linux-gnueabihf/6/:/usr/lib/gcc/arm-linux-gnueabihf/
LIBRARY_PATH=/usr/lib/gcc/arm-linux-gnueabihf/6/:/usr/lib/gcc/arm-linux-gnueabihf/6/../../../arm-linux-gnueabihf/:/usr/lib/gcc/arm-linux-gnueabihf/6/../../../:/lib/arm-linux-gnueabihf/:/lib/:/usr/lib/arm-linux-gnueabihf/:/usr/lib/
COLLECT_GCC_OPTIONS='-v' '-o' 'cmTC_40f86' '-march=armv6' '-mfloat-abi=hard' '-mfpu=vfp' '-mtls-dialect=gnu'
 /usr/lib/gcc/arm-linux-gnueabihf/6/collect2 -plugin /usr/lib/gcc/arm-linux-gnueabihf/6/liblto_plugin.so -plugin-opt=/usr/lib/gcc/arm-linux-gnueabihf/6/lto-wrapper -plugin-opt=-fresolution=/tmp/cce0lCyi.res -plugin-opt=-pass-through=-lgcc -plugin-opt=-pass-through=-lgcc_s -plugin-opt=-pass-through=-lc -plugin-opt=-pass-through=-lgcc -plugin-opt=-pass-through=-lgcc_s --sysroot=/ --build-id --eh-frame-hdr -dynamic-linker /lib/ld-linux-armhf.so.3 -X --hash-style=gnu -m armelf_linux_eabi -o cmTC_40f86 /usr/lib/gcc/arm-linux-gnueabihf/6/../../../arm-linux-gnueabihf/crt1.o /usr/lib/gcc/arm-linux-gnueabihf/6/../../../arm-linux-gnueabihf/crti.o /usr/lib/gcc/arm-linux-gnueabihf/6/crtbegin.o -L/usr/lib/gcc/arm-linux-gnueabihf/6 -L/usr/lib/gcc/arm-linux-gnueabihf/6/../../../arm-linux-gnueabihf -L/usr/lib/gcc/arm-linux-gnueabihf/6/../../.. -L/lib/arm-linux-gnueabihf -L/usr/lib/arm-linux-gnueabihf CMakeFiles/cmTC_40f86.dir/CMakeCCompilerABI.c.o -lgcc --as-needed -lgcc_s --no-as-needed -lc -lgcc --as-needed -lgcc_s --no-as-needed /usr/lib/gcc/arm-linux-gnueabihf/6/crtend.o /usr/lib/gcc/arm-linux-gnueabihf/6/../../../arm-linux-gnueabihf/crtn.o
COLLECT_GCC_OPTIONS='-v' '-o' 'cmTC_40f86' '-march=armv6' '-mfloat-abi=hard' '-mfpu=vfp' '-mtls-dialect=gnu'
make[1]: Leaving directory '/home/pi/download/plplot/build/CMakeFiles/CMakeTmp'


Parsed C implicit link information from above output:
  link line regex: [^( *|.*[/\])(ld|([^/\]+-)?ld|collect2)[^/\]*( |$)]
  ignore line: [Change Dir: /home/pi/download/plplot/build/CMakeFiles/CMakeTmp]
  ignore line: []
  ignore line: [Run Build Command:"/usr/bin/make" "cmTC_40f86/fast"]
  ignore line: [/usr/bin/make -f CMakeFiles/cmTC_40f86.dir/build.make CMakeFiles/cmTC_40f86.dir/build]
  ignore line: [make[1]: Entering directory '/home/pi/download/plplot/build/CMakeFiles/CMakeTmp']
  ignore line: [Building C object CMakeFiles/cmTC_40f86.dir/CMakeCCompilerABI.c.o]
  ignore line: [/usr/bin/cc     -o CMakeFiles/cmTC_40f86.dir/CMakeCCompilerABI.c.o   -c /usr/share/cmake-3.7/Modules/CMakeCCompilerABI.c]
  ignore line: [Linking C executable cmTC_40f86]
  ignore line: [/usr/bin/cmake -E cmake_link_script CMakeFiles/cmTC_40f86.dir/link.txt --verbose=1]
  ignore line: [/usr/bin/cc      -v CMakeFiles/cmTC_40f86.dir/CMakeCCompilerABI.c.o  -o cmTC_40f86  ]
  ignore line: [Using built-in specs.]
  ignore line: [COLLECT_GCC=/usr/bin/cc]
  ignore line: [COLLECT_LTO_WRAPPER=/usr/lib/gcc/arm-linux-gnueabihf/6/lto-wrapper]
  ignore line: [Target: arm-linux-gnueabihf]
  ignore line: [Configured with: ../src/configure -v --with-pkgversion='Raspbian 6.3.0-18+rpi1' --with-bugurl=file:///usr/share/doc/gcc-6/README.Bugs --enable-languages=c,ada,c++,java,go,d,fortran,objc,obj-c++ --prefix=/usr --program-suffix=-6 --program-prefix=arm-linux-gnueabihf- --enable-shared --enable-linker-build-id --libexecdir=/usr/lib --without-included-gettext --enable-threads=posix --libdir=/usr/lib --enable-nls --with-sysroot=/ --enable-clocale=gnu --enable-libstdcxx-debug --enable-libstdcxx-time=yes --with-default-libstdcxx-abi=new --enable-gnu-unique-object --disable-libitm --disable-libquadmath --enable-plugin --with-system-zlib --disable-browser-plugin --enable-java-awt=gtk --enable-gtk-cairo --with-java-home=/usr/lib/jvm/java-1.5.0-gcj-6-armhf/jre --enable-java-home --with-jvm-root-dir=/usr/lib/jvm/java-1.5.0-gcj-6-armhf --with-jvm-jar-dir=/usr/lib/jvm-exports/java-1.5.0-gcj-6-armhf --with-arch-directory=arm --with-ecj-jar=/usr/share/java/eclipse-ecj.jar --with-target-system-zlib --enable-objc-gc=auto --enable-multiarch --disable-sjlj-exceptions --with-arch=armv6 --with-fpu=vfp --with-float=hard --enable-checking=release --build=arm-linux-gnueabihf --host=arm-linux-gnueabihf --target=arm-linux-gnueabihf]
  ignore line: [Thread model: posix]
  ignore line: [gcc version 6.3.0 20170516 (Raspbian 6.3.0-18+rpi1) ]
  ignore line: [COMPILER_PATH=/usr/lib/gcc/arm-linux-gnueabihf/6/:/usr/lib/gcc/arm-linux-gnueabihf/6/:/usr/lib/gcc/arm-linux-gnueabihf/:/usr/lib/gcc/arm-linux-gnueabihf/6/:/usr/lib/gcc/arm-linux-gnueabihf/]
  ignore line: [LIBRARY_PATH=/usr/lib/gcc/arm-linux-gnueabihf/6/:/usr/lib/gcc/arm-linux-gnueabihf/6/../../../arm-linux-gnueabihf/:/usr/lib/gcc/arm-linux-gnueabihf/6/../../../:/lib/arm-linux-gnueabihf/:/lib/:/usr/lib/arm-linux-gnueabihf/:/usr/lib/]
  ignore line: [COLLECT_GCC_OPTIONS='-v' '-o' 'cmTC_40f86' '-march=armv6' '-mfloat-abi=hard' '-mfpu=vfp' '-mtls-dialect=gnu']
  link line: [ /usr/lib/gcc/arm-linux-gnueabihf/6/collect2 -plugin /usr/lib/gcc/arm-linux-gnueabihf/6/liblto_plugin.so -plugin-opt=/usr/lib/gcc/arm-linux-gnueabihf/6/lto-wrapper -plugin-opt=-fresolution=/tmp/cce0lCyi.res -plugin-opt=-pass-through=-lgcc -plugin-opt=-pass-through=-lgcc_s -plugin-opt=-pass-through=-lc -plugin-opt=-pass-through=-lgcc -plugin-opt=-pass-through=-lgcc_s --sysroot=/ --build-id --eh-frame-hdr -dynamic-linker /lib/ld-linux-armhf.so.3 -X --hash-style=gnu -m armelf_linux_eabi -o cmTC_40f86 /usr/lib/gcc/arm-linux-gnueabihf/6/../../../arm-linux-gnueabihf/crt1.o /usr/lib/gcc/arm-linux-gnueabihf/6/../../../arm-linux-gnueabihf/crti.o /usr/lib/gcc/arm-linux-gnueabihf/6/crtbegin.o -L/usr/lib/gcc/arm-linux-gnueabihf/6 -L/usr/lib/gcc/arm-linux-gnueabihf/6/../../../arm-linux-gnueabihf -L/usr/lib/gcc/arm-linux-gnueabihf/6/../../.. -L/lib/arm-linux-gnueabihf -L/usr/lib/arm-linux-gnueabihf CMakeFiles/cmTC_40f86.dir/CMakeCCompilerABI.c.o -lgcc --as-needed -lgcc_s --no-as-needed -lc -lgcc --as-needed -lgcc_s --no-as-needed /usr/lib/gcc/arm-linux-gnueabihf/6/crtend.o /usr/lib/gcc/arm-linux-gnueabihf/6/../../../arm-linux-gnueabihf/crtn.o]
    arg [/usr/lib/gcc/arm-linux-gnueabihf/6/collect2] ==> ignore
    arg [-plugin] ==> ignore
    arg [/usr/lib/gcc/arm-linux-gnueabihf/6/liblto_plugin.so] ==> ignore
    arg [-plugin-opt=/usr/lib/gcc/arm-linux-gnueabihf/6/lto-wrapper] ==> ignore
    arg [-plugin-opt=-fresolution=/tmp/cce0lCyi.res] ==> ignore
    arg [-plugin-opt=-pass-through=-lgcc] ==> ignore
    arg [-plugin-opt=-pass-through=-lgcc_s] ==> ignore
    arg [-plugin-opt=-pass-through=-lc] ==> ignore
    arg [-plugin-opt=-pass-through=-lgcc] ==> ignore
    arg [-plugin-opt=-pass-through=-lgcc_s] ==> ignore
    arg [--sysroot=/] ==> ignore
    arg [--build-id] ==> ignore
    arg [--eh-frame-hdr] ==> ignore
    arg [-dynamic-linker] ==> ignore
    arg [/lib/ld-linux-armhf.so.3] ==> ignore
    arg [-X] ==> ignore
    arg [--hash-style=gnu] ==> ignore
    arg [-m] ==> ignore
    arg [armelf_linux_eabi] ==> ignore
    arg [-o] ==> ignore
    arg [cmTC_40f86] ==> ignore
    arg [/usr/lib/gcc/arm-linux-gnueabihf/6/../../../arm-linux-gnueabihf/crt1.o] ==> ignore
    arg [/usr/lib/gcc/arm-linux-gnueabihf/6/../../../arm-linux-gnueabihf/crti.o] ==> ignore
    arg [/usr/lib/gcc/arm-linux-gnueabihf/6/crtbegin.o] ==> ignore
    arg [-L/usr/lib/gcc/arm-linux-gnueabihf/6] ==> dir [/usr/lib/gcc/arm-linux-gnueabihf/6]
    arg [-L/usr/lib/gcc/arm-linux-gnueabihf/6/../../../arm-linux-gnueabihf] ==> dir [/usr/lib/gcc/arm-linux-gnueabihf/6/../../../arm-linux-gnueabihf]
    arg [-L/usr/lib/gcc/arm-linux-gnueabihf/6/../../..] ==> dir [/usr/lib/gcc/arm-linux-gnueabihf/6/../../..]
    arg [-L/lib/arm-linux-gnueabihf] ==> dir [/lib/arm-linux-gnueabihf]
    arg [-L/usr/lib/arm-linux-gnueabihf] ==> dir [/usr/lib/arm-linux-gnueabihf]
    arg [CMakeFiles/cmTC_40f86.dir/CMakeCCompilerABI.c.o] ==> ignore
    arg [-lgcc] ==> lib [gcc]
    arg [--as-needed] ==> ignore
    arg [-lgcc_s] ==> lib [gcc_s]
    arg [--no-as-needed] ==> ignore
    arg [-lc] ==> lib [c]
    arg [-lgcc] ==> lib [gcc]
    arg [--as-needed] ==> ignore
    arg [-lgcc_s] ==> lib [gcc_s]
    arg [--no-as-needed] ==> ignore
    arg [/usr/lib/gcc/arm-linux-gnueabihf/6/crtend.o] ==> ignore
    arg [/usr/lib/gcc/arm-linux-gnueabihf/6/../../../arm-linux-gnueabihf/crtn.o] ==> ignore
  remove lib [gcc]
  remove lib [gcc_s]
  remove lib [gcc]
  remove lib [gcc_s]
  collapse library dir [/usr/lib/gcc/arm-linux-gnueabihf/6] ==> [/usr/lib/gcc/arm-linux-gnueabihf/6]
  collapse library dir [/usr/lib/gcc/arm-linux-gnueabihf/6/../../../arm-linux-gnueabihf] ==> [/usr/lib/arm-linux-gnueabihf]
  collapse library dir [/usr/lib/gcc/arm-linux-gnueabihf/6/../../..] ==> [/usr/lib]
  collapse library dir [/lib/arm-linux-gnueabihf] ==> [/lib/arm-linux-gnueabihf]
  collapse library dir [/usr/lib/arm-linux-gnueabihf] ==> [/usr/lib/arm-linux-gnueabihf]
  implicit libs: [c]
  implicit dirs: [/usr/lib/gcc/arm-linux-gnueabihf/6;/usr/lib/arm-linux-gnueabihf;/usr/lib;/lib/arm-linux-gnueabihf]
  implicit fwks: []




Detecting C [-std=c11] compiler features compiled with the following output:
Change Dir: /home/pi/download/plplot/build/CMakeFiles/CMakeTmp

Run Build Command:"/usr/bin/make" "cmTC_42f71/fast"
/usr/bin/make -f CMakeFiles/cmTC_42f71.dir/build.make CMakeFiles/cmTC_42f71.dir/build
make[1]: Entering directory '/home/pi/download/plplot/build/CMakeFiles/CMakeTmp'
Building C object CMakeFiles/cmTC_42f71.dir/feature_tests.c.o
/usr/bin/cc    -std=c11 -o CMakeFiles/cmTC_42f71.dir/feature_tests.c.o   -c /home/pi/download/plplot/build/CMakeFiles/feature_tests.c
Linking C executable cmTC_42f71
/usr/bin/cmake -E cmake_link_script CMakeFiles/cmTC_42f71.dir/link.txt --verbose=1
/usr/bin/cc       CMakeFiles/cmTC_42f71.dir/feature_tests.c.o  -o cmTC_42f71 
make[1]: Leaving directory '/home/pi/download/plplot/build/CMakeFiles/CMakeTmp'


    Feature record: C_FEATURE:1c_function_prototypes
    Feature record: C_FEATURE:1c_restrict
    Feature record: C_FEATURE:1c_static_assert
    Feature record: C_FEATURE:1c_variadic_macros


Detecting C [-std=c99] compiler features compiled with the following output:
Change Dir: /home/pi/download/plplot/build/CMakeFiles/CMakeTmp

Run Build Command:"/usr/bin/make" "cmTC_8dd21/fast"
/usr/bin/make -f CMakeFiles/cmTC_8dd21.dir/build.make CMakeFiles/cmTC_8dd21.dir/build
make[1]: Entering directory '/home/pi/download/plplot/build/CMakeFiles/CMakeTmp'
Building C object CMakeFiles/cmTC_8dd21.dir/feature_tests.c.o
/usr/bin/cc    -std=c99 -o CMakeFiles/cmTC_8dd21.dir/feature_tests.c.o   -c /home/pi/download/plplot/build/CMakeFiles/feature_tests.c
Linking C executable cmTC_8dd21
/usr/bin/cmake -E cmake_link_script CMakeFiles/cmTC_8dd21.dir/link.txt --verbose=1
/usr/bin/cc       CMakeFiles/cmTC_8dd21.dir/feature_tests.c.o  -o cmTC_8dd21 
make[1]: Leaving directory '/home/pi/download/plplot/build/CMakeFiles/CMakeTmp'


    Feature record: C_FEATURE:1c_function_prototypes
    Feature record: C_FEATURE:1c_restrict
    Feature record: C_FEATURE:0c_static_assert
    Feature record: C_FEATURE:1c_variadic_macros


Detecting C [-std=c90] compiler features compiled with the following output:
Change Dir: /home/pi/download/plplot/build/CMakeFiles/CMakeTmp

Run Build Command:"/usr/bin/make" "cmTC_2351f/fast"
/usr/bin/make -f CMakeFiles/cmTC_2351f.dir/build.make CMakeFiles/cmTC_2351f.dir/build
make[1]: Entering directory '/home/pi/download/plplot/build/CMakeFiles/CMakeTmp'
Building C object CMakeFiles/cmTC_2351f.dir/feature_tests.c.o
/usr/bin/cc    -std=c90 -o CMakeFiles/cmTC_2351f.dir/feature_tests.c.o   -c /home/pi/download/plplot/build/CMakeFiles/feature_tests.c
Linking C executable cmTC_2351f
/usr/bin/cmake -E cmake_link_script CMakeFiles/cmTC_2351f.dir/link.txt --verbose=1
/usr/bin/cc       CMakeFiles/cmTC_2351f.dir/feature_tests.c.o  -o cmTC_2351f 
make[1]: Leaving directory '/home/pi/download/plplot/build/CMakeFiles/CMakeTmp'


    Feature record: C_FEATURE:1c_function_prototypes
    Feature record: C_FEATURE:0c_restrict
    Feature record: C_FEATURE:0c_static_assert
    Feature record: C_FEATURE:0c_variadic_macros
Determining if files stdlib.h;stdarg.h;string.h;float.h exist passed with the following output:
Change Dir: /home/pi/download/plplot/build/CMakeFiles/CMakeTmp

Run Build Command:"/usr/bin/make" "cmTC_d0466/fast"
/usr/bin/make -f CMakeFiles/cmTC_d0466.dir/build.make CMakeFiles/cmTC_d0466.dir/build
make[1]: Entering directory '/home/pi/download/plplot/build/CMakeFiles/CMakeTmp'
Building C object CMakeFiles/cmTC_d0466.dir/CheckIncludeFiles.c.o
/usr/bin/cc     -o CMakeFiles/cmTC_d0466.dir/CheckIncludeFiles.c.o   -c /home/pi/download/plplot/build/CMakeFiles/CMakeTmp/CheckIncludeFiles.c
Linking C executable cmTC_d0466
/usr/bin/cmake -E cmake_link_script CMakeFiles/cmTC_d0466.dir/link.txt --verbose=1
/usr/bin/cc       CMakeFiles/cmTC_d0466.dir/CheckIncludeFiles.c.o  -o cmTC_d0466 
make[1]: Leaving directory '/home/pi/download/plplot/build/CMakeFiles/CMakeTmp'


Performing C SOURCE FILE Test memchrExists succeeded with the following output:
Change Dir: /home/pi/download/plplot/build/CMakeFiles/CMakeTmp

Run Build Command:"/usr/bin/make" "cmTC_7aa0e/fast"
/usr/bin/make -f CMakeFiles/cmTC_7aa0e.dir/build.make CMakeFiles/cmTC_7aa0e.dir/build
make[1]: Entering directory '/home/pi/download/plplot/build/CMakeFiles/CMakeTmp'
Building C object CMakeFiles/cmTC_7aa0e.dir/src.c.o
/usr/bin/cc    -DmemchrExists   -o CMakeFiles/cmTC_7aa0e.dir/src.c.o   -c /home/pi/download/plplot/build/CMakeFiles/CMakeTmp/src.c
Linking C executable cmTC_7aa0e
/usr/bin/cmake -E cmake_link_script CMakeFiles/cmTC_7aa0e.dir/link.txt --verbose=1
/usr/bin/cc   -DmemchrExists    CMakeFiles/cmTC_7aa0e.dir/src.c.o  -o cmTC_7aa0e 
make[1]: Leaving directory '/home/pi/download/plplot/build/CMakeFiles/CMakeTmp'

Source file was:

#include <string.h>

void cmakeRequireSymbol(int dummy,...){(void)dummy;}
int main()
{
#ifndef memchr
#ifndef _MSC_VER
  cmakeRequireSymbol(0,&memchr);
#else
  char i = sizeof(&memchr);
#endif
#endif
  return 0;
}

Performing C SOURCE FILE Test freeExists succeeded with the following output:
Change Dir: /home/pi/download/plplot/build/CMakeFiles/CMakeTmp

Run Build Command:"/usr/bin/make" "cmTC_52e23/fast"
/usr/bin/make -f CMakeFiles/cmTC_52e23.dir/build.make CMakeFiles/cmTC_52e23.dir/build
make[1]: Entering directory '/home/pi/download/plplot/build/CMakeFiles/CMakeTmp'
Building C object CMakeFiles/cmTC_52e23.dir/src.c.o
/usr/bin/cc    -DfreeExists   -o CMakeFiles/cmTC_52e23.dir/src.c.o   -c /home/pi/download/plplot/build/CMakeFiles/CMakeTmp/src.c
Linking C executable cmTC_52e23
/usr/bin/cmake -E cmake_link_script CMakeFiles/cmTC_52e23.dir/link.txt --verbose=1
/usr/bin/cc   -DfreeExists    CMakeFiles/cmTC_52e23.dir/src.c.o  -o cmTC_52e23 
make[1]: Leaving directory '/home/pi/download/plplot/build/CMakeFiles/CMakeTmp'

Source file was:

#include <stdlib.h>

void cmakeRequireSymbol(int dummy,...){(void)dummy;}
int main()
{
#ifndef free
#ifndef _MSC_VER
  cmakeRequireSymbol(0,&free);
#else
  char i = sizeof(&free);
#endif
#endif
  return 0;
}

Determining if ctype.h macros work on high-bit characters passed with the following output:
Change Dir: /home/pi/download/plplot/build/CMakeFiles/CMakeTmp

Run Build Command:"/usr/bin/make" "cmTC_5078a/fast"
/usr/bin/make -f CMakeFiles/cmTC_5078a.dir/build.make CMakeFiles/cmTC_5078a.dir/build
make[1]: Entering directory '/home/pi/download/plplot/build/CMakeFiles/CMakeTmp'
Building C object CMakeFiles/cmTC_5078a.dir/TestForHighBitCharacters.c.o
/usr/bin/cc     -o CMakeFiles/cmTC_5078a.dir/TestForHighBitCharacters.c.o   -c /home/pi/download/plplot/plplot-5.13.0/cmake/modules/TestForHighBitCharacters.c
/home/pi/download/plplot/plplot-5.13.0/cmake/modules/TestForHighBitCharacters.c: In function ‘main’:
/home/pi/download/plplot/plplot-5.13.0/cmake/modules/TestForHighBitCharacters.c:20:8: warning: implicit declaration of function ‘exit’ [-Wimplicit-function-declaration]
        exit(1);
        ^~~~
/home/pi/download/plplot/plplot-5.13.0/cmake/modules/TestForHighBitCharacters.c:20:8: warning: incompatible implicit declaration of built-in function ‘exit’
/home/pi/download/plplot/plplot-5.13.0/cmake/modules/TestForHighBitCharacters.c:20:8: note: include ‘<stdlib.h>’ or provide a declaration of ‘exit’
/home/pi/download/plplot/plplot-5.13.0/cmake/modules/TestForHighBitCharacters.c:21:4: warning: incompatible implicit declaration of built-in function ‘exit’
    exit (0);
    ^~~~
/home/pi/download/plplot/plplot-5.13.0/cmake/modules/TestForHighBitCharacters.c:21:4: note: include ‘<stdlib.h>’ or provide a declaration of ‘exit’
Linking C executable cmTC_5078a
/usr/bin/cmake -E cmake_link_script CMakeFiles/cmTC_5078a.dir/link.txt --verbose=1
/usr/bin/cc       CMakeFiles/cmTC_5078a.dir/TestForHighBitCharacters.c.o  -o cmTC_5078a 
make[1]: Leaving directory '/home/pi/download/plplot/build/CMakeFiles/CMakeTmp'


Determining if files unistd.h exist passed with the following output:
Change Dir: /home/pi/download/plplot/build/CMakeFiles/CMakeTmp

Run Build Command:"/usr/bin/make" "cmTC_dacd9/fast"
/usr/bin/make -f CMakeFiles/cmTC_dacd9.dir/build.make CMakeFiles/cmTC_dacd9.dir/build
make[1]: Entering directory '/home/pi/download/plplot/build/CMakeFiles/CMakeTmp'
Building C object CMakeFiles/cmTC_dacd9.dir/CheckIncludeFiles.c.o
/usr/bin/cc     -o CMakeFiles/cmTC_dacd9.dir/CheckIncludeFiles.c.o   -c /home/pi/download/plplot/build/CMakeFiles/CMakeTmp/CheckIncludeFiles.c
Linking C executable cmTC_dacd9
/usr/bin/cmake -E cmake_link_script CMakeFiles/cmTC_dacd9.dir/link.txt --verbose=1
/usr/bin/cc       CMakeFiles/cmTC_dacd9.dir/CheckIncludeFiles.c.o  -o cmTC_dacd9 
make[1]: Leaving directory '/home/pi/download/plplot/build/CMakeFiles/CMakeTmp'


Determining if files termios.h exist passed with the following output:
Change Dir: /home/pi/download/plplot/build/CMakeFiles/CMakeTmp

Run Build Command:"/usr/bin/make" "cmTC_45c97/fast"
/usr/bin/make -f CMakeFiles/cmTC_45c97.dir/build.make CMakeFiles/cmTC_45c97.dir/build
make[1]: Entering directory '/home/pi/download/plplot/build/CMakeFiles/CMakeTmp'
Building C object CMakeFiles/cmTC_45c97.dir/CheckIncludeFiles.c.o
/usr/bin/cc     -o CMakeFiles/cmTC_45c97.dir/CheckIncludeFiles.c.o   -c /home/pi/download/plplot/build/CMakeFiles/CMakeTmp/CheckIncludeFiles.c
Linking C executable cmTC_45c97
/usr/bin/cmake -E cmake_link_script CMakeFiles/cmTC_45c97.dir/link.txt --verbose=1
/usr/bin/cc       CMakeFiles/cmTC_45c97.dir/CheckIncludeFiles.c.o  -o cmTC_45c97 
make[1]: Leaving directory '/home/pi/download/plplot/build/CMakeFiles/CMakeTmp'


Determining if files stdint.h exist passed with the following output:
Change Dir: /home/pi/download/plplot/build/CMakeFiles/CMakeTmp

Run Build Command:"/usr/bin/make" "cmTC_01775/fast"
/usr/bin/make -f CMakeFiles/cmTC_01775.dir/build.make CMakeFiles/cmTC_01775.dir/build
make[1]: Entering directory '/home/pi/download/plplot/build/CMakeFiles/CMakeTmp'
Building C object CMakeFiles/cmTC_01775.dir/CheckIncludeFiles.c.o
/usr/bin/cc     -o CMakeFiles/cmTC_01775.dir/CheckIncludeFiles.c.o   -c /home/pi/download/plplot/build/CMakeFiles/CMakeTmp/CheckIncludeFiles.c
Linking C executable cmTC_01775
/usr/bin/cmake -E cmake_link_script CMakeFiles/cmTC_01775.dir/link.txt --verbose=1
/usr/bin/cc       CMakeFiles/cmTC_01775.dir/CheckIncludeFiles.c.o  -o cmTC_01775 
make[1]: Leaving directory '/home/pi/download/plplot/build/CMakeFiles/CMakeTmp'


Performing C SOURCE FILE Test HAVE_SYS_WAIT_H succeeded with the following output:
Change Dir: /home/pi/download/plplot/build/CMakeFiles/CMakeTmp

Run Build Command:"/usr/bin/make" "cmTC_75551/fast"
/usr/bin/make -f CMakeFiles/cmTC_75551.dir/build.make CMakeFiles/cmTC_75551.dir/build
make[1]: Entering directory '/home/pi/download/plplot/build/CMakeFiles/CMakeTmp'
Building C object CMakeFiles/cmTC_75551.dir/src.c.o
/usr/bin/cc    -DHAVE_SYS_WAIT_H   -o CMakeFiles/cmTC_75551.dir/src.c.o   -c /home/pi/download/plplot/build/CMakeFiles/CMakeTmp/src.c
Linking C executable cmTC_75551
/usr/bin/cmake -E cmake_link_script CMakeFiles/cmTC_75551.dir/link.txt --verbose=1
/usr/bin/cc   -DHAVE_SYS_WAIT_H    CMakeFiles/cmTC_75551.dir/src.c.o  -o cmTC_75551 
make[1]: Leaving directory '/home/pi/download/plplot/build/CMakeFiles/CMakeTmp'

Source file was:

#include <sys/types.h>
#include <sys/wait.h>
#ifndef WEXITSTATUS
# define WEXITSTATUS(stat_val) ((unsigned)(stat_val) >> 8)
#endif
#ifndef WIFEXITED
# define WIFEXITED(stat_val) (((stat_val) & 255) == 0)
#endif
int
main ()
{
  int s;
  wait (&s);
  s = WIFEXITED (s) ? WEXITSTATUS (s) : 1;
  ;
  return 0;
}

Determining if the DIR symbol is defined as in AC_HEADER_DIRENT passed with the following output:
Change Dir: /home/pi/download/plplot/build/CMakeFiles/CMakeTmp

Run Build Command:"/usr/bin/make" "cmTC_0c79b/fast"
/usr/bin/make -f CMakeFiles/cmTC_0c79b.dir/build.make CMakeFiles/cmTC_0c79b.dir/build
make[1]: Entering directory '/home/pi/download/plplot/build/CMakeFiles/CMakeTmp'
Building C object CMakeFiles/cmTC_0c79b.dir/CheckDIRSymbolExists.c.o
/usr/bin/cc     -o CMakeFiles/cmTC_0c79b.dir/CheckDIRSymbolExists.c.o   -c /home/pi/download/plplot/build/CMakeFiles/CMakeTmp/CheckDIRSymbolExists.c
Linking C executable cmTC_0c79b
/usr/bin/cmake -E cmake_link_script CMakeFiles/cmTC_0c79b.dir/link.txt --verbose=1
/usr/bin/cc       CMakeFiles/cmTC_0c79b.dir/CheckDIRSymbolExists.c.o  -o cmTC_0c79b 
make[1]: Leaving directory '/home/pi/download/plplot/build/CMakeFiles/CMakeTmp'

File /home/pi/download/plplot/build/CMakeFiles/CMakeTmp/CheckDIRSymbolExists.c:
/* */
#include <sys/types.h>
#include <dirent.h>

int main()
{if ((DIR *) 0) return 0;}

Determining if signal handler return type is void passed with the following output:
Change Dir: /home/pi/download/plplot/build/CMakeFiles/CMakeTmp

Run Build Command:"/usr/bin/make" "cmTC_539cd/fast"
/usr/bin/make -f CMakeFiles/cmTC_539cd.dir/build.make CMakeFiles/cmTC_539cd.dir/build
make[1]: Entering directory '/home/pi/download/plplot/build/CMakeFiles/CMakeTmp'
Building C object CMakeFiles/cmTC_539cd.dir/TestSignalType.c.o
/usr/bin/cc     -o CMakeFiles/cmTC_539cd.dir/TestSignalType.c.o   -c /home/pi/download/plplot/plplot-5.13.0/cmake/modules/TestSignalType.c
Linking C executable cmTC_539cd
/usr/bin/cmake -E cmake_link_script CMakeFiles/cmTC_539cd.dir/link.txt --verbose=1
/usr/bin/cc       CMakeFiles/cmTC_539cd.dir/TestSignalType.c.o  -o cmTC_539cd 
make[1]: Leaving directory '/home/pi/download/plplot/build/CMakeFiles/CMakeTmp'


Determining if the function popen exists passed with the following output:
Change Dir: /home/pi/download/plplot/build/CMakeFiles/CMakeTmp

Run Build Command:"/usr/bin/make" "cmTC_bc619/fast"
/usr/bin/make -f CMakeFiles/cmTC_bc619.dir/build.make CMakeFiles/cmTC_bc619.dir/build
make[1]: Entering directory '/home/pi/download/plplot/build/CMakeFiles/CMakeTmp'
Building C object CMakeFiles/cmTC_bc619.dir/CheckFunctionExists.c.o
/usr/bin/cc    -DCHECK_FUNCTION_EXISTS=popen   -o CMakeFiles/cmTC_bc619.dir/CheckFunctionExists.c.o   -c /usr/share/cmake-3.7/Modules/CheckFunctionExists.c
Linking C executable cmTC_bc619
/usr/bin/cmake -E cmake_link_script CMakeFiles/cmTC_bc619.dir/link.txt --verbose=1
/usr/bin/cc   -DCHECK_FUNCTION_EXISTS=popen    CMakeFiles/cmTC_bc619.dir/CheckFunctionExists.c.o  -o cmTC_bc619 
make[1]: Leaving directory '/home/pi/download/plplot/build/CMakeFiles/CMakeTmp'


Determining if the function usleep exists passed with the following output:
Change Dir: /home/pi/download/plplot/build/CMakeFiles/CMakeTmp

Run Build Command:"/usr/bin/make" "cmTC_0fab2/fast"
/usr/bin/make -f CMakeFiles/cmTC_0fab2.dir/build.make CMakeFiles/cmTC_0fab2.dir/build
make[1]: Entering directory '/home/pi/download/plplot/build/CMakeFiles/CMakeTmp'
Building C object CMakeFiles/cmTC_0fab2.dir/CheckFunctionExists.c.o
/usr/bin/cc    -DCHECK_FUNCTION_EXISTS=usleep   -o CMakeFiles/cmTC_0fab2.dir/CheckFunctionExists.c.o   -c /usr/share/cmake-3.7/Modules/CheckFunctionExists.c
Linking C executable cmTC_0fab2
/usr/bin/cmake -E cmake_link_script CMakeFiles/cmTC_0fab2.dir/link.txt --verbose=1
/usr/bin/cc   -DCHECK_FUNCTION_EXISTS=usleep    CMakeFiles/cmTC_0fab2.dir/CheckFunctionExists.c.o  -o cmTC_0fab2 
make[1]: Leaving directory '/home/pi/download/plplot/build/CMakeFiles/CMakeTmp'


Determining if the function nanosleep exists passed with the following output:
Change Dir: /home/pi/download/plplot/build/CMakeFiles/CMakeTmp

Run Build Command:"/usr/bin/make" "cmTC_073a5/fast"
/usr/bin/make -f CMakeFiles/cmTC_073a5.dir/build.make CMakeFiles/cmTC_073a5.dir/build
make[1]: Entering directory '/home/pi/download/plplot/build/CMakeFiles/CMakeTmp'
Building C object CMakeFiles/cmTC_073a5.dir/CheckFunctionExists.c.o
/usr/bin/cc    -DCHECK_FUNCTION_EXISTS=nanosleep   -o CMakeFiles/cmTC_073a5.dir/CheckFunctionExists.c.o   -c /usr/share/cmake-3.7/Modules/CheckFunctionExists.c
Linking C executable cmTC_073a5
/usr/bin/cmake -E cmake_link_script CMakeFiles/cmTC_073a5.dir/link.txt --verbose=1
/usr/bin/cc   -DCHECK_FUNCTION_EXISTS=nanosleep    CMakeFiles/cmTC_073a5.dir/CheckFunctionExists.c.o  -o cmTC_073a5 
make[1]: Leaving directory '/home/pi/download/plplot/build/CMakeFiles/CMakeTmp'


Determining if the function mkstemp exists passed with the following output:
Change Dir: /home/pi/download/plplot/build/CMakeFiles/CMakeTmp

Run Build Command:"/usr/bin/make" "cmTC_96181/fast"
/usr/bin/make -f CMakeFiles/cmTC_96181.dir/build.make CMakeFiles/cmTC_96181.dir/build
make[1]: Entering directory '/home/pi/download/plplot/build/CMakeFiles/CMakeTmp'
Building C object CMakeFiles/cmTC_96181.dir/CheckFunctionExists.c.o
/usr/bin/cc    -DCHECK_FUNCTION_EXISTS=mkstemp   -o CMakeFiles/cmTC_96181.dir/CheckFunctionExists.c.o   -c /usr/share/cmake-3.7/Modules/CheckFunctionExists.c
Linking C executable cmTC_96181
/usr/bin/cmake -E cmake_link_script CMakeFiles/cmTC_96181.dir/link.txt --verbose=1
/usr/bin/cc   -DCHECK_FUNCTION_EXISTS=mkstemp    CMakeFiles/cmTC_96181.dir/CheckFunctionExists.c.o  -o cmTC_96181 
make[1]: Leaving directory '/home/pi/download/plplot/build/CMakeFiles/CMakeTmp'


Determining if the function mkdtemp exists passed with the following output:
Change Dir: /home/pi/download/plplot/build/CMakeFiles/CMakeTmp

Run Build Command:"/usr/bin/make" "cmTC_9a50c/fast"
/usr/bin/make -f CMakeFiles/cmTC_9a50c.dir/build.make CMakeFiles/cmTC_9a50c.dir/build
make[1]: Entering directory '/home/pi/download/plplot/build/CMakeFiles/CMakeTmp'
Building C object CMakeFiles/cmTC_9a50c.dir/CheckFunctionExists.c.o
/usr/bin/cc    -DCHECK_FUNCTION_EXISTS=mkdtemp   -o CMakeFiles/cmTC_9a50c.dir/CheckFunctionExists.c.o   -c /usr/share/cmake-3.7/Modules/CheckFunctionExists.c
Linking C executable cmTC_9a50c
/usr/bin/cmake -E cmake_link_script CMakeFiles/cmTC_9a50c.dir/link.txt --verbose=1
/usr/bin/cc   -DCHECK_FUNCTION_EXISTS=mkdtemp    CMakeFiles/cmTC_9a50c.dir/CheckFunctionExists.c.o  -o cmTC_9a50c 
make[1]: Leaving directory '/home/pi/download/plplot/build/CMakeFiles/CMakeTmp'


Determining if the function mkfifo exists passed with the following output:
Change Dir: /home/pi/download/plplot/build/CMakeFiles/CMakeTmp

Run Build Command:"/usr/bin/make" "cmTC_9671c/fast"
/usr/bin/make -f CMakeFiles/cmTC_9671c.dir/build.make CMakeFiles/cmTC_9671c.dir/build
make[1]: Entering directory '/home/pi/download/plplot/build/CMakeFiles/CMakeTmp'
Building C object CMakeFiles/cmTC_9671c.dir/CheckFunctionExists.c.o
/usr/bin/cc    -DCHECK_FUNCTION_EXISTS=mkfifo   -o CMakeFiles/cmTC_9671c.dir/CheckFunctionExists.c.o   -c /usr/share/cmake-3.7/Modules/CheckFunctionExists.c
Linking C executable cmTC_9671c
/usr/bin/cmake -E cmake_link_script CMakeFiles/cmTC_9671c.dir/link.txt --verbose=1
/usr/bin/cc   -DCHECK_FUNCTION_EXISTS=mkfifo    CMakeFiles/cmTC_9671c.dir/CheckFunctionExists.c.o  -o cmTC_9671c 
make[1]: Leaving directory '/home/pi/download/plplot/build/CMakeFiles/CMakeTmp'


Determining if the function unlink exists passed with the following output:
Change Dir: /home/pi/download/plplot/build/CMakeFiles/CMakeTmp

Run Build Command:"/usr/bin/make" "cmTC_ec9c3/fast"
/usr/bin/make -f CMakeFiles/cmTC_ec9c3.dir/build.make CMakeFiles/cmTC_ec9c3.dir/build
make[1]: Entering directory '/home/pi/download/plplot/build/CMakeFiles/CMakeTmp'
Building C object CMakeFiles/cmTC_ec9c3.dir/CheckFunctionExists.c.o
/usr/bin/cc    -DCHECK_FUNCTION_EXISTS=unlink   -o CMakeFiles/cmTC_ec9c3.dir/CheckFunctionExists.c.o   -c /usr/share/cmake-3.7/Modules/CheckFunctionExists.c
Linking C executable cmTC_ec9c3
/usr/bin/cmake -E cmake_link_script CMakeFiles/cmTC_ec9c3.dir/link.txt --verbose=1
/usr/bin/cc   -DCHECK_FUNCTION_EXISTS=unlink    CMakeFiles/cmTC_ec9c3.dir/CheckFunctionExists.c.o  -o cmTC_ec9c3 
make[1]: Leaving directory '/home/pi/download/plplot/build/CMakeFiles/CMakeTmp'


Determining if the isfinite exist passed with the following output:
Change Dir: /home/pi/download/plplot/build/CMakeFiles/CMakeTmp

Run Build Command:"/usr/bin/make" "cmTC_0d453/fast"
/usr/bin/make -f CMakeFiles/cmTC_0d453.dir/build.make CMakeFiles/cmTC_0d453.dir/build
make[1]: Entering directory '/home/pi/download/plplot/build/CMakeFiles/CMakeTmp'
Building C object CMakeFiles/cmTC_0d453.dir/CheckSymbolExists.c.o
/usr/bin/cc     -o CMakeFiles/cmTC_0d453.dir/CheckSymbolExists.c.o   -c /home/pi/download/plplot/build/CMakeFiles/CMakeTmp/CheckSymbolExists.c
Linking C executable cmTC_0d453
/usr/bin/cmake -E cmake_link_script CMakeFiles/cmTC_0d453.dir/link.txt --verbose=1
/usr/bin/cc       CMakeFiles/cmTC_0d453.dir/CheckSymbolExists.c.o  -o cmTC_0d453 
make[1]: Leaving directory '/home/pi/download/plplot/build/CMakeFiles/CMakeTmp'

File /home/pi/download/plplot/build/CMakeFiles/CMakeTmp/CheckSymbolExists.c:
/* */
#include <math.h>

int main(int argc, char** argv)
{
  (void)argv;
#ifndef isfinite
  return ((int*)(&isfinite))[argc];
#else
  (void)argc;
  return 0;
#endif
}

Determining if the finite exist passed with the following output:
Change Dir: /home/pi/download/plplot/build/CMakeFiles/CMakeTmp

Run Build Command:"/usr/bin/make" "cmTC_a982d/fast"
/usr/bin/make -f CMakeFiles/cmTC_a982d.dir/build.make CMakeFiles/cmTC_a982d.dir/build
make[1]: Entering directory '/home/pi/download/plplot/build/CMakeFiles/CMakeTmp'
Building C object CMakeFiles/cmTC_a982d.dir/CheckSymbolExists.c.o
/usr/bin/cc     -o CMakeFiles/cmTC_a982d.dir/CheckSymbolExists.c.o   -c /home/pi/download/plplot/build/CMakeFiles/CMakeTmp/CheckSymbolExists.c
Linking C executable cmTC_a982d
/usr/bin/cmake -E cmake_link_script CMakeFiles/cmTC_a982d.dir/link.txt --verbose=1
/usr/bin/cc       CMakeFiles/cmTC_a982d.dir/CheckSymbolExists.c.o  -o cmTC_a982d 
make[1]: Leaving directory '/home/pi/download/plplot/build/CMakeFiles/CMakeTmp'

File /home/pi/download/plplot/build/CMakeFiles/CMakeTmp/CheckSymbolExists.c:
/* */
#include <math.h>

int main(int argc, char** argv)
{
  (void)argv;
#ifndef finite
  return ((int*)(&finite))[argc];
#else
  (void)argc;
  return 0;
#endif
}

Determining if the isnan exist passed with the following output:
Change Dir: /home/pi/download/plplot/build/CMakeFiles/CMakeTmp

Run Build Command:"/usr/bin/make" "cmTC_ebbfc/fast"
/usr/bin/make -f CMakeFiles/cmTC_ebbfc.dir/build.make CMakeFiles/cmTC_ebbfc.dir/build
make[1]: Entering directory '/home/pi/download/plplot/build/CMakeFiles/CMakeTmp'
Building C object CMakeFiles/cmTC_ebbfc.dir/CheckSymbolExists.c.o
/usr/bin/cc     -o CMakeFiles/cmTC_ebbfc.dir/CheckSymbolExists.c.o   -c /home/pi/download/plplot/build/CMakeFiles/CMakeTmp/CheckSymbolExists.c
Linking C executable cmTC_ebbfc
/usr/bin/cmake -E cmake_link_script CMakeFiles/cmTC_ebbfc.dir/link.txt --verbose=1
/usr/bin/cc       CMakeFiles/cmTC_ebbfc.dir/CheckSymbolExists.c.o  -o cmTC_ebbfc 
make[1]: Leaving directory '/home/pi/download/plplot/build/CMakeFiles/CMakeTmp'

File /home/pi/download/plplot/build/CMakeFiles/CMakeTmp/CheckSymbolExists.c:
/* */
#include <math.h>

int main(int argc, char** argv)
{
  (void)argv;
#ifndef isnan
  return ((int*)(&isnan))[argc];
#else
  (void)argc;
  return 0;
#endif
}

Determining if the isinf exist passed with the following output:
Change Dir: /home/pi/download/plplot/build/CMakeFiles/CMakeTmp

Run Build Command:"/usr/bin/make" "cmTC_f3b27/fast"
/usr/bin/make -f CMakeFiles/cmTC_f3b27.dir/build.make CMakeFiles/cmTC_f3b27.dir/build
make[1]: Entering directory '/home/pi/download/plplot/build/CMakeFiles/CMakeTmp'
Building C object CMakeFiles/cmTC_f3b27.dir/CheckSymbolExists.c.o
/usr/bin/cc     -o CMakeFiles/cmTC_f3b27.dir/CheckSymbolExists.c.o   -c /home/pi/download/plplot/build/CMakeFiles/CMakeTmp/CheckSymbolExists.c
Linking C executable cmTC_f3b27
/usr/bin/cmake -E cmake_link_script CMakeFiles/cmTC_f3b27.dir/link.txt --verbose=1
/usr/bin/cc       CMakeFiles/cmTC_f3b27.dir/CheckSymbolExists.c.o  -o cmTC_f3b27 
make[1]: Leaving directory '/home/pi/download/plplot/build/CMakeFiles/CMakeTmp'

File /home/pi/download/plplot/build/CMakeFiles/CMakeTmp/CheckSymbolExists.c:
/* */
#include <math.h>

int main(int argc, char** argv)
{
  (void)argv;
#ifndef isinf
  return ((int*)(&isinf))[argc];
#else
  (void)argc;
  return 0;
#endif
}

Determining if the snprintf exist passed with the following output:
Change Dir: /home/pi/download/plplot/build/CMakeFiles/CMakeTmp

Run Build Command:"/usr/bin/make" "cmTC_6249d/fast"
/usr/bin/make -f CMakeFiles/cmTC_6249d.dir/build.make CMakeFiles/cmTC_6249d.dir/build
make[1]: Entering directory '/home/pi/download/plplot/build/CMakeFiles/CMakeTmp'
Building C object CMakeFiles/cmTC_6249d.dir/CheckSymbolExists.c.o
/usr/bin/cc     -o CMakeFiles/cmTC_6249d.dir/CheckSymbolExists.c.o   -c /home/pi/download/plplot/build/CMakeFiles/CMakeTmp/CheckSymbolExists.c
Linking C executable cmTC_6249d
/usr/bin/cmake -E cmake_link_script CMakeFiles/cmTC_6249d.dir/link.txt --verbose=1
/usr/bin/cc       CMakeFiles/cmTC_6249d.dir/CheckSymbolExists.c.o  -o cmTC_6249d 
make[1]: Leaving directory '/home/pi/download/plplot/build/CMakeFiles/CMakeTmp'

File /home/pi/download/plplot/build/CMakeFiles/CMakeTmp/CheckSymbolExists.c:
/* */
#include <stdio.h>

int main(int argc, char** argv)
{
  (void)argv;
#ifndef snprintf
  return ((int*)(&snprintf))[argc];
#else
  (void)argc;
  return 0;
#endif
}

Compiling the CXX compiler identification source file "CMakeCXXCompilerId.cpp" succeeded.
Compiler: /usr/bin/c++ 
Build flags: 
Id flags: 

The output was:
0


Compilation of the CXX compiler identification source "CMakeCXXCompilerId.cpp" produced "a.out"

The CXX compiler identification is GNU, found in "/home/pi/download/plplot/build/CMakeFiles/3.7.2/CompilerIdCXX/a.out"

Determining if the CXX compiler works passed with the following output:
Change Dir: /home/pi/download/plplot/build/CMakeFiles/CMakeTmp

Run Build Command:"/usr/bin/make" "cmTC_7227b/fast"
/usr/bin/make -f CMakeFiles/cmTC_7227b.dir/build.make CMakeFiles/cmTC_7227b.dir/build
make[1]: Entering directory '/home/pi/download/plplot/build/CMakeFiles/CMakeTmp'
Building CXX object CMakeFiles/cmTC_7227b.dir/testCXXCompiler.cxx.o
/usr/bin/c++      -o CMakeFiles/cmTC_7227b.dir/testCXXCompiler.cxx.o -c /home/pi/download/plplot/build/CMakeFiles/CMakeTmp/testCXXCompiler.cxx
Linking CXX executable cmTC_7227b
/usr/bin/cmake -E cmake_link_script CMakeFiles/cmTC_7227b.dir/link.txt --verbose=1
/usr/bin/c++        CMakeFiles/cmTC_7227b.dir/testCXXCompiler.cxx.o  -o cmTC_7227b 
make[1]: Leaving directory '/home/pi/download/plplot/build/CMakeFiles/CMakeTmp'


Detecting CXX compiler ABI info compiled with the following output:
Change Dir: /home/pi/download/plplot/build/CMakeFiles/CMakeTmp

Run Build Command:"/usr/bin/make" "cmTC_e336d/fast"
/usr/bin/make -f CMakeFiles/cmTC_e336d.dir/build.make CMakeFiles/cmTC_e336d.dir/build
make[1]: Entering directory '/home/pi/download/plplot/build/CMakeFiles/CMakeTmp'
Building CXX object CMakeFiles/cmTC_e336d.dir/CMakeCXXCompilerABI.cpp.o
/usr/bin/c++      -o CMakeFiles/cmTC_e336d.dir/CMakeCXXCompilerABI.cpp.o -c /usr/share/cmake-3.7/Modules/CMakeCXXCompilerABI.cpp
Linking CXX executable cmTC_e336d
/usr/bin/cmake -E cmake_link_script CMakeFiles/cmTC_e336d.dir/link.txt --verbose=1
/usr/bin/c++       -v CMakeFiles/cmTC_e336d.dir/CMakeCXXCompilerABI.cpp.o  -o cmTC_e336d  
Using built-in specs.
COLLECT_GCC=/usr/bin/c++
COLLECT_LTO_WRAPPER=/usr/lib/gcc/arm-linux-gnueabihf/6/lto-wrapper
Target: arm-linux-gnueabihf
Configured with: ../src/configure -v --with-pkgversion='Raspbian 6.3.0-18+rpi1' --with-bugurl=file:///usr/share/doc/gcc-6/README.Bugs --enable-languages=c,ada,c++,java,go,d,fortran,objc,obj-c++ --prefix=/usr --program-suffix=-6 --program-prefix=arm-linux-gnueabihf- --enable-shared --enable-linker-build-id --libexecdir=/usr/lib --without-included-gettext --enable-threads=posix --libdir=/usr/lib --enable-nls --with-sysroot=/ --enable-clocale=gnu --enable-libstdcxx-debug --enable-libstdcxx-time=yes --with-default-libstdcxx-abi=new --enable-gnu-unique-object --disable-libitm --disable-libquadmath --enable-plugin --with-system-zlib --disable-browser-plugin --enable-java-awt=gtk --enable-gtk-cairo --with-java-home=/usr/lib/jvm/java-1.5.0-gcj-6-armhf/jre --enable-java-home --with-jvm-root-dir=/usr/lib/jvm/java-1.5.0-gcj-6-armhf --with-jvm-jar-dir=/usr/lib/jvm-exports/java-1.5.0-gcj-6-armhf --with-arch-directory=arm --with-ecj-jar=/usr/share/java/eclipse-ecj.jar --with-target-system-zlib --enable-objc-gc=auto --enable-multiarch --disable-sjlj-exceptions --with-arch=armv6 --with-fpu=vfp --with-float=hard --enable-checking=release --build=arm-linux-gnueabihf --host=arm-linux-gnueabihf --target=arm-linux-gnueabihf
Thread model: posix
gcc version 6.3.0 20170516 (Raspbian 6.3.0-18+rpi1) 
COMPILER_PATH=/usr/lib/gcc/arm-linux-gnueabihf/6/:/usr/lib/gcc/arm-linux-gnueabihf/6/:/usr/lib/gcc/arm-linux-gnueabihf/:/usr/lib/gcc/arm-linux-gnueabihf/6/:/usr/lib/gcc/arm-linux-gnueabihf/
LIBRARY_PATH=/usr/lib/gcc/arm-linux-gnueabihf/6/:/usr/lib/gcc/arm-linux-gnueabihf/6/../../../arm-linux-gnueabihf/:/usr/lib/gcc/arm-linux-gnueabihf/6/../../../:/lib/arm-linux-gnueabihf/:/lib/:/usr/lib/arm-linux-gnueabihf/:/usr/lib/
COLLECT_GCC_OPTIONS='-v' '-o' 'cmTC_e336d' '-shared-libgcc' '-march=armv6' '-mfloat-abi=hard' '-mfpu=vfp' '-mtls-dialect=gnu'
 /usr/lib/gcc/arm-linux-gnueabihf/6/collect2 -plugin /usr/lib/gcc/arm-linux-gnueabihf/6/liblto_plugin.so -plugin-opt=/usr/lib/gcc/arm-linux-gnueabihf/6/lto-wrapper -plugin-opt=-fresolution=/tmp/ccvd2vBf.res -plugin-opt=-pass-through=-lgcc_s -plugin-opt=-pass-through=-lgcc -plugin-opt=-pass-through=-lc -plugin-opt=-pass-through=-lgcc_s -plugin-opt=-pass-through=-lgcc --sysroot=/ --build-id --eh-frame-hdr -dynamic-linker /lib/ld-linux-armhf.so.3 -X --hash-style=gnu -m armelf_linux_eabi -o cmTC_e336d /usr/lib/gcc/arm-linux-gnueabihf/6/../../../arm-linux-gnueabihf/crt1.o /usr/lib/gcc/arm-linux-gnueabihf/6/../../../arm-linux-gnueabihf/crti.o /usr/lib/gcc/arm-linux-gnueabihf/6/crtbegin.o -L/usr/lib/gcc/arm-linux-gnueabihf/6 -L/usr/lib/gcc/arm-linux-gnueabihf/6/../../../arm-linux-gnueabihf -L/usr/lib/gcc/arm-linux-gnueabihf/6/../../.. -L/lib/arm-linux-gnueabihf -L/usr/lib/arm-linux-gnueabihf CMakeFiles/cmTC_e336d.dir/CMakeCXXCompilerABI.cpp.o -lstdc++ -lm -lgcc_s -lgcc -lc -lgcc_s -lgcc /usr/lib/gcc/arm-linux-gnueabihf/6/crtend.o /usr/lib/gcc/arm-linux-gnueabihf/6/../../../arm-linux-gnueabihf/crtn.o
COLLECT_GCC_OPTIONS='-v' '-o' 'cmTC_e336d' '-shared-libgcc' '-march=armv6' '-mfloat-abi=hard' '-mfpu=vfp' '-mtls-dialect=gnu'
make[1]: Leaving directory '/home/pi/download/plplot/build/CMakeFiles/CMakeTmp'


Parsed CXX implicit link information from above output:
  link line regex: [^( *|.*[/\])(ld|([^/\]+-)?ld|collect2)[^/\]*( |$)]
  ignore line: [Change Dir: /home/pi/download/plplot/build/CMakeFiles/CMakeTmp]
  ignore line: []
  ignore line: [Run Build Command:"/usr/bin/make" "cmTC_e336d/fast"]
  ignore line: [/usr/bin/make -f CMakeFiles/cmTC_e336d.dir/build.make CMakeFiles/cmTC_e336d.dir/build]
  ignore line: [make[1]: Entering directory '/home/pi/download/plplot/build/CMakeFiles/CMakeTmp']
  ignore line: [Building CXX object CMakeFiles/cmTC_e336d.dir/CMakeCXXCompilerABI.cpp.o]
  ignore line: [/usr/bin/c++      -o CMakeFiles/cmTC_e336d.dir/CMakeCXXCompilerABI.cpp.o -c /usr/share/cmake-3.7/Modules/CMakeCXXCompilerABI.cpp]
  ignore line: [Linking CXX executable cmTC_e336d]
  ignore line: [/usr/bin/cmake -E cmake_link_script CMakeFiles/cmTC_e336d.dir/link.txt --verbose=1]
  ignore line: [/usr/bin/c++       -v CMakeFiles/cmTC_e336d.dir/CMakeCXXCompilerABI.cpp.o  -o cmTC_e336d  ]
  ignore line: [Using built-in specs.]
  ignore line: [COLLECT_GCC=/usr/bin/c++]
  ignore line: [COLLECT_LTO_WRAPPER=/usr/lib/gcc/arm-linux-gnueabihf/6/lto-wrapper]
  ignore line: [Target: arm-linux-gnueabihf]
  ignore line: [Configured with: ../src/configure -v --with-pkgversion='Raspbian 6.3.0-18+rpi1' --with-bugurl=file:///usr/share/doc/gcc-6/README.Bugs --enable-languages=c,ada,c++,java,go,d,fortran,objc,obj-c++ --prefix=/usr --program-suffix=-6 --program-prefix=arm-linux-gnueabihf- --enable-shared --enable-linker-build-id --libexecdir=/usr/lib --without-included-gettext --enable-threads=posix --libdir=/usr/lib --enable-nls --with-sysroot=/ --enable-clocale=gnu --enable-libstdcxx-debug --enable-libstdcxx-time=yes --with-default-libstdcxx-abi=new --enable-gnu-unique-object --disable-libitm --disable-libquadmath --enable-plugin --with-system-zlib --disable-browser-plugin --enable-java-awt=gtk --enable-gtk-cairo --with-java-home=/usr/lib/jvm/java-1.5.0-gcj-6-armhf/jre --enable-java-home --with-jvm-root-dir=/usr/lib/jvm/java-1.5.0-gcj-6-armhf --with-jvm-jar-dir=/usr/lib/jvm-exports/java-1.5.0-gcj-6-armhf --with-arch-directory=arm --with-ecj-jar=/usr/share/java/eclipse-ecj.jar --with-target-system-zlib --enable-objc-gc=auto --enable-multiarch --disable-sjlj-exceptions --with-arch=armv6 --with-fpu=vfp --with-float=hard --enable-checking=release --build=arm-linux-gnueabihf --host=arm-linux-gnueabihf --target=arm-linux-gnueabihf]
  ignore line: [Thread model: posix]
  ignore line: [gcc version 6.3.0 20170516 (Raspbian 6.3.0-18+rpi1) ]
  ignore line: [COMPILER_PATH=/usr/lib/gcc/arm-linux-gnueabihf/6/:/usr/lib/gcc/arm-linux-gnueabihf/6/:/usr/lib/gcc/arm-linux-gnueabihf/:/usr/lib/gcc/arm-linux-gnueabihf/6/:/usr/lib/gcc/arm-linux-gnueabihf/]
  ignore line: [LIBRARY_PATH=/usr/lib/gcc/arm-linux-gnueabihf/6/:/usr/lib/gcc/arm-linux-gnueabihf/6/../../../arm-linux-gnueabihf/:/usr/lib/gcc/arm-linux-gnueabihf/6/../../../:/lib/arm-linux-gnueabihf/:/lib/:/usr/lib/arm-linux-gnueabihf/:/usr/lib/]
  ignore line: [COLLECT_GCC_OPTIONS='-v' '-o' 'cmTC_e336d' '-shared-libgcc' '-march=armv6' '-mfloat-abi=hard' '-mfpu=vfp' '-mtls-dialect=gnu']
  link line: [ /usr/lib/gcc/arm-linux-gnueabihf/6/collect2 -plugin /usr/lib/gcc/arm-linux-gnueabihf/6/liblto_plugin.so -plugin-opt=/usr/lib/gcc/arm-linux-gnueabihf/6/lto-wrapper -plugin-opt=-fresolution=/tmp/ccvd2vBf.res -plugin-opt=-pass-through=-lgcc_s -plugin-opt=-pass-through=-lgcc -plugin-opt=-pass-through=-lc -plugin-opt=-pass-through=-lgcc_s -plugin-opt=-pass-through=-lgcc --sysroot=/ --build-id --eh-frame-hdr -dynamic-linker /lib/ld-linux-armhf.so.3 -X --hash-style=gnu -m armelf_linux_eabi -o cmTC_e336d /usr/lib/gcc/arm-linux-gnueabihf/6/../../../arm-linux-gnueabihf/crt1.o /usr/lib/gcc/arm-linux-gnueabihf/6/../../../arm-linux-gnueabihf/crti.o /usr/lib/gcc/arm-linux-gnueabihf/6/crtbegin.o -L/usr/lib/gcc/arm-linux-gnueabihf/6 -L/usr/lib/gcc/arm-linux-gnueabihf/6/../../../arm-linux-gnueabihf -L/usr/lib/gcc/arm-linux-gnueabihf/6/../../.. -L/lib/arm-linux-gnueabihf -L/usr/lib/arm-linux-gnueabihf CMakeFiles/cmTC_e336d.dir/CMakeCXXCompilerABI.cpp.o -lstdc++ -lm -lgcc_s -lgcc -lc -lgcc_s -lgcc /usr/lib/gcc/arm-linux-gnueabihf/6/crtend.o /usr/lib/gcc/arm-linux-gnueabihf/6/../../../arm-linux-gnueabihf/crtn.o]
    arg [/usr/lib/gcc/arm-linux-gnueabihf/6/collect2] ==> ignore
    arg [-plugin] ==> ignore
    arg [/usr/lib/gcc/arm-linux-gnueabihf/6/liblto_plugin.so] ==> ignore
    arg [-plugin-opt=/usr/lib/gcc/arm-linux-gnueabihf/6/lto-wrapper] ==> ignore
    arg [-plugin-opt=-fresolution=/tmp/ccvd2vBf.res] ==> ignore
    arg [-plugin-opt=-pass-through=-lgcc_s] ==> ignore
    arg [-plugin-opt=-pass-through=-lgcc] ==> ignore
    arg [-plugin-opt=-pass-through=-lc] ==> ignore
    arg [-plugin-opt=-pass-through=-lgcc_s] ==> ignore
    arg [-plugin-opt=-pass-through=-lgcc] ==> ignore
    arg [--sysroot=/] ==> ignore
    arg [--build-id] ==> ignore
    arg [--eh-frame-hdr] ==> ignore
    arg [-dynamic-linker] ==> ignore
    arg [/lib/ld-linux-armhf.so.3] ==> ignore
    arg [-X] ==> ignore
    arg [--hash-style=gnu] ==> ignore
    arg [-m] ==> ignore
    arg [armelf_linux_eabi] ==> ignore
    arg [-o] ==> ignore
    arg [cmTC_e336d] ==> ignore
    arg [/usr/lib/gcc/arm-linux-gnueabihf/6/../../../arm-linux-gnueabihf/crt1.o] ==> ignore
    arg [/usr/lib/gcc/arm-linux-gnueabihf/6/../../../arm-linux-gnueabihf/crti.o] ==> ignore
    arg [/usr/lib/gcc/arm-linux-gnueabihf/6/crtbegin.o] ==> ignore
    arg [-L/usr/lib/gcc/arm-linux-gnueabihf/6] ==> dir [/usr/lib/gcc/arm-linux-gnueabihf/6]
    arg [-L/usr/lib/gcc/arm-linux-gnueabihf/6/../../../arm-linux-gnueabihf] ==> dir [/usr/lib/gcc/arm-linux-gnueabihf/6/../../../arm-linux-gnueabihf]
    arg [-L/usr/lib/gcc/arm-linux-gnueabihf/6/../../..] ==> dir [/usr/lib/gcc/arm-linux-gnueabihf/6/../../..]
    arg [-L/lib/arm-linux-gnueabihf] ==> dir [/lib/arm-linux-gnueabihf]
    arg [-L/usr/lib/arm-linux-gnueabihf] ==> dir [/usr/lib/arm-linux-gnueabihf]
    arg [CMakeFiles/cmTC_e336d.dir/CMakeCXXCompilerABI.cpp.o] ==> ignore
    arg [-lstdc++] ==> lib [stdc++]
    arg [-lm] ==> lib [m]
    arg [-lgcc_s] ==> lib [gcc_s]
    arg [-lgcc] ==> lib [gcc]
    arg [-lc] ==> lib [c]
    arg [-lgcc_s] ==> lib [gcc_s]
    arg [-lgcc] ==> lib [gcc]
    arg [/usr/lib/gcc/arm-linux-gnueabihf/6/crtend.o] ==> ignore
    arg [/usr/lib/gcc/arm-linux-gnueabihf/6/../../../arm-linux-gnueabihf/crtn.o] ==> ignore
  remove lib [gcc_s]
  remove lib [gcc]
  remove lib [gcc_s]
  remove lib [gcc]
  collapse library dir [/usr/lib/gcc/arm-linux-gnueabihf/6] ==> [/usr/lib/gcc/arm-linux-gnueabihf/6]
  collapse library dir [/usr/lib/gcc/arm-linux-gnueabihf/6/../../../arm-linux-gnueabihf] ==> [/usr/lib/arm-linux-gnueabihf]
  collapse library dir [/usr/lib/gcc/arm-linux-gnueabihf/6/../../..] ==> [/usr/lib]
  collapse library dir [/lib/arm-linux-gnueabihf] ==> [/lib/arm-linux-gnueabihf]
  collapse library dir [/usr/lib/arm-linux-gnueabihf] ==> [/usr/lib/arm-linux-gnueabihf]
  implicit libs: [stdc++;m;c]
  implicit dirs: [/usr/lib/gcc/arm-linux-gnueabihf/6;/usr/lib/arm-linux-gnueabihf;/usr/lib;/lib/arm-linux-gnueabihf]
  implicit fwks: []




Detecting CXX [-std=c++14] compiler features compiled with the following output:
Change Dir: /home/pi/download/plplot/build/CMakeFiles/CMakeTmp

Run Build Command:"/usr/bin/make" "cmTC_f0f79/fast"
/usr/bin/make -f CMakeFiles/cmTC_f0f79.dir/build.make CMakeFiles/cmTC_f0f79.dir/build
make[1]: Entering directory '/home/pi/download/plplot/build/CMakeFiles/CMakeTmp'
Building CXX object CMakeFiles/cmTC_f0f79.dir/feature_tests.cxx.o
/usr/bin/c++     -std=c++14 -o CMakeFiles/cmTC_f0f79.dir/feature_tests.cxx.o -c /home/pi/download/plplot/build/CMakeFiles/feature_tests.cxx
Linking CXX executable cmTC_f0f79
/usr/bin/cmake -E cmake_link_script CMakeFiles/cmTC_f0f79.dir/link.txt --verbose=1
/usr/bin/c++        CMakeFiles/cmTC_f0f79.dir/feature_tests.cxx.o  -o cmTC_f0f79 
make[1]: Leaving directory '/home/pi/download/plplot/build/CMakeFiles/CMakeTmp'


    Feature record: CXX_FEATURE:1cxx_aggregate_default_initializers
    Feature record: CXX_FEATURE:1cxx_alias_templates
    Feature record: CXX_FEATURE:1cxx_alignas
    Feature record: CXX_FEATURE:1cxx_alignof
    Feature record: CXX_FEATURE:1cxx_attributes
    Feature record: CXX_FEATURE:1cxx_attribute_deprecated
    Feature record: CXX_FEATURE:1cxx_auto_type
    Feature record: CXX_FEATURE:1cxx_binary_literals
    Feature record: CXX_FEATURE:1cxx_constexpr
    Feature record: CXX_FEATURE:1cxx_contextual_conversions
    Feature record: CXX_FEATURE:1cxx_decltype
    Feature record: CXX_FEATURE:1cxx_decltype_auto
    Feature record: CXX_FEATURE:1cxx_decltype_incomplete_return_types
    Feature record: CXX_FEATURE:1cxx_default_function_template_args
    Feature record: CXX_FEATURE:1cxx_defaulted_functions
    Feature record: CXX_FEATURE:1cxx_defaulted_move_initializers
    Feature record: CXX_FEATURE:1cxx_delegating_constructors
    Feature record: CXX_FEATURE:1cxx_deleted_functions
    Feature record: CXX_FEATURE:1cxx_digit_separators
    Feature record: CXX_FEATURE:1cxx_enum_forward_declarations
    Feature record: CXX_FEATURE:1cxx_explicit_conversions
    Feature record: CXX_FEATURE:1cxx_extended_friend_declarations
    Feature record: CXX_FEATURE:1cxx_extern_templates
    Feature record: CXX_FEATURE:1cxx_final
    Feature record: CXX_FEATURE:1cxx_func_identifier
    Feature record: CXX_FEATURE:1cxx_generalized_initializers
    Feature record: CXX_FEATURE:1cxx_generic_lambdas
    Feature record: CXX_FEATURE:1cxx_inheriting_constructors
    Feature record: CXX_FEATURE:1cxx_inline_namespaces
    Feature record: CXX_FEATURE:1cxx_lambdas
    Feature record: CXX_FEATURE:1cxx_lambda_init_captures
    Feature record: CXX_FEATURE:1cxx_local_type_template_args
    Feature record: CXX_FEATURE:1cxx_long_long_type
    Feature record: CXX_FEATURE:1cxx_noexcept
    Feature record: CXX_FEATURE:1cxx_nonstatic_member_init
    Feature record: CXX_FEATURE:1cxx_nullptr
    Feature record: CXX_FEATURE:1cxx_override
    Feature record: CXX_FEATURE:1cxx_range_for
    Feature record: CXX_FEATURE:1cxx_raw_string_literals
    Feature record: CXX_FEATURE:1cxx_reference_qualified_functions
    Feature record: CXX_FEATURE:1cxx_relaxed_constexpr
    Feature record: CXX_FEATURE:1cxx_return_type_deduction
    Feature record: CXX_FEATURE:1cxx_right_angle_brackets
    Feature record: CXX_FEATURE:1cxx_rvalue_references
    Feature record: CXX_FEATURE:1cxx_sizeof_member
    Feature record: CXX_FEATURE:1cxx_static_assert
    Feature record: CXX_FEATURE:1cxx_strong_enums
    Feature record: CXX_FEATURE:1cxx_template_template_parameters
    Feature record: CXX_FEATURE:1cxx_thread_local
    Feature record: CXX_FEATURE:1cxx_trailing_return_types
    Feature record: CXX_FEATURE:1cxx_unicode_literals
    Feature record: CXX_FEATURE:1cxx_uniform_initialization
    Feature record: CXX_FEATURE:1cxx_unrestricted_unions
    Feature record: CXX_FEATURE:1cxx_user_literals
    Feature record: CXX_FEATURE:1cxx_variable_templates
    Feature record: CXX_FEATURE:1cxx_variadic_macros
    Feature record: CXX_FEATURE:1cxx_variadic_templates


Detecting CXX [-std=c++11] compiler features compiled with the following output:
Change Dir: /home/pi/download/plplot/build/CMakeFiles/CMakeTmp

Run Build Command:"/usr/bin/make" "cmTC_b5b9e/fast"
/usr/bin/make -f CMakeFiles/cmTC_b5b9e.dir/build.make CMakeFiles/cmTC_b5b9e.dir/build
make[1]: Entering directory '/home/pi/download/plplot/build/CMakeFiles/CMakeTmp'
Building CXX object CMakeFiles/cmTC_b5b9e.dir/feature_tests.cxx.o
/usr/bin/c++     -std=c++11 -o CMakeFiles/cmTC_b5b9e.dir/feature_tests.cxx.o -c /home/pi/download/plplot/build/CMakeFiles/feature_tests.cxx
Linking CXX executable cmTC_b5b9e
/usr/bin/cmake -E cmake_link_script CMakeFiles/cmTC_b5b9e.dir/link.txt --verbose=1
/usr/bin/c++        CMakeFiles/cmTC_b5b9e.dir/feature_tests.cxx.o  -o cmTC_b5b9e 
make[1]: Leaving directory '/home/pi/download/plplot/build/CMakeFiles/CMakeTmp'


    Feature record: CXX_FEATURE:0cxx_aggregate_default_initializers
    Feature record: CXX_FEATURE:1cxx_alias_templates
    Feature record: CXX_FEATURE:1cxx_alignas
    Feature record: CXX_FEATURE:1cxx_alignof
    Feature record: CXX_FEATURE:1cxx_attributes
    Feature record: CXX_FEATURE:0cxx_attribute_deprecated
    Feature record: CXX_FEATURE:1cxx_auto_type
    Feature record: CXX_FEATURE:0cxx_binary_literals
    Feature record: CXX_FEATURE:1cxx_constexpr
    Feature record: CXX_FEATURE:0cxx_contextual_conversions
    Feature record: CXX_FEATURE:1cxx_decltype
    Feature record: CXX_FEATURE:0cxx_decltype_auto
    Feature record: CXX_FEATURE:1cxx_decltype_incomplete_return_types
    Feature record: CXX_FEATURE:1cxx_default_function_template_args
    Feature record: CXX_FEATURE:1cxx_defaulted_functions
    Feature record: CXX_FEATURE:1cxx_defaulted_move_initializers
    Feature record: CXX_FEATURE:1cxx_delegating_constructors
    Feature record: CXX_FEATURE:1cxx_deleted_functions
    Feature record: CXX_FEATURE:0cxx_digit_separators
    Feature record: CXX_FEATURE:1cxx_enum_forward_declarations
    Feature record: CXX_FEATURE:1cxx_explicit_conversions
    Feature record: CXX_FEATURE:1cxx_extended_friend_declarations
    Feature record: CXX_FEATURE:1cxx_extern_templates
    Feature record: CXX_FEATURE:1cxx_final
    Feature record: CXX_FEATURE:1cxx_func_identifier
    Feature record: CXX_FEATURE:1cxx_generalized_initializers
    Feature record: CXX_FEATURE:0cxx_generic_lambdas
    Feature record: CXX_FEATURE:1cxx_inheriting_constructors
    Feature record: CXX_FEATURE:1cxx_inline_namespaces
    Feature record: CXX_FEATURE:1cxx_lambdas
    Feature record: CXX_FEATURE:0cxx_lambda_init_captures
    Feature record: CXX_FEATURE:1cxx_local_type_template_args
    Feature record: CXX_FEATURE:1cxx_long_long_type
    Feature record: CXX_FEATURE:1cxx_noexcept
    Feature record: CXX_FEATURE:1cxx_nonstatic_member_init
    Feature record: CXX_FEATURE:1cxx_nullptr
    Feature record: CXX_FEATURE:1cxx_override
    Feature record: CXX_FEATURE:1cxx_range_for
    Feature record: CXX_FEATURE:1cxx_raw_string_literals
    Feature record: CXX_FEATURE:1cxx_reference_qualified_functions
    Feature record: CXX_FEATURE:0cxx_relaxed_constexpr
    Feature record: CXX_FEATURE:0cxx_return_type_deduction
    Feature record: CXX_FEATURE:1cxx_right_angle_brackets
    Feature record: CXX_FEATURE:1cxx_rvalue_references
    Feature record: CXX_FEATURE:1cxx_sizeof_member
    Feature record: CXX_FEATURE:1cxx_static_assert
    Feature record: CXX_FEATURE:1cxx_strong_enums
    Feature record: CXX_FEATURE:1cxx_template_template_parameters
    Feature record: CXX_FEATURE:1cxx_thread_local
    Feature record: CXX_FEATURE:1cxx_trailing_return_types
    Feature record: CXX_FEATURE:1cxx_unicode_literals
    Feature record: CXX_FEATURE:1cxx_uniform_initialization
    Feature record: CXX_FEATURE:1cxx_unrestricted_unions
    Feature record: CXX_FEATURE:1cxx_user_literals
    Feature record: CXX_FEATURE:0cxx_variable_templates
    Feature record: CXX_FEATURE:1cxx_variadic_macros
    Feature record: CXX_FEATURE:1cxx_variadic_templates


Detecting CXX [-std=c++98] compiler features compiled with the following output:
Change Dir: /home/pi/download/plplot/build/CMakeFiles/CMakeTmp

Run Build Command:"/usr/bin/make" "cmTC_0e52e/fast"
/usr/bin/make -f CMakeFiles/cmTC_0e52e.dir/build.make CMakeFiles/cmTC_0e52e.dir/build
make[1]: Entering directory '/home/pi/download/plplot/build/CMakeFiles/CMakeTmp'
Building CXX object CMakeFiles/cmTC_0e52e.dir/feature_tests.cxx.o
/usr/bin/c++     -std=c++98 -o CMakeFiles/cmTC_0e52e.dir/feature_tests.cxx.o -c /home/pi/download/plplot/build/CMakeFiles/feature_tests.cxx
Linking CXX executable cmTC_0e52e
/usr/bin/cmake -E cmake_link_script CMakeFiles/cmTC_0e52e.dir/link.txt --verbose=1
/usr/bin/c++        CMakeFiles/cmTC_0e52e.dir/feature_tests.cxx.o  -o cmTC_0e52e 
make[1]: Leaving directory '/home/pi/download/plplot/build/CMakeFiles/CMakeTmp'


    Feature record: CXX_FEATURE:0cxx_aggregate_default_initializers
    Feature record: CXX_FEATURE:0cxx_alias_templates
    Feature record: CXX_FEATURE:0cxx_alignas
    Feature record: CXX_FEATURE:0cxx_alignof
    Feature record: CXX_FEATURE:0cxx_attributes
    Feature record: CXX_FEATURE:0cxx_attribute_deprecated
    Feature record: CXX_FEATURE:0cxx_auto_type
    Feature record: CXX_FEATURE:0cxx_binary_literals
    Feature record: CXX_FEATURE:0cxx_constexpr
    Feature record: CXX_FEATURE:0cxx_contextual_conversions
    Feature record: CXX_FEATURE:0cxx_decltype
    Feature record: CXX_FEATURE:0cxx_decltype_auto
    Feature record: CXX_FEATURE:0cxx_decltype_incomplete_return_types
    Feature record: CXX_FEATURE:0cxx_default_function_template_args
    Feature record: CXX_FEATURE:0cxx_defaulted_functions
    Feature record: CXX_FEATURE:0cxx_defaulted_move_initializers
    Feature record: CXX_FEATURE:0cxx_delegating_constructors
    Feature record: CXX_FEATURE:0cxx_deleted_functions
    Feature record: CXX_FEATURE:0cxx_digit_separators
    Feature record: CXX_FEATURE:0cxx_enum_forward_declarations
    Feature record: CXX_FEATURE:0cxx_explicit_conversions
    Feature record: CXX_FEATURE:0cxx_extended_friend_declarations
    Feature record: CXX_FEATURE:0cxx_extern_templates
    Feature record: CXX_FEATURE:0cxx_final
    Feature record: CXX_FEATURE:0cxx_func_identifier
    Feature record: CXX_FEATURE:0cxx_generalized_initializers
    Feature record: CXX_FEATURE:0cxx_generic_lambdas
    Feature record: CXX_FEATURE:0cxx_inheriting_constructors
    Feature record: CXX_FEATURE:0cxx_inline_namespaces
    Feature record: CXX_FEATURE:0cxx_lambdas
    Feature record: CXX_FEATURE:0cxx_lambda_init_captures
    Feature record: CXX_FEATURE:0cxx_local_type_template_args
    Feature record: CXX_FEATURE:0cxx_long_long_type
    Feature record: CXX_FEATURE:0cxx_noexcept
    Feature record: CXX_FEATURE:0cxx_nonstatic_member_init
    Feature record: CXX_FEATURE:0cxx_nullptr
    Feature record: CXX_FEATURE:0cxx_override
    Feature record: CXX_FEATURE:0cxx_range_for
    Feature record: CXX_FEATURE:0cxx_raw_string_literals
    Feature record: CXX_FEATURE:0cxx_reference_qualified_functions
    Feature record: CXX_FEATURE:0cxx_relaxed_constexpr
    Feature record: CXX_FEATURE:0cxx_return_type_deduction
    Feature record: CXX_FEATURE:0cxx_right_angle_brackets
    Feature record: CXX_FEATURE:0cxx_rvalue_references
    Feature record: CXX_FEATURE:0cxx_sizeof_member
    Feature record: CXX_FEATURE:0cxx_static_assert
    Feature record: CXX_FEATURE:0cxx_strong_enums
    Feature record: CXX_FEATURE:1cxx_template_template_parameters
    Feature record: CXX_FEATURE:0cxx_thread_local
    Feature record: CXX_FEATURE:0cxx_trailing_return_types
    Feature record: CXX_FEATURE:0cxx_unicode_literals
    Feature record: CXX_FEATURE:0cxx_uniform_initialization
    Feature record: CXX_FEATURE:0cxx_unrestricted_unions
    Feature record: CXX_FEATURE:0cxx_user_literals
    Feature record: CXX_FEATURE:0cxx_variable_templates
    Feature record: CXX_FEATURE:0cxx_variadic_macros
    Feature record: CXX_FEATURE:0cxx_variadic_templates
Determining if the CXX compiler has using namespace passed with the following output:
Change Dir: /home/pi/download/plplot/build/CMakeFiles/CMakeTmp

Run Build Command:"/usr/bin/make" "cmTC_bd562/fast"
/usr/bin/make -f CMakeFiles/cmTC_bd562.dir/build.make CMakeFiles/cmTC_bd562.dir/build
make[1]: Entering directory '/home/pi/download/plplot/build/CMakeFiles/CMakeTmp'
Building CXX object CMakeFiles/cmTC_bd562.dir/TestForNamespace.cxx.o
/usr/bin/c++      -o CMakeFiles/cmTC_bd562.dir/TestForNamespace.cxx.o -c /home/pi/download/plplot/plplot-5.13.0/cmake/modules/TestForNamespace.cxx
Linking CXX executable cmTC_bd562
/usr/bin/cmake -E cmake_link_script CMakeFiles/cmTC_bd562.dir/link.txt --verbose=1
/usr/bin/c++        CMakeFiles/cmTC_bd562.dir/TestForNamespace.cxx.o  -o cmTC_bd562 
make[1]: Leaving directory '/home/pi/download/plplot/build/CMakeFiles/CMakeTmp'


Determining if the include file cmath exists passed with the following output:
Change Dir: /home/pi/download/plplot/build/CMakeFiles/CMakeTmp

Run Build Command:"/usr/bin/make" "cmTC_3017b/fast"
/usr/bin/make -f CMakeFiles/cmTC_3017b.dir/build.make CMakeFiles/cmTC_3017b.dir/build
make[1]: Entering directory '/home/pi/download/plplot/build/CMakeFiles/CMakeTmp'
Building CXX object CMakeFiles/cmTC_3017b.dir/CheckIncludeFile.cxx.o
/usr/bin/c++      -o CMakeFiles/cmTC_3017b.dir/CheckIncludeFile.cxx.o -c /home/pi/download/plplot/build/CMakeFiles/CMakeTmp/CheckIncludeFile.cxx
Linking CXX executable cmTC_3017b
/usr/bin/cmake -E cmake_link_script CMakeFiles/cmTC_3017b.dir/link.txt --verbose=1
/usr/bin/c++        CMakeFiles/cmTC_3017b.dir/CheckIncludeFile.cxx.o  -o cmTC_3017b 
make[1]: Leaving directory '/home/pi/download/plplot/build/CMakeFiles/CMakeTmp'


Determining if <cmake> contains isnan passed with the following output:
Change Dir: /home/pi/download/plplot/build/CMakeFiles/CMakeTmp

Run Build Command:"/usr/bin/make" "cmTC_1d0ba/fast"
/usr/bin/make -f CMakeFiles/cmTC_1d0ba.dir/build.make CMakeFiles/cmTC_1d0ba.dir/build
make[1]: Entering directory '/home/pi/download/plplot/build/CMakeFiles/CMakeTmp'
Building CXX object CMakeFiles/cmTC_1d0ba.dir/TestBrokenIsnanCXX.cxx.o
/usr/bin/c++      -o CMakeFiles/cmTC_1d0ba.dir/TestBrokenIsnanCXX.cxx.o -c /home/pi/download/plplot/plplot-5.13.0/cmake/modules/TestBrokenIsnanCXX.cxx
Linking CXX executable cmTC_1d0ba
/usr/bin/cmake -E cmake_link_script CMakeFiles/cmTC_1d0ba.dir/link.txt --verbose=1
/usr/bin/c++        CMakeFiles/cmTC_1d0ba.dir/TestBrokenIsnanCXX.cxx.o  -o cmTC_1d0ba 
make[1]: Leaving directory '/home/pi/download/plplot/build/CMakeFiles/CMakeTmp'


Determining if the CXX compiler supports using stdint.h passed with the following output:
Change Dir: /home/pi/download/plplot/build/CMakeFiles/CMakeTmp

Run Build Command:"/usr/bin/make" "cmTC_59b8d/fast"
/usr/bin/make -f CMakeFiles/cmTC_59b8d.dir/build.make CMakeFiles/cmTC_59b8d.dir/build
make[1]: Entering directory '/home/pi/download/plplot/build/CMakeFiles/CMakeTmp'
Building CXX object CMakeFiles/cmTC_59b8d.dir/TestForStdintCXX.cxx.o
/usr/bin/c++      -o CMakeFiles/cmTC_59b8d.dir/TestForStdintCXX.cxx.o -c /home/pi/download/plplot/plplot-5.13.0/cmake/modules/TestForStdintCXX.cxx
Linking CXX executable cmTC_59b8d
/usr/bin/cmake -E cmake_link_script CMakeFiles/cmTC_59b8d.dir/link.txt --verbose=1
/usr/bin/c++        CMakeFiles/cmTC_59b8d.dir/TestForStdintCXX.cxx.o  -o cmTC_59b8d 
make[1]: Leaving directory '/home/pi/download/plplot/build/CMakeFiles/CMakeTmp'


Determining if the function XOpenDisplay exists in the /usr/lib/arm-linux-gnueabihf/libX11.so;/usr/lib/arm-linux-gnueabihf/libXext.so passed with the following output:
Change Dir: /home/pi/download/plplot/build/CMakeFiles/CMakeTmp

Run Build Command:"/usr/bin/make" "cmTC_41490/fast"
/usr/bin/make -f CMakeFiles/cmTC_41490.dir/build.make CMakeFiles/cmTC_41490.dir/build
make[1]: Entering directory '/home/pi/download/plplot/build/CMakeFiles/CMakeTmp'
Building C object CMakeFiles/cmTC_41490.dir/CheckFunctionExists.c.o
/usr/bin/cc    -DCHECK_FUNCTION_EXISTS=XOpenDisplay   -o CMakeFiles/cmTC_41490.dir/CheckFunctionExists.c.o   -c /usr/share/cmake-3.7/Modules/CheckFunctionExists.c
Linking C executable cmTC_41490
/usr/bin/cmake -E cmake_link_script CMakeFiles/cmTC_41490.dir/link.txt --verbose=1
/usr/bin/cc   -DCHECK_FUNCTION_EXISTS=XOpenDisplay    CMakeFiles/cmTC_41490.dir/CheckFunctionExists.c.o  -o cmTC_41490 /usr/lib/arm-linux-gnueabihf/libX11.so /usr/lib/arm-linux-gnueabihf/libXext.so 
make[1]: Leaving directory '/home/pi/download/plplot/build/CMakeFiles/CMakeTmp'


Determining if the function gethostbyname exists passed with the following output:
Change Dir: /home/pi/download/plplot/build/CMakeFiles/CMakeTmp

Run Build Command:"/usr/bin/make" "cmTC_95440/fast"
/usr/bin/make -f CMakeFiles/cmTC_95440.dir/build.make CMakeFiles/cmTC_95440.dir/build
make[1]: Entering directory '/home/pi/download/plplot/build/CMakeFiles/CMakeTmp'
Building C object CMakeFiles/cmTC_95440.dir/CheckFunctionExists.c.o
/usr/bin/cc    -DCHECK_FUNCTION_EXISTS=gethostbyname   -o CMakeFiles/cmTC_95440.dir/CheckFunctionExists.c.o   -c /usr/share/cmake-3.7/Modules/CheckFunctionExists.c
Linking C executable cmTC_95440
/usr/bin/cmake -E cmake_link_script CMakeFiles/cmTC_95440.dir/link.txt --verbose=1
/usr/bin/cc   -DCHECK_FUNCTION_EXISTS=gethostbyname    CMakeFiles/cmTC_95440.dir/CheckFunctionExists.c.o  -o cmTC_95440 
make[1]: Leaving directory '/home/pi/download/plplot/build/CMakeFiles/CMakeTmp'


Determining if the function connect exists passed with the following output:
Change Dir: /home/pi/download/plplot/build/CMakeFiles/CMakeTmp

Run Build Command:"/usr/bin/make" "cmTC_9aee9/fast"
/usr/bin/make -f CMakeFiles/cmTC_9aee9.dir/build.make CMakeFiles/cmTC_9aee9.dir/build
make[1]: Entering directory '/home/pi/download/plplot/build/CMakeFiles/CMakeTmp'
Building C object CMakeFiles/cmTC_9aee9.dir/CheckFunctionExists.c.o
/usr/bin/cc    -DCHECK_FUNCTION_EXISTS=connect   -o CMakeFiles/cmTC_9aee9.dir/CheckFunctionExists.c.o   -c /usr/share/cmake-3.7/Modules/CheckFunctionExists.c
Linking C executable cmTC_9aee9
/usr/bin/cmake -E cmake_link_script CMakeFiles/cmTC_9aee9.dir/link.txt --verbose=1
/usr/bin/cc   -DCHECK_FUNCTION_EXISTS=connect    CMakeFiles/cmTC_9aee9.dir/CheckFunctionExists.c.o  -o cmTC_9aee9 
make[1]: Leaving directory '/home/pi/download/plplot/build/CMakeFiles/CMakeTmp'


Determining if the function remove exists passed with the following output:
Change Dir: /home/pi/download/plplot/build/CMakeFiles/CMakeTmp

Run Build Command:"/usr/bin/make" "cmTC_12901/fast"
/usr/bin/make -f CMakeFiles/cmTC_12901.dir/build.make CMakeFiles/cmTC_12901.dir/build
make[1]: Entering directory '/home/pi/download/plplot/build/CMakeFiles/CMakeTmp'
Building C object CMakeFiles/cmTC_12901.dir/CheckFunctionExists.c.o
/usr/bin/cc    -DCHECK_FUNCTION_EXISTS=remove   -o CMakeFiles/cmTC_12901.dir/CheckFunctionExists.c.o   -c /usr/share/cmake-3.7/Modules/CheckFunctionExists.c
Linking C executable cmTC_12901
/usr/bin/cmake -E cmake_link_script CMakeFiles/cmTC_12901.dir/link.txt --verbose=1
/usr/bin/cc   -DCHECK_FUNCTION_EXISTS=remove    CMakeFiles/cmTC_12901.dir/CheckFunctionExists.c.o  -o cmTC_12901 
make[1]: Leaving directory '/home/pi/download/plplot/build/CMakeFiles/CMakeTmp'


Determining if the function shmat exists passed with the following output:
Change Dir: /home/pi/download/plplot/build/CMakeFiles/CMakeTmp

Run Build Command:"/usr/bin/make" "cmTC_64996/fast"
/usr/bin/make -f CMakeFiles/cmTC_64996.dir/build.make CMakeFiles/cmTC_64996.dir/build
make[1]: Entering directory '/home/pi/download/plplot/build/CMakeFiles/CMakeTmp'
Building C object CMakeFiles/cmTC_64996.dir/CheckFunctionExists.c.o
/usr/bin/cc    -DCHECK_FUNCTION_EXISTS=shmat   -o CMakeFiles/cmTC_64996.dir/CheckFunctionExists.c.o   -c /usr/share/cmake-3.7/Modules/CheckFunctionExists.c
Linking C executable cmTC_64996
/usr/bin/cmake -E cmake_link_script CMakeFiles/cmTC_64996.dir/link.txt --verbose=1
/usr/bin/cc   -DCHECK_FUNCTION_EXISTS=shmat    CMakeFiles/cmTC_64996.dir/CheckFunctionExists.c.o  -o cmTC_64996 
make[1]: Leaving directory '/home/pi/download/plplot/build/CMakeFiles/CMakeTmp'


Determining if the function IceConnectionNumber exists in the ICE passed with the following output:
Change Dir: /home/pi/download/plplot/build/CMakeFiles/CMakeTmp

Run Build Command:"/usr/bin/make" "cmTC_c296c/fast"
/usr/bin/make -f CMakeFiles/cmTC_c296c.dir/build.make CMakeFiles/cmTC_c296c.dir/build
make[1]: Entering directory '/home/pi/download/plplot/build/CMakeFiles/CMakeTmp'
Building C object CMakeFiles/cmTC_c296c.dir/CheckFunctionExists.c.o
/usr/bin/cc    -DCHECK_FUNCTION_EXISTS=IceConnectionNumber   -o CMakeFiles/cmTC_c296c.dir/CheckFunctionExists.c.o   -c /usr/share/cmake-3.7/Modules/CheckFunctionExists.c
Linking C executable cmTC_c296c
/usr/bin/cmake -E cmake_link_script CMakeFiles/cmTC_c296c.dir/link.txt --verbose=1
/usr/bin/cc   -DCHECK_FUNCTION_EXISTS=IceConnectionNumber    CMakeFiles/cmTC_c296c.dir/CheckFunctionExists.c.o  -o cmTC_c296c -lICE 
make[1]: Leaving directory '/home/pi/download/plplot/build/CMakeFiles/CMakeTmp'


Compiling the Fortran compiler identification source file "CMakeFortranCompilerId.F" succeeded.
Compiler: /usr/bin/gfortran 
Build flags: 
Id flags: -v

The output was:
0
Driving: /usr/bin/gfortran -v CMakeFortranCompilerId.F -l gfortran -l m -shared-libgcc
Using built-in specs.
COLLECT_GCC=/usr/bin/gfortran
COLLECT_LTO_WRAPPER=/usr/lib/gcc/arm-linux-gnueabihf/6/lto-wrapper
Target: arm-linux-gnueabihf
Configured with: ../src/configure -v --with-pkgversion='Raspbian 6.3.0-18+rpi1' --with-bugurl=file:///usr/share/doc/gcc-6/README.Bugs --enable-languages=c,ada,c++,java,go,d,fortran,objc,obj-c++ --prefix=/usr --program-suffix=-6 --program-prefix=arm-linux-gnueabihf- --enable-shared --enable-linker-build-id --libexecdir=/usr/lib --without-included-gettext --enable-threads=posix --libdir=/usr/lib --enable-nls --with-sysroot=/ --enable-clocale=gnu --enable-libstdcxx-debug --enable-libstdcxx-time=yes --with-default-libstdcxx-abi=new --enable-gnu-unique-object --disable-libitm --disable-libquadmath --enable-plugin --with-system-zlib --disable-browser-plugin --enable-java-awt=gtk --enable-gtk-cairo --with-java-home=/usr/lib/jvm/java-1.5.0-gcj-6-armhf/jre --enable-java-home --with-jvm-root-dir=/usr/lib/jvm/java-1.5.0-gcj-6-armhf --with-jvm-jar-dir=/usr/lib/jvm-exports/java-1.5.0-gcj-6-armhf --with-arch-directory=arm --with-ecj-jar=/usr/share/java/eclipse-ecj.jar --with-target-system-zlib --enable-objc-gc=auto --enable-multiarch --disable-sjlj-exceptions --with-arch=armv6 --with-fpu=vfp --with-float=hard --enable-checking=release --build=arm-linux-gnueabihf --host=arm-linux-gnueabihf --target=arm-linux-gnueabihf
Thread model: posix
gcc version 6.3.0 20170516 (Raspbian 6.3.0-18+rpi1) 
COLLECT_GCC_OPTIONS='-v' '-shared-libgcc' '-march=armv6' '-mfloat-abi=hard' '-mfpu=vfp' '-mtls-dialect=gnu'
 /usr/lib/gcc/arm-linux-gnueabihf/6/f951 CMakeFortranCompilerId.F -ffixed-form -cpp=/tmp/ccWdoAjL.f90 -quiet -v -imultilib . -imultiarch arm-linux-gnueabihf CMakeFortranCompilerId.F -quiet -dumpbase CMakeFortranCompilerId.F -march=armv6 -mfloat-abi=hard -mfpu=vfp -mtls-dialect=gnu -auxbase CMakeFortranCompilerId -version -fintrinsic-modules-path /usr/lib/gcc/arm-linux-gnueabihf/6/finclude -o /tmp/ccy0bIsm.s
GNU Fortran (Raspbian 6.3.0-18+rpi1) version 6.3.0 20170516 (arm-linux-gnueabihf)
	compiled by GNU C version 6.3.0 20170516, GMP version 6.1.2, MPFR version 3.1.5, MPC version 1.0.3, isl version 0.15
GGC heuristics: --param ggc-min-expand=93 --param ggc-min-heapsize=118697
ignoring nonexistent directory "/usr/local/include/arm-linux-gnueabihf"
ignoring nonexistent directory "/usr/lib/gcc/arm-linux-gnueabihf/6/../../../../arm-linux-gnueabihf/include"
#include "..." search starts here:
#include <...> search starts here:
 /usr/lib/gcc/arm-linux-gnueabihf/6/finclude
 /usr/lib/gcc/arm-linux-gnueabihf/6/include
 /usr/local/include
 /usr/lib/gcc/arm-linux-gnueabihf/6/include-fixed
 /usr/include/arm-linux-gnueabihf
 /usr/include
End of search list.
GNU Fortran2008 (Raspbian 6.3.0-18+rpi1) version 6.3.0 20170516 (arm-linux-gnueabihf)
	compiled by GNU C version 6.3.0 20170516, GMP version 6.1.2, MPFR version 3.1.5, MPC version 1.0.3, isl version 0.15
GGC heuristics: --param ggc-min-expand=93 --param ggc-min-heapsize=118697
COLLECT_GCC_OPTIONS='-v' '-shared-libgcc' '-march=armv6' '-mfloat-abi=hard' '-mfpu=vfp' '-mtls-dialect=gnu'
 as -v -march=armv6 -mfloat-abi=hard -mfpu=vfp -meabi=5 -o /tmp/ccIkqZt3.o /tmp/ccy0bIsm.s
GNU assembler version 2.28 (arm-linux-gnueabihf) using BFD version (GNU Binutils for Raspbian) 2.28
Reading specs from /usr/lib/gcc/arm-linux-gnueabihf/6/libgfortran.spec
rename spec lib to liborig
COLLECT_GCC_OPTIONS='-v' '-shared-libgcc' '-march=armv6' '-mfloat-abi=hard' '-mfpu=vfp' '-mtls-dialect=gnu'
COMPILER_PATH=/usr/lib/gcc/arm-linux-gnueabihf/6/:/usr/lib/gcc/arm-linux-gnueabihf/6/:/usr/lib/gcc/arm-linux-gnueabihf/:/usr/lib/gcc/arm-linux-gnueabihf/6/:/usr/lib/gcc/arm-linux-gnueabihf/
LIBRARY_PATH=/usr/lib/gcc/arm-linux-gnueabihf/6/:/usr/lib/gcc/arm-linux-gnueabihf/6/../../../arm-linux-gnueabihf/:/usr/lib/gcc/arm-linux-gnueabihf/6/../../../:/lib/arm-linux-gnueabihf/:/lib/:/usr/lib/arm-linux-gnueabihf/:/usr/lib/
COLLECT_GCC_OPTIONS='-v' '-shared-libgcc' '-march=armv6' '-mfloat-abi=hard' '-mfpu=vfp' '-mtls-dialect=gnu'
 /usr/lib/gcc/arm-linux-gnueabihf/6/collect2 -plugin /usr/lib/gcc/arm-linux-gnueabihf/6/liblto_plugin.so -plugin-opt=/usr/lib/gcc/arm-linux-gnueabihf/6/lto-wrapper -plugin-opt=-fresolution=/tmp/cc42PHON.res -plugin-opt=-pass-through=-lgcc_s -plugin-opt=-pass-through=-lgcc -plugin-opt=-pass-through=-lm -plugin-opt=-pass-through=-lgcc_s -plugin-opt=-pass-through=-lgcc -plugin-opt=-pass-through=-lc -plugin-opt=-pass-through=-lgcc_s -plugin-opt=-pass-through=-lgcc --sysroot=/ --build-id --eh-frame-hdr -dynamic-linker /lib/ld-linux-armhf.so.3 -X --hash-style=gnu -m armelf_linux_eabi /usr/lib/gcc/arm-linux-gnueabihf/6/../../../arm-linux-gnueabihf/crt1.o /usr/lib/gcc/arm-linux-gnueabihf/6/../../../arm-linux-gnueabihf/crti.o /usr/lib/gcc/arm-linux-gnueabihf/6/crtbegin.o -L/usr/lib/gcc/arm-linux-gnueabihf/6 -L/usr/lib/gcc/arm-linux-gnueabihf/6/../../../arm-linux-gnueabihf -L/usr/lib/gcc/arm-linux-gnueabihf/6/../../.. -L/lib/arm-linux-gnueabihf -L/usr/lib/arm-linux-gnueabihf /tmp/ccIkqZt3.o -lgfortran -lm -lgcc_s -lgcc -lm -lgcc_s -lgcc -lc -lgcc_s -lgcc /usr/lib/gcc/arm-linux-gnueabihf/6/crtend.o /usr/lib/gcc/arm-linux-gnueabihf/6/../../../arm-linux-gnueabihf/crtn.o
COLLECT_GCC_OPTIONS='-v' '-shared-libgcc' '-march=armv6' '-mfloat-abi=hard' '-mfpu=vfp' '-mtls-dialect=gnu'


Compilation of the Fortran compiler identification source "CMakeFortranCompilerId.F" produced "a.out"

The Fortran compiler identification is GNU, found in "/home/pi/download/plplot/build/CMakeFiles/3.7.2/CompilerIdFortran/a.out"

Determining if the Fortran compiler works passed with the following output:
Change Dir: /home/pi/download/plplot/build/CMakeFiles/CMakeTmp

Run Build Command:"/usr/bin/make" "cmTC_7262c/fast"
/usr/bin/make -f CMakeFiles/cmTC_7262c.dir/build.make CMakeFiles/cmTC_7262c.dir/build
make[1]: Entering directory '/home/pi/download/plplot/build/CMakeFiles/CMakeTmp'
Building Fortran object CMakeFiles/cmTC_7262c.dir/testFortranCompiler.f.o
/usr/bin/gfortran     -c /home/pi/download/plplot/build/CMakeFiles/CMakeTmp/testFortranCompiler.f -o CMakeFiles/cmTC_7262c.dir/testFortranCompiler.f.o
Linking Fortran executable cmTC_7262c
/usr/bin/cmake -E cmake_link_script CMakeFiles/cmTC_7262c.dir/link.txt --verbose=1
/usr/bin/gfortran       CMakeFiles/cmTC_7262c.dir/testFortranCompiler.f.o  -o cmTC_7262c 
make[1]: Leaving directory '/home/pi/download/plplot/build/CMakeFiles/CMakeTmp'


Detecting Fortran compiler ABI info compiled with the following output:
Change Dir: /home/pi/download/plplot/build/CMakeFiles/CMakeTmp

Run Build Command:"/usr/bin/make" "cmTC_e7001/fast"
/usr/bin/make -f CMakeFiles/cmTC_e7001.dir/build.make CMakeFiles/cmTC_e7001.dir/build
make[1]: Entering directory '/home/pi/download/plplot/build/CMakeFiles/CMakeTmp'
Building Fortran object CMakeFiles/cmTC_e7001.dir/CMakeFortranCompilerABI.F.o
/usr/bin/gfortran     -c /usr/share/cmake-3.7/Modules/CMakeFortranCompilerABI.F -o CMakeFiles/cmTC_e7001.dir/CMakeFortranCompilerABI.F.o
Linking Fortran executable cmTC_e7001
/usr/bin/cmake -E cmake_link_script CMakeFiles/cmTC_e7001.dir/link.txt --verbose=1
/usr/bin/gfortran    -v   CMakeFiles/cmTC_e7001.dir/CMakeFortranCompilerABI.F.o  -o cmTC_e7001  
Driving: /usr/bin/gfortran -v CMakeFiles/cmTC_e7001.dir/CMakeFortranCompilerABI.F.o -o cmTC_e7001 -l gfortran -l m -shared-libgcc
Using built-in specs.
COLLECT_GCC=/usr/bin/gfortran
COLLECT_LTO_WRAPPER=/usr/lib/gcc/arm-linux-gnueabihf/6/lto-wrapper
Target: arm-linux-gnueabihf
Configured with: ../src/configure -v --with-pkgversion='Raspbian 6.3.0-18+rpi1' --with-bugurl=file:///usr/share/doc/gcc-6/README.Bugs --enable-languages=c,ada,c++,java,go,d,fortran,objc,obj-c++ --prefix=/usr --program-suffix=-6 --program-prefix=arm-linux-gnueabihf- --enable-shared --enable-linker-build-id --libexecdir=/usr/lib --without-included-gettext --enable-threads=posix --libdir=/usr/lib --enable-nls --with-sysroot=/ --enable-clocale=gnu --enable-libstdcxx-debug --enable-libstdcxx-time=yes --with-default-libstdcxx-abi=new --enable-gnu-unique-object --disable-libitm --disable-libquadmath --enable-plugin --with-system-zlib --disable-browser-plugin --enable-java-awt=gtk --enable-gtk-cairo --with-java-home=/usr/lib/jvm/java-1.5.0-gcj-6-armhf/jre --enable-java-home --with-jvm-root-dir=/usr/lib/jvm/java-1.5.0-gcj-6-armhf --with-jvm-jar-dir=/usr/lib/jvm-exports/java-1.5.0-gcj-6-armhf --with-arch-directory=arm --with-ecj-jar=/usr/share/java/eclipse-ecj.jar --with-target-system-zlib --enable-objc-gc=auto --enable-multiarch --disable-sjlj-exceptions --with-arch=armv6 --with-fpu=vfp --with-float=hard --enable-checking=release --build=arm-linux-gnueabihf --host=arm-linux-gnueabihf --target=arm-linux-gnueabihf
Thread model: posix
gcc version 6.3.0 20170516 (Raspbian 6.3.0-18+rpi1) 
Reading specs from /usr/lib/gcc/arm-linux-gnueabihf/6/libgfortran.spec
rename spec lib to liborig
COLLECT_GCC_OPTIONS='-v' '-o' 'cmTC_e7001' '-shared-libgcc' '-march=armv6' '-mfloat-abi=hard' '-mfpu=vfp' '-mtls-dialect=gnu'
COMPILER_PATH=/usr/lib/gcc/arm-linux-gnueabihf/6/:/usr/lib/gcc/arm-linux-gnueabihf/6/:/usr/lib/gcc/arm-linux-gnueabihf/:/usr/lib/gcc/arm-linux-gnueabihf/6/:/usr/lib/gcc/arm-linux-gnueabihf/
LIBRARY_PATH=/usr/lib/gcc/arm-linux-gnueabihf/6/:/usr/lib/gcc/arm-linux-gnueabihf/6/../../../arm-linux-gnueabihf/:/usr/lib/gcc/arm-linux-gnueabihf/6/../../../:/lib/arm-linux-gnueabihf/:/lib/:/usr/lib/arm-linux-gnueabihf/:/usr/lib/
COLLECT_GCC_OPTIONS='-v' '-o' 'cmTC_e7001' '-shared-libgcc' '-march=armv6' '-mfloat-abi=hard' '-mfpu=vfp' '-mtls-dialect=gnu'
 /usr/lib/gcc/arm-linux-gnueabihf/6/collect2 -plugin /usr/lib/gcc/arm-linux-gnueabihf/6/liblto_plugin.so -plugin-opt=/usr/lib/gcc/arm-linux-gnueabihf/6/lto-wrapper -plugin-opt=-fresolution=/tmp/ccAIVsKR.res -plugin-opt=-pass-through=-lgcc_s -plugin-opt=-pass-through=-lgcc -plugin-opt=-pass-through=-lm -plugin-opt=-pass-through=-lgcc_s -plugin-opt=-pass-through=-lgcc -plugin-opt=-pass-through=-lc -plugin-opt=-pass-through=-lgcc_s -plugin-opt=-pass-through=-lgcc --sysroot=/ --build-id --eh-frame-hdr -dynamic-linker /lib/ld-linux-armhf.so.3 -X --hash-style=gnu -m armelf_linux_eabi -o cmTC_e7001 /usr/lib/gcc/arm-linux-gnueabihf/6/../../../arm-linux-gnueabihf/crt1.o /usr/lib/gcc/arm-linux-gnueabihf/6/../../../arm-linux-gnueabihf/crti.o /usr/lib/gcc/arm-linux-gnueabihf/6/crtbegin.o -L/usr/lib/gcc/arm-linux-gnueabihf/6 -L/usr/lib/gcc/arm-linux-gnueabihf/6/../../../arm-linux-gnueabihf -L/usr/lib/gcc/arm-linux-gnueabihf/6/../../.. -L/lib/arm-linux-gnueabihf -L/usr/lib/arm-linux-gnueabihf CMakeFiles/cmTC_e7001.dir/CMakeFortranCompilerABI.F.o -lgfortran -lm -lgcc_s -lgcc -lm -lgcc_s -lgcc -lc -lgcc_s -lgcc /usr/lib/gcc/arm-linux-gnueabihf/6/crtend.o /usr/lib/gcc/arm-linux-gnueabihf/6/../../../arm-linux-gnueabihf/crtn.o
COLLECT_GCC_OPTIONS='-v' '-o' 'cmTC_e7001' '-shared-libgcc' '-march=armv6' '-mfloat-abi=hard' '-mfpu=vfp' '-mtls-dialect=gnu'
make[1]: Leaving directory '/home/pi/download/plplot/build/CMakeFiles/CMakeTmp'


Parsed Fortran implicit link information from above output:
  link line regex: [^( *|.*[/\])(ld|([^/\]+-)?ld|collect2)[^/\]*( |$)]
  ignore line: [Change Dir: /home/pi/download/plplot/build/CMakeFiles/CMakeTmp]
  ignore line: []
  ignore line: [Run Build Command:"/usr/bin/make" "cmTC_e7001/fast"]
  ignore line: [/usr/bin/make -f CMakeFiles/cmTC_e7001.dir/build.make CMakeFiles/cmTC_e7001.dir/build]
  ignore line: [make[1]: Entering directory '/home/pi/download/plplot/build/CMakeFiles/CMakeTmp']
  ignore line: [Building Fortran object CMakeFiles/cmTC_e7001.dir/CMakeFortranCompilerABI.F.o]
  ignore line: [/usr/bin/gfortran     -c /usr/share/cmake-3.7/Modules/CMakeFortranCompilerABI.F -o CMakeFiles/cmTC_e7001.dir/CMakeFortranCompilerABI.F.o]
  ignore line: [Linking Fortran executable cmTC_e7001]
  ignore line: [/usr/bin/cmake -E cmake_link_script CMakeFiles/cmTC_e7001.dir/link.txt --verbose=1]
  ignore line: [/usr/bin/gfortran    -v   CMakeFiles/cmTC_e7001.dir/CMakeFortranCompilerABI.F.o  -o cmTC_e7001  ]
  ignore line: [Driving: /usr/bin/gfortran -v CMakeFiles/cmTC_e7001.dir/CMakeFortranCompilerABI.F.o -o cmTC_e7001 -l gfortran -l m -shared-libgcc]
  ignore line: [Using built-in specs.]
  ignore line: [COLLECT_GCC=/usr/bin/gfortran]
  ignore line: [COLLECT_LTO_WRAPPER=/usr/lib/gcc/arm-linux-gnueabihf/6/lto-wrapper]
  ignore line: [Target: arm-linux-gnueabihf]
  ignore line: [Configured with: ../src/configure -v --with-pkgversion='Raspbian 6.3.0-18+rpi1' --with-bugurl=file:///usr/share/doc/gcc-6/README.Bugs --enable-languages=c,ada,c++,java,go,d,fortran,objc,obj-c++ --prefix=/usr --program-suffix=-6 --program-prefix=arm-linux-gnueabihf- --enable-shared --enable-linker-build-id --libexecdir=/usr/lib --without-included-gettext --enable-threads=posix --libdir=/usr/lib --enable-nls --with-sysroot=/ --enable-clocale=gnu --enable-libstdcxx-debug --enable-libstdcxx-time=yes --with-default-libstdcxx-abi=new --enable-gnu-unique-object --disable-libitm --disable-libquadmath --enable-plugin --with-system-zlib --disable-browser-plugin --enable-java-awt=gtk --enable-gtk-cairo --with-java-home=/usr/lib/jvm/java-1.5.0-gcj-6-armhf/jre --enable-java-home --with-jvm-root-dir=/usr/lib/jvm/java-1.5.0-gcj-6-armhf --with-jvm-jar-dir=/usr/lib/jvm-exports/java-1.5.0-gcj-6-armhf --with-arch-directory=arm --with-ecj-jar=/usr/share/java/eclipse-ecj.jar --with-target-system-zlib --enable-objc-gc=auto --enable-multiarch --disable-sjlj-exceptions --with-arch=armv6 --with-fpu=vfp --with-float=hard --enable-checking=release --build=arm-linux-gnueabihf --host=arm-linux-gnueabihf --target=arm-linux-gnueabihf]
  ignore line: [Thread model: posix]
  ignore line: [gcc version 6.3.0 20170516 (Raspbian 6.3.0-18+rpi1) ]
  ignore line: [Reading specs from /usr/lib/gcc/arm-linux-gnueabihf/6/libgfortran.spec]
  ignore line: [rename spec lib to liborig]
  ignore line: [COLLECT_GCC_OPTIONS='-v' '-o' 'cmTC_e7001' '-shared-libgcc' '-march=armv6' '-mfloat-abi=hard' '-mfpu=vfp' '-mtls-dialect=gnu']
  ignore line: [COMPILER_PATH=/usr/lib/gcc/arm-linux-gnueabihf/6/:/usr/lib/gcc/arm-linux-gnueabihf/6/:/usr/lib/gcc/arm-linux-gnueabihf/:/usr/lib/gcc/arm-linux-gnueabihf/6/:/usr/lib/gcc/arm-linux-gnueabihf/]
  ignore line: [LIBRARY_PATH=/usr/lib/gcc/arm-linux-gnueabihf/6/:/usr/lib/gcc/arm-linux-gnueabihf/6/../../../arm-linux-gnueabihf/:/usr/lib/gcc/arm-linux-gnueabihf/6/../../../:/lib/arm-linux-gnueabihf/:/lib/:/usr/lib/arm-linux-gnueabihf/:/usr/lib/]
  ignore line: [COLLECT_GCC_OPTIONS='-v' '-o' 'cmTC_e7001' '-shared-libgcc' '-march=armv6' '-mfloat-abi=hard' '-mfpu=vfp' '-mtls-dialect=gnu']
  link line: [ /usr/lib/gcc/arm-linux-gnueabihf/6/collect2 -plugin /usr/lib/gcc/arm-linux-gnueabihf/6/liblto_plugin.so -plugin-opt=/usr/lib/gcc/arm-linux-gnueabihf/6/lto-wrapper -plugin-opt=-fresolution=/tmp/ccAIVsKR.res -plugin-opt=-pass-through=-lgcc_s -plugin-opt=-pass-through=-lgcc -plugin-opt=-pass-through=-lm -plugin-opt=-pass-through=-lgcc_s -plugin-opt=-pass-through=-lgcc -plugin-opt=-pass-through=-lc -plugin-opt=-pass-through=-lgcc_s -plugin-opt=-pass-through=-lgcc --sysroot=/ --build-id --eh-frame-hdr -dynamic-linker /lib/ld-linux-armhf.so.3 -X --hash-style=gnu -m armelf_linux_eabi -o cmTC_e7001 /usr/lib/gcc/arm-linux-gnueabihf/6/../../../arm-linux-gnueabihf/crt1.o /usr/lib/gcc/arm-linux-gnueabihf/6/../../../arm-linux-gnueabihf/crti.o /usr/lib/gcc/arm-linux-gnueabihf/6/crtbegin.o -L/usr/lib/gcc/arm-linux-gnueabihf/6 -L/usr/lib/gcc/arm-linux-gnueabihf/6/../../../arm-linux-gnueabihf -L/usr/lib/gcc/arm-linux-gnueabihf/6/../../.. -L/lib/arm-linux-gnueabihf -L/usr/lib/arm-linux-gnueabihf CMakeFiles/cmTC_e7001.dir/CMakeFortranCompilerABI.F.o -lgfortran -lm -lgcc_s -lgcc -lm -lgcc_s -lgcc -lc -lgcc_s -lgcc /usr/lib/gcc/arm-linux-gnueabihf/6/crtend.o /usr/lib/gcc/arm-linux-gnueabihf/6/../../../arm-linux-gnueabihf/crtn.o]
    arg [/usr/lib/gcc/arm-linux-gnueabihf/6/collect2] ==> ignore
    arg [-plugin] ==> ignore
    arg [/usr/lib/gcc/arm-linux-gnueabihf/6/liblto_plugin.so] ==> ignore
    arg [-plugin-opt=/usr/lib/gcc/arm-linux-gnueabihf/6/lto-wrapper] ==> ignore
    arg [-plugin-opt=-fresolution=/tmp/ccAIVsKR.res] ==> ignore
    arg [-plugin-opt=-pass-through=-lgcc_s] ==> ignore
    arg [-plugin-opt=-pass-through=-lgcc] ==> ignore
    arg [-plugin-opt=-pass-through=-lm] ==> ignore
    arg [-plugin-opt=-pass-through=-lgcc_s] ==> ignore
    arg [-plugin-opt=-pass-through=-lgcc] ==> ignore
    arg [-plugin-opt=-pass-through=-lc] ==> ignore
    arg [-plugin-opt=-pass-through=-lgcc_s] ==> ignore
    arg [-plugin-opt=-pass-through=-lgcc] ==> ignore
    arg [--sysroot=/] ==> ignore
    arg [--build-id] ==> ignore
    arg [--eh-frame-hdr] ==> ignore
    arg [-dynamic-linker] ==> ignore
    arg [/lib/ld-linux-armhf.so.3] ==> ignore
    arg [-X] ==> ignore
    arg [--hash-style=gnu] ==> ignore
    arg [-m] ==> ignore
    arg [armelf_linux_eabi] ==> ignore
    arg [-o] ==> ignore
    arg [cmTC_e7001] ==> ignore
    arg [/usr/lib/gcc/arm-linux-gnueabihf/6/../../../arm-linux-gnueabihf/crt1.o] ==> ignore
    arg [/usr/lib/gcc/arm-linux-gnueabihf/6/../../../arm-linux-gnueabihf/crti.o] ==> ignore
    arg [/usr/lib/gcc/arm-linux-gnueabihf/6/crtbegin.o] ==> ignore
    arg [-L/usr/lib/gcc/arm-linux-gnueabihf/6] ==> dir [/usr/lib/gcc/arm-linux-gnueabihf/6]
    arg [-L/usr/lib/gcc/arm-linux-gnueabihf/6/../../../arm-linux-gnueabihf] ==> dir [/usr/lib/gcc/arm-linux-gnueabihf/6/../../../arm-linux-gnueabihf]
    arg [-L/usr/lib/gcc/arm-linux-gnueabihf/6/../../..] ==> dir [/usr/lib/gcc/arm-linux-gnueabihf/6/../../..]
    arg [-L/lib/arm-linux-gnueabihf] ==> dir [/lib/arm-linux-gnueabihf]
    arg [-L/usr/lib/arm-linux-gnueabihf] ==> dir [/usr/lib/arm-linux-gnueabihf]
    arg [CMakeFiles/cmTC_e7001.dir/CMakeFortranCompilerABI.F.o] ==> ignore
    arg [-lgfortran] ==> lib [gfortran]
    arg [-lm] ==> lib [m]
    arg [-lgcc_s] ==> lib [gcc_s]
    arg [-lgcc] ==> lib [gcc]
    arg [-lm] ==> lib [m]
    arg [-lgcc_s] ==> lib [gcc_s]
    arg [-lgcc] ==> lib [gcc]
    arg [-lc] ==> lib [c]
    arg [-lgcc_s] ==> lib [gcc_s]
    arg [-lgcc] ==> lib [gcc]
    arg [/usr/lib/gcc/arm-linux-gnueabihf/6/crtend.o] ==> ignore
    arg [/usr/lib/gcc/arm-linux-gnueabihf/6/../../../arm-linux-gnueabihf/crtn.o] ==> ignore
  remove lib [gcc_s]
  remove lib [gcc]
  remove lib [gcc_s]
  remove lib [gcc]
  remove lib [gcc_s]
  remove lib [gcc]
  collapse library dir [/usr/lib/gcc/arm-linux-gnueabihf/6] ==> [/usr/lib/gcc/arm-linux-gnueabihf/6]
  collapse library dir [/usr/lib/gcc/arm-linux-gnueabihf/6/../../../arm-linux-gnueabihf] ==> [/usr/lib/arm-linux-gnueabihf]
  collapse library dir [/usr/lib/gcc/arm-linux-gnueabihf/6/../../..] ==> [/usr/lib]
  collapse library dir [/lib/arm-linux-gnueabihf] ==> [/lib/arm-linux-gnueabihf]
  collapse library dir [/usr/lib/arm-linux-gnueabihf] ==> [/usr/lib/arm-linux-gnueabihf]
  implicit libs: [gfortran;m;m;c]
  implicit dirs: [/usr/lib/gcc/arm-linux-gnueabihf/6;/usr/lib/arm-linux-gnueabihf;/usr/lib;/lib/arm-linux-gnueabihf]
  implicit fwks: []


Determining if the Fortran compiler supports Fortran 90 passed with the following output:
Change Dir: /home/pi/download/plplot/build/CMakeFiles/CMakeTmp

Run Build Command:"/usr/bin/make" "cmTC_18085/fast"
/usr/bin/make -f CMakeFiles/cmTC_18085.dir/build.make CMakeFiles/cmTC_18085.dir/build
make[1]: Entering directory '/home/pi/download/plplot/build/CMakeFiles/CMakeTmp'
Building Fortran object CMakeFiles/cmTC_18085.dir/testFortranCompilerF90.f90.o
/usr/bin/gfortran     -c /home/pi/download/plplot/build/CMakeFiles/CMakeTmp/testFortranCompilerF90.f90 -o CMakeFiles/cmTC_18085.dir/testFortranCompilerF90.f90.o
Linking Fortran executable cmTC_18085
/usr/bin/cmake -E cmake_link_script CMakeFiles/cmTC_18085.dir/link.txt --verbose=1
/usr/bin/gfortran       CMakeFiles/cmTC_18085.dir/testFortranCompilerF90.f90.o  -o cmTC_18085 
make[1]: Leaving directory '/home/pi/download/plplot/build/CMakeFiles/CMakeTmp'


Determining whether C compiler is NaN aware succeeded with the following output:
Change Dir: /home/pi/download/plplot/build/CMakeFiles/CMakeTmp

Run Build Command:"/usr/bin/make" "cmTC_db7b0/fast"
/usr/bin/make -f CMakeFiles/cmTC_db7b0.dir/build.make CMakeFiles/cmTC_db7b0.dir/build
make[1]: Entering directory '/home/pi/download/plplot/build/CMakeFiles/CMakeTmp'
Building C object CMakeFiles/cmTC_db7b0.dir/TestNaNAware.c.o
/usr/bin/cc    -I"/home/pi/download/plplot/plplot-5.13.0"/lib/csa /usr/lib/arm-linux-gnueabihf/libm.so   -o CMakeFiles/cmTC_db7b0.dir/TestNaNAware.c.o   -c /home/pi/download/plplot/plplot-5.13.0/cmake/modules/TestNaNAware.c
cc: warning: /usr/lib/arm-linux-gnueabihf/libm.so: linker input file unused because linking not done
Linking C executable cmTC_db7b0
/usr/bin/cmake -E cmake_link_script CMakeFiles/cmTC_db7b0.dir/link.txt --verbose=1
/usr/bin/cc    -I"/home/pi/download/plplot/plplot-5.13.0"/lib/csa /usr/lib/arm-linux-gnueabihf/libm.so    CMakeFiles/cmTC_db7b0.dir/TestNaNAware.c.o  -o cmTC_db7b0 
make[1]: Leaving directory '/home/pi/download/plplot/build/CMakeFiles/CMakeTmp'


Determining if the function qh_new_qhull exists passed with the following output:
Change Dir: /home/pi/download/plplot/build/CMakeFiles/CMakeTmp

Run Build Command:"/usr/bin/make" "cmTC_2b2f1/fast"
/usr/bin/make -f CMakeFiles/cmTC_2b2f1.dir/build.make CMakeFiles/cmTC_2b2f1.dir/build
make[1]: Entering directory '/home/pi/download/plplot/build/CMakeFiles/CMakeTmp'
Building C object CMakeFiles/cmTC_2b2f1.dir/CheckFunctionExists.c.o
/usr/bin/cc    -DCHECK_FUNCTION_EXISTS=qh_new_qhull   -o CMakeFiles/cmTC_2b2f1.dir/CheckFunctionExists.c.o   -c /usr/share/cmake-3.7/Modules/CheckFunctionExists.c
Linking C executable cmTC_2b2f1
/usr/bin/cmake -E cmake_link_script CMakeFiles/cmTC_2b2f1.dir/link.txt --verbose=1
/usr/bin/cc   -DCHECK_FUNCTION_EXISTS=qh_new_qhull    CMakeFiles/cmTC_2b2f1.dir/CheckFunctionExists.c.o  -o cmTC_2b2f1 /usr/lib/arm-linux-gnueabihf/libqhull.so 
make[1]: Leaving directory '/home/pi/download/plplot/build/CMakeFiles/CMakeTmp'


Determining if the include file pthread.h exists passed with the following output:
Change Dir: /home/pi/download/plplot/build/CMakeFiles/CMakeTmp

Run Build Command:"/usr/bin/make" "cmTC_12144/fast"
/usr/bin/make -f CMakeFiles/cmTC_12144.dir/build.make CMakeFiles/cmTC_12144.dir/build
make[1]: Entering directory '/home/pi/download/plplot/build/CMakeFiles/CMakeTmp'
Building C object CMakeFiles/cmTC_12144.dir/CheckIncludeFile.c.o
/usr/bin/cc     -o CMakeFiles/cmTC_12144.dir/CheckIncludeFile.c.o   -c /home/pi/download/plplot/build/CMakeFiles/CMakeTmp/CheckIncludeFile.c
Linking C executable cmTC_12144
/usr/bin/cmake -E cmake_link_script CMakeFiles/cmTC_12144.dir/link.txt --verbose=1
/usr/bin/cc       CMakeFiles/cmTC_12144.dir/CheckIncludeFile.c.o  -o cmTC_12144 
make[1]: Leaving directory '/home/pi/download/plplot/build/CMakeFiles/CMakeTmp'


Determining if the function pthread_create exists in the pthread passed with the following output:
Change Dir: /home/pi/download/plplot/build/CMakeFiles/CMakeTmp

Run Build Command:"/usr/bin/make" "cmTC_74562/fast"
/usr/bin/make -f CMakeFiles/cmTC_74562.dir/build.make CMakeFiles/cmTC_74562.dir/build
make[1]: Entering directory '/home/pi/download/plplot/build/CMakeFiles/CMakeTmp'
Building C object CMakeFiles/cmTC_74562.dir/CheckFunctionExists.c.o
/usr/bin/cc    -DCHECK_FUNCTION_EXISTS=pthread_create   -o CMakeFiles/cmTC_74562.dir/CheckFunctionExists.c.o   -c /usr/share/cmake-3.7/Modules/CheckFunctionExists.c
Linking C executable cmTC_74562
/usr/bin/cmake -E cmake_link_script CMakeFiles/cmTC_74562.dir/link.txt --verbose=1
/usr/bin/cc   -DCHECK_FUNCTION_EXISTS=pthread_create    CMakeFiles/cmTC_74562.dir/CheckFunctionExists.c.o  -o cmTC_74562 -lpthread 
make[1]: Leaving directory '/home/pi/download/plplot/build/CMakeFiles/CMakeTmp'


