This file contains any messages produced by compilers while
running configure, to aid debugging if configure makes a mistake.

It was created by gc configure 7.4.4, which was
generated by GNU Autoconf 2.69.  Invocation command line was

  $ ./configure --disable-threads

## --------- ##
## Platform. ##
## --------- ##

hostname = raspberrypi
uname -m = armv7l
uname -r = 4.9.59-v7+
uname -s = Linux
uname -v = #1047 SMP Sun Oct 29 12:19:23 GMT 2017

/usr/bin/uname -p = unknown
/bin/uname -X     = unknown

/bin/arch              = unknown
/usr/bin/arch -k       = unknown
/usr/convex/getsysinfo = unknown
/usr/bin/hostinfo      = unknown
/bin/machine           = unknown
/usr/bin/oslevel       = unknown
/bin/universe          = unknown

PATH: /home/pi/bin
PATH: /usr/local/sbin
PATH: /usr/local/bin
PATH: /usr/sbin
PATH: /usr/bin
PATH: /sbin
PATH: /bin
PATH: /usr/local/games
PATH: /usr/games


## ----------- ##
## Core tests. ##
## ----------- ##

configure:2513: checking build system type
configure:2527: result: armv7l-unknown-linux-gnueabihf
configure:2547: checking host system type
configure:2560: result: armv7l-unknown-linux-gnueabihf
configure:2580: checking target system type
configure:2593: result: armv7l-unknown-linux-gnueabihf
configure:2621: checking GC version numbers
configure:2652: result: major=7 minor=4                 micro=4
configure:2672: checking for a BSD-compatible install
configure:2740: result: /usr/bin/install -c
configure:2751: checking whether build environment is sane
configure:2806: result: yes
configure:2957: checking for a thread-safe mkdir -p
configure:2996: result: /bin/mkdir -p
configure:3003: checking for gawk
configure:3033: result: no
configure:3003: checking for mawk
configure:3019: found /usr/bin/mawk
configure:3030: result: mawk
configure:3041: checking whether make sets $(MAKE)
configure:3063: result: yes
configure:3092: checking whether make supports nested variables
configure:3109: result: yes
configure:3238: checking whether to enable maintainer-specific portions of Makefiles
configure:3247: result: no
configure:3276: checking for style of include used by make
configure:3304: result: GNU
configure:3375: checking for gcc
configure:3391: found /usr/bin/gcc
configure:3402: result: gcc
configure:3631: checking for C compiler version
configure:3640: gcc --version >&5
gcc (Raspbian 6.3.0-18+rpi1) 6.3.0 20170516
Copyright (C) 2016 Free Software Foundation, Inc.
This is free software; see the source for copying conditions.  There is NO
warranty; not even for MERCHANTABILITY or FITNESS FOR A PARTICULAR PURPOSE.

configure:3651: $? = 0
configure:3640: gcc -v >&5
Using built-in specs.
COLLECT_GCC=gcc
COLLECT_LTO_WRAPPER=/usr/lib/gcc/arm-linux-gnueabihf/6/lto-wrapper
Target: arm-linux-gnueabihf
Configured with: ../src/configure -v --with-pkgversion='Raspbian 6.3.0-18+rpi1' --with-bugurl=file:///usr/share/doc/gcc-6/README.Bugs --enable-languages=c,ada,c++,java,go,d,fortran,objc,obj-c++ --prefix=/usr --program-suffix=-6 --program-prefix=arm-linux-gnueabihf- --enable-shared --enable-linker-build-id --libexecdir=/usr/lib --without-included-gettext --enable-threads=posix --libdir=/usr/lib --enable-nls --with-sysroot=/ --enable-clocale=gnu --enable-libstdcxx-debug --enable-libstdcxx-time=yes --with-default-libstdcxx-abi=new --enable-gnu-unique-object --disable-libitm --disable-libquadmath --enable-plugin --with-system-zlib --disable-browser-plugin --enable-java-awt=gtk --enable-gtk-cairo --with-java-home=/usr/lib/jvm/java-1.5.0-gcj-6-armhf/jre --enable-java-home --with-jvm-root-dir=/usr/lib/jvm/java-1.5.0-gcj-6-armhf --with-jvm-jar-dir=/usr/lib/jvm-exports/java-1.5.0-gcj-6-armhf --with-arch-directory=arm --with-ecj-jar=/usr/share/java/eclipse-ecj.jar --with-target-system-zlib --enable-objc-gc=auto --enable-multiarch --disable-sjlj-exceptions --with-arch=armv6 --with-fpu=vfp --with-float=hard --enable-checking=release --build=arm-linux-gnueabihf --host=arm-linux-gnueabihf --target=arm-linux-gnueabihf
Thread model: posix
gcc version 6.3.0 20170516 (Raspbian 6.3.0-18+rpi1) 
configure:3651: $? = 0
configure:3640: gcc -V >&5
gcc: error: unrecognized command line option '-V'
gcc: fatal error: no input files
compilation terminated.
configure:3651: $? = 1
configure:3640: gcc -qversion >&5
gcc: error: unrecognized command line option '-qversion'; did you mean '--version'?
gcc: fatal error: no input files
compilation terminated.
configure:3651: $? = 1
configure:3671: checking whether the C compiler works
configure:3693: gcc    conftest.c  >&5
configure:3697: $? = 0
configure:3745: result: yes
configure:3748: checking for C compiler default output file name
configure:3750: result: a.out
configure:3756: checking for suffix of executables
configure:3763: gcc -o conftest    conftest.c  >&5
configure:3767: $? = 0
configure:3789: result: 
configure:3811: checking whether we are cross compiling
configure:3819: gcc -o conftest    conftest.c  >&5
configure:3823: $? = 0
configure:3830: ./conftest
configure:3834: $? = 0
configure:3849: result: no
configure:3854: checking for suffix of object files
configure:3876: gcc -c   conftest.c >&5
configure:3880: $? = 0
configure:3901: result: o
configure:3905: checking whether we are using the GNU C compiler
configure:3924: gcc -c   conftest.c >&5
configure:3924: $? = 0
configure:3933: result: yes
configure:3942: checking whether gcc accepts -g
configure:3962: gcc -c -g  conftest.c >&5
configure:3962: $? = 0
configure:4003: result: yes
configure:4020: checking for gcc option to accept ISO C89
configure:4083: gcc  -c -g -O2  conftest.c >&5
configure:4083: $? = 0
configure:4096: result: none needed
configure:4121: checking whether gcc understands -c and -o together
configure:4143: gcc -c conftest.c -o conftest2.o
configure:4146: $? = 0
configure:4143: gcc -c conftest.c -o conftest2.o
configure:4146: $? = 0
configure:4158: result: yes
configure:4177: checking dependency style of gcc
configure:4288: result: gcc3
configure:4362: checking for g++
configure:4378: found /usr/bin/g++
configure:4389: result: g++
configure:4416: checking for C++ compiler version
configure:4425: g++ --version >&5
g++ (Raspbian 6.3.0-18+rpi1) 6.3.0 20170516
Copyright (C) 2016 Free Software Foundation, Inc.
This is free software; see the source for copying conditions.  There is NO
warranty; not even for MERCHANTABILITY or FITNESS FOR A PARTICULAR PURPOSE.

configure:4436: $? = 0
configure:4425: g++ -v >&5
Using built-in specs.
COLLECT_GCC=g++
COLLECT_LTO_WRAPPER=/usr/lib/gcc/arm-linux-gnueabihf/6/lto-wrapper
Target: arm-linux-gnueabihf
Configured with: ../src/configure -v --with-pkgversion='Raspbian 6.3.0-18+rpi1' --with-bugurl=file:///usr/share/doc/gcc-6/README.Bugs --enable-languages=c,ada,c++,java,go,d,fortran,objc,obj-c++ --prefix=/usr --program-suffix=-6 --program-prefix=arm-linux-gnueabihf- --enable-shared --enable-linker-build-id --libexecdir=/usr/lib --without-included-gettext --enable-threads=posix --libdir=/usr/lib --enable-nls --with-sysroot=/ --enable-clocale=gnu --enable-libstdcxx-debug --enable-libstdcxx-time=yes --with-default-libstdcxx-abi=new --enable-gnu-unique-object --disable-libitm --disable-libquadmath --enable-plugin --with-system-zlib --disable-browser-plugin --enable-java-awt=gtk --enable-gtk-cairo --with-java-home=/usr/lib/jvm/java-1.5.0-gcj-6-armhf/jre --enable-java-home --with-jvm-root-dir=/usr/lib/jvm/java-1.5.0-gcj-6-armhf --with-jvm-jar-dir=/usr/lib/jvm-exports/java-1.5.0-gcj-6-armhf --with-arch-directory=arm --with-ecj-jar=/usr/share/java/eclipse-ecj.jar --with-target-system-zlib --enable-objc-gc=auto --enable-multiarch --disable-sjlj-exceptions --with-arch=armv6 --with-fpu=vfp --with-float=hard --enable-checking=release --build=arm-linux-gnueabihf --host=arm-linux-gnueabihf --target=arm-linux-gnueabihf
Thread model: posix
gcc version 6.3.0 20170516 (Raspbian 6.3.0-18+rpi1) 
configure:4436: $? = 0
configure:4425: g++ -V >&5
g++: error: unrecognized command line option '-V'
g++: fatal error: no input files
compilation terminated.
configure:4436: $? = 1
configure:4425: g++ -qversion >&5
g++: error: unrecognized command line option '-qversion'; did you mean '--version'?
g++: fatal error: no input files
compilation terminated.
configure:4436: $? = 1
configure:4440: checking whether we are using the GNU C++ compiler
configure:4459: g++ -c   conftest.cpp >&5
configure:4459: $? = 0
configure:4468: result: yes
configure:4477: checking whether g++ accepts -g
configure:4497: g++ -c -g  conftest.cpp >&5
configure:4497: $? = 0
configure:4538: result: yes
configure:4563: checking dependency style of g++
configure:4674: result: gcc3
configure:4698: checking dependency style of gcc
configure:4807: result: gcc3
configure:4869: checking how to print strings
configure:4896: result: printf
configure:4917: checking for a sed that does not truncate output
configure:4981: result: /bin/sed
configure:4999: checking for grep that handles long lines and -e
configure:5057: result: /bin/grep
configure:5062: checking for egrep
configure:5124: result: /bin/grep -E
configure:5129: checking for fgrep
configure:5191: result: /bin/grep -F
configure:5226: checking for ld used by gcc
configure:5293: result: /usr/bin/ld
configure:5300: checking if the linker (/usr/bin/ld) is GNU ld
configure:5315: result: yes
configure:5327: checking for BSD- or MS-compatible name lister (nm)
configure:5381: result: /usr/bin/nm -B
configure:5511: checking the name lister (/usr/bin/nm -B) interface
configure:5518: gcc -c -g -O2  conftest.c >&5
configure:5521: /usr/bin/nm -B "conftest.o"
configure:5524: output
00000000 B some_variable
configure:5531: result: BSD nm
configure:5534: checking whether ln -s works
configure:5538: result: yes
configure:5546: checking the maximum length of command line arguments
configure:5677: result: 1572864
configure:5725: checking how to convert armv7l-unknown-linux-gnueabihf file names to armv7l-unknown-linux-gnueabihf format
configure:5765: result: func_convert_file_noop
configure:5772: checking how to convert armv7l-unknown-linux-gnueabihf file names to toolchain format
configure:5792: result: func_convert_file_noop
configure:5799: checking for /usr/bin/ld option to reload object files
configure:5806: result: -r
configure:5880: checking for objdump
configure:5896: found /usr/bin/objdump
configure:5907: result: objdump
configure:5939: checking how to recognize dependent libraries
configure:6139: result: pass_all
configure:6224: checking for dlltool
configure:6254: result: no
configure:6284: checking how to associate runtime and link libraries
configure:6311: result: printf %s\n
configure:6372: checking for ar
configure:6388: found /usr/bin/ar
configure:6399: result: ar
configure:6436: checking for archiver @FILE support
configure:6453: gcc -c -g -O2  conftest.c >&5
configure:6453: $? = 0
configure:6456: ar cru libconftest.a @conftest.lst >&5
ar: `u' modifier ignored since `D' is the default (see `U')
configure:6459: $? = 0
configure:6464: ar cru libconftest.a @conftest.lst >&5
ar: `u' modifier ignored since `D' is the default (see `U')
ar: conftest.o: No such file or directory
configure:6467: $? = 1
configure:6479: result: @
configure:6537: checking for strip
configure:6553: found /usr/bin/strip
configure:6564: result: strip
configure:6636: checking for ranlib
configure:6652: found /usr/bin/ranlib
configure:6663: result: ranlib
configure:6765: checking command to parse /usr/bin/nm -B output from gcc object
configure:6918: gcc -c -g -O2  conftest.c >&5
configure:6921: $? = 0
configure:6925: /usr/bin/nm -B conftest.o \| sed -n -e 's/^.*[ ]\([ABCDGIRSTW][ABCDGIRSTW]*\)[ ][ ]*\([_A-Za-z][_A-Za-z0-9]*\)$/\1 \2 \2/p' | sed '/ __gnu_lto/d' \> conftest.nm
configure:6928: $? = 0
configure:6994: gcc -o conftest -g -O2   conftest.c conftstm.o >&5
configure:6997: $? = 0
configure:7035: result: ok
configure:7082: checking for sysroot
configure:7112: result: no
configure:7119: checking for a working dd
configure:7157: result: /bin/dd
configure:7161: checking how to truncate binary pipes
configure:7176: result: /bin/dd bs=4096 count=1
configure:7505: checking for mt
configure:7521: found /bin/mt
configure:7532: result: mt
configure:7555: checking if mt is a manifest tool
configure:7561: mt '-?'
configure:7569: result: no
configure:8246: checking how to run the C preprocessor
configure:8277: gcc -E  conftest.c
configure:8277: $? = 0
configure:8291: gcc -E  conftest.c
conftest.c:14:28: fatal error: ac_nonexistent.h: No such file or directory
 #include <ac_nonexistent.h>
                            ^
compilation terminated.
configure:8291: $? = 1
configure: failed program was:
| /* confdefs.h */
| #define PACKAGE_NAME "gc"
| #define PACKAGE_TARNAME "gc"
| #define PACKAGE_VERSION "7.4.4"
| #define PACKAGE_STRING "gc 7.4.4"
| #define PACKAGE_BUGREPORT "bdwgc@lists.opendylan.org"
| #define PACKAGE_URL ""
| #define GC_VERSION_MAJOR 7
| #define GC_VERSION_MINOR 4
| #define GC_VERSION_MICRO 4
| #define PACKAGE "gc"
| #define VERSION "7.4.4"
| /* end confdefs.h.  */
| #include <ac_nonexistent.h>
configure:8316: result: gcc -E
configure:8336: gcc -E  conftest.c
configure:8336: $? = 0
configure:8350: gcc -E  conftest.c
conftest.c:14:28: fatal error: ac_nonexistent.h: No such file or directory
 #include <ac_nonexistent.h>
                            ^
compilation terminated.
configure:8350: $? = 1
configure: failed program was:
| /* confdefs.h */
| #define PACKAGE_NAME "gc"
| #define PACKAGE_TARNAME "gc"
| #define PACKAGE_VERSION "7.4.4"
| #define PACKAGE_STRING "gc 7.4.4"
| #define PACKAGE_BUGREPORT "bdwgc@lists.opendylan.org"
| #define PACKAGE_URL ""
| #define GC_VERSION_MAJOR 7
| #define GC_VERSION_MINOR 4
| #define GC_VERSION_MICRO 4
| #define PACKAGE "gc"
| #define VERSION "7.4.4"
| /* end confdefs.h.  */
| #include <ac_nonexistent.h>
configure:8379: checking for ANSI C header files
configure:8399: gcc -c -g -O2  conftest.c >&5
configure:8399: $? = 0
configure:8472: gcc -o conftest -g -O2   conftest.c  >&5
configure:8472: $? = 0
configure:8472: ./conftest
configure:8472: $? = 0
configure:8483: result: yes
configure:8496: checking for sys/types.h
configure:8496: gcc -c -g -O2  conftest.c >&5
configure:8496: $? = 0
configure:8496: result: yes
configure:8496: checking for sys/stat.h
configure:8496: gcc -c -g -O2  conftest.c >&5
configure:8496: $? = 0
configure:8496: result: yes
configure:8496: checking for stdlib.h
configure:8496: gcc -c -g -O2  conftest.c >&5
configure:8496: $? = 0
configure:8496: result: yes
configure:8496: checking for string.h
configure:8496: gcc -c -g -O2  conftest.c >&5
configure:8496: $? = 0
configure:8496: result: yes
configure:8496: checking for memory.h
configure:8496: gcc -c -g -O2  conftest.c >&5
configure:8496: $? = 0
configure:8496: result: yes
configure:8496: checking for strings.h
configure:8496: gcc -c -g -O2  conftest.c >&5
configure:8496: $? = 0
configure:8496: result: yes
configure:8496: checking for inttypes.h
configure:8496: gcc -c -g -O2  conftest.c >&5
configure:8496: $? = 0
configure:8496: result: yes
configure:8496: checking for stdint.h
configure:8496: gcc -c -g -O2  conftest.c >&5
configure:8496: $? = 0
configure:8496: result: yes
configure:8496: checking for unistd.h
configure:8496: gcc -c -g -O2  conftest.c >&5
configure:8496: $? = 0
configure:8496: result: yes
configure:8510: checking for dlfcn.h
configure:8510: gcc -c -g -O2  conftest.c >&5
configure:8510: $? = 0
configure:8510: result: yes
configure:8777: checking for objdir
configure:8792: result: .libs
configure:9056: checking if gcc supports -fno-rtti -fno-exceptions
configure:9074: gcc -c -g -O2  -fno-rtti -fno-exceptions conftest.c >&5
cc1: warning: command line option '-fno-rtti' is valid for C++/ObjC++ but not for C
configure:9078: $? = 0
configure:9091: result: no
configure:9449: checking for gcc option to produce PIC
configure:9456: result: -fPIC -DPIC
configure:9464: checking if gcc PIC flag -fPIC -DPIC works
configure:9482: gcc -c -g -O2  -fPIC -DPIC -DPIC conftest.c >&5
configure:9486: $? = 0
configure:9499: result: yes
configure:9528: checking if gcc static flag -static works
configure:9556: result: yes
configure:9571: checking if gcc supports -c -o file.o
configure:9592: gcc -c -g -O2  -o out/conftest2.o conftest.c >&5
configure:9596: $? = 0
configure:9618: result: yes
configure:9626: checking if gcc supports -c -o file.o
configure:9673: result: yes
configure:9706: checking whether the gcc linker (/usr/bin/ld) supports shared libraries
configure:10965: result: yes
configure:11002: checking whether -lc should be explicitly linked in
configure:11010: gcc -c -g -O2  conftest.c >&5
configure:11013: $? = 0
configure:11028: gcc -shared  -fPIC -DPIC conftest.o  -v -Wl,-soname -Wl,conftest -o conftest 2\>\&1 \| /bin/grep  -lc  \>/dev/null 2\>\&1
configure:11031: $? = 0
configure:11045: result: no
configure:11205: checking dynamic linker characteristics
configure:11786: gcc -o conftest -g -O2   -Wl,-rpath -Wl,/foo conftest.c  >&5
configure:11786: $? = 0
configure:12023: result: GNU/Linux ld.so
configure:12145: checking how to hardcode library paths into programs
configure:12170: result: immediate
configure:12718: checking whether stripping libraries is possible
configure:12723: result: yes
configure:12758: checking if libtool supports shared libraries
configure:12760: result: yes
configure:12763: checking whether to build shared libraries
configure:12788: result: yes
configure:12791: checking whether to build static libraries
configure:12795: result: yes
configure:12818: checking how to run the C++ preprocessor
configure:12845: g++ -E  conftest.cpp
configure:12845: $? = 0
configure:12859: g++ -E  conftest.cpp
conftest.cpp:26:28: fatal error: ac_nonexistent.h: No such file or directory
 #include <ac_nonexistent.h>
                            ^
compilation terminated.
configure:12859: $? = 1
configure: failed program was:
| /* confdefs.h */
| #define PACKAGE_NAME "gc"
| #define PACKAGE_TARNAME "gc"
| #define PACKAGE_VERSION "7.4.4"
| #define PACKAGE_STRING "gc 7.4.4"
| #define PACKAGE_BUGREPORT "bdwgc@lists.opendylan.org"
| #define PACKAGE_URL ""
| #define GC_VERSION_MAJOR 7
| #define GC_VERSION_MINOR 4
| #define GC_VERSION_MICRO 4
| #define PACKAGE "gc"
| #define VERSION "7.4.4"
| #define STDC_HEADERS 1
| #define HAVE_SYS_TYPES_H 1
| #define HAVE_SYS_STAT_H 1
| #define HAVE_STDLIB_H 1
| #define HAVE_STRING_H 1
| #define HAVE_MEMORY_H 1
| #define HAVE_STRINGS_H 1
| #define HAVE_INTTYPES_H 1
| #define HAVE_STDINT_H 1
| #define HAVE_UNISTD_H 1
| #define HAVE_DLFCN_H 1
| #define LT_OBJDIR ".libs/"
| /* end confdefs.h.  */
| #include <ac_nonexistent.h>
configure:12884: result: g++ -E
configure:12904: g++ -E  conftest.cpp
configure:12904: $? = 0
configure:12918: g++ -E  conftest.cpp
conftest.cpp:26:28: fatal error: ac_nonexistent.h: No such file or directory
 #include <ac_nonexistent.h>
                            ^
compilation terminated.
configure:12918: $? = 1
configure: failed program was:
| /* confdefs.h */
| #define PACKAGE_NAME "gc"
| #define PACKAGE_TARNAME "gc"
| #define PACKAGE_VERSION "7.4.4"
| #define PACKAGE_STRING "gc 7.4.4"
| #define PACKAGE_BUGREPORT "bdwgc@lists.opendylan.org"
| #define PACKAGE_URL ""
| #define GC_VERSION_MAJOR 7
| #define GC_VERSION_MINOR 4
| #define GC_VERSION_MICRO 4
| #define PACKAGE "gc"
| #define VERSION "7.4.4"
| #define STDC_HEADERS 1
| #define HAVE_SYS_TYPES_H 1
| #define HAVE_SYS_STAT_H 1
| #define HAVE_STDLIB_H 1
| #define HAVE_STRING_H 1
| #define HAVE_MEMORY_H 1
| #define HAVE_STRINGS_H 1
| #define HAVE_INTTYPES_H 1
| #define HAVE_STDINT_H 1
| #define HAVE_UNISTD_H 1
| #define HAVE_DLFCN_H 1
| #define LT_OBJDIR ".libs/"
| /* end confdefs.h.  */
| #include <ac_nonexistent.h>
configure:13080: checking for ld used by g++
configure:13147: result: /usr/bin/ld
configure:13154: checking if the linker (/usr/bin/ld) is GNU ld
configure:13169: result: yes
configure:13224: checking whether the g++ linker (/usr/bin/ld) supports shared libraries
configure:14297: result: yes
configure:14333: g++ -c -g -O2  conftest.cpp >&5
configure:14336: $? = 0
configure:14817: checking for g++ option to produce PIC
configure:14824: result: -fPIC -DPIC
configure:14832: checking if g++ PIC flag -fPIC -DPIC works
configure:14850: g++ -c -g -O2  -fPIC -DPIC -DPIC conftest.cpp >&5
configure:14854: $? = 0
configure:14867: result: yes
configure:14890: checking if g++ static flag -static works
configure:14918: result: yes
configure:14930: checking if g++ supports -c -o file.o
configure:14951: g++ -c -g -O2  -o out/conftest2.o conftest.cpp >&5
configure:14955: $? = 0
configure:14977: result: yes
configure:14982: checking if g++ supports -c -o file.o
configure:15029: result: yes
configure:15059: checking whether the g++ linker (/usr/bin/ld) supports shared libraries
configure:15099: result: yes
configure:15240: checking dynamic linker characteristics
configure:15985: result: GNU/Linux ld.so
configure:16050: checking how to hardcode library paths into programs
configure:16075: result: immediate
configure:16265: checking for inline
configure:16281: gcc -c -g -O2  conftest.c >&5
configure:16281: $? = 0
configure:16289: result: inline
configure:16679: checking for gcc -Wextra
configure:16694: gcc -c -Wextra -g -O2  conftest.c >&5
configure:16694: $? = 0
configure:16701: result: yes
configure:16711: checking for xlc
configure:16728: gcc -c -Wall -Wextra -g -O2  conftest.c >&5
conftest.c: In function 'main':
conftest.c:32:4: error: #error 
  # error
    ^~~~~
configure:16728: $? = 1
configure: failed program was:
| /* confdefs.h */
| #define PACKAGE_NAME "gc"
| #define PACKAGE_TARNAME "gc"
| #define PACKAGE_VERSION "7.4.4"
| #define PACKAGE_STRING "gc 7.4.4"
| #define PACKAGE_BUGREPORT "bdwgc@lists.opendylan.org"
| #define PACKAGE_URL ""
| #define GC_VERSION_MAJOR 7
| #define GC_VERSION_MINOR 4
| #define GC_VERSION_MICRO 4
| #define PACKAGE "gc"
| #define VERSION "7.4.4"
| #define STDC_HEADERS 1
| #define HAVE_SYS_TYPES_H 1
| #define HAVE_SYS_STAT_H 1
| #define HAVE_STDLIB_H 1
| #define HAVE_STRING_H 1
| #define HAVE_MEMORY_H 1
| #define HAVE_STRINGS_H 1
| #define HAVE_INTTYPES_H 1
| #define HAVE_STDINT_H 1
| #define HAVE_UNISTD_H 1
| #define HAVE_DLFCN_H 1
| #define LT_OBJDIR ".libs/"
| /* end confdefs.h.  */
| 
| int
| main ()
| {
| 
|  #ifndef __xlC__
|  # error
|  #endif
| 
|   ;
|   return 0;
| }
configure:16734: result: no
configure:16756: checking whether gcc supports -fno-strict-aliasing
configure:16782: gcc -c -Wall -Wextra -g -O2 -fno-strict-aliasing  conftest.c >&5
configure:16782: $? = 0
configure:16791: result: yes
configure:16804: checking for dlopen in -ldl
configure:16829: gcc -o conftest -Wall -Wextra -g -O2 -fno-strict-aliasing   conftest.c -ldl   >&5
configure:16829: $? = 0
configure:16838: result: yes
configure:16937: checking whether to build shared libraries
configure:16976: result: yes
configure:17021: checking which machine-dependent code should be used
configure:17058: result: 
configure:17090: checking whether Solaris gcc optimization fix is necessary
configure:17113: result: no
configure:17254: checking for dladdr
configure:17273: gcc -c -Wall -Wextra -g -O2 -fno-strict-aliasing  conftest.c >&5
configure:17273: $? = 0
configure:17277: result: yes
configure:17287: checking sys/dg_sys_info.h usability
configure:17287: gcc -c -Wall -Wextra -g -O2 -fno-strict-aliasing  conftest.c >&5
conftest.c:63:29: fatal error: sys/dg_sys_info.h: No such file or directory
 #include <sys/dg_sys_info.h>
                             ^
compilation terminated.
configure:17287: $? = 1
configure: failed program was:
| /* confdefs.h */
| #define PACKAGE_NAME "gc"
| #define PACKAGE_TARNAME "gc"
| #define PACKAGE_VERSION "7.4.4"
| #define PACKAGE_STRING "gc 7.4.4"
| #define PACKAGE_BUGREPORT "bdwgc@lists.opendylan.org"
| #define PACKAGE_URL ""
| #define GC_VERSION_MAJOR 7
| #define GC_VERSION_MINOR 4
| #define GC_VERSION_MICRO 4
| #define PACKAGE "gc"
| #define VERSION "7.4.4"
| #define STDC_HEADERS 1
| #define HAVE_SYS_TYPES_H 1
| #define HAVE_SYS_STAT_H 1
| #define HAVE_STDLIB_H 1
| #define HAVE_STRING_H 1
| #define HAVE_MEMORY_H 1
| #define HAVE_STRINGS_H 1
| #define HAVE_INTTYPES_H 1
| #define HAVE_STDINT_H 1
| #define HAVE_UNISTD_H 1
| #define HAVE_DLFCN_H 1
| #define LT_OBJDIR ".libs/"
| #define NO_EXECUTE_PERMISSION 1
| #define ALL_INTERIOR_POINTERS 1
| #define GC_GCJ_SUPPORT 1
| #define HAVE_DLADDR 1
| /* end confdefs.h.  */
| #include <stdio.h>
| #ifdef HAVE_SYS_TYPES_H
| # include <sys/types.h>
| #endif
| #ifdef HAVE_SYS_STAT_H
| # include <sys/stat.h>
| #endif
| #ifdef STDC_HEADERS
| # include <stdlib.h>
| # include <stddef.h>
| #else
| # ifdef HAVE_STDLIB_H
| #  include <stdlib.h>
| # endif
| #endif
| #ifdef HAVE_STRING_H
| # if !defined STDC_HEADERS && defined HAVE_MEMORY_H
| #  include <memory.h>
| # endif
| # include <string.h>
| #endif
| #ifdef HAVE_STRINGS_H
| # include <strings.h>
| #endif
| #ifdef HAVE_INTTYPES_H
| # include <inttypes.h>
| #endif
| #ifdef HAVE_STDINT_H
| # include <stdint.h>
| #endif
| #ifdef HAVE_UNISTD_H
| # include <unistd.h>
| #endif
| #include <sys/dg_sys_info.h>
configure:17287: result: no
configure:17287: checking sys/dg_sys_info.h presence
configure:17287: gcc -E  conftest.c
conftest.c:30:29: fatal error: sys/dg_sys_info.h: No such file or directory
 #include <sys/dg_sys_info.h>
                             ^
compilation terminated.
configure:17287: $? = 1
configure: failed program was:
| /* confdefs.h */
| #define PACKAGE_NAME "gc"
| #define PACKAGE_TARNAME "gc"
| #define PACKAGE_VERSION "7.4.4"
| #define PACKAGE_STRING "gc 7.4.4"
| #define PACKAGE_BUGREPORT "bdwgc@lists.opendylan.org"
| #define PACKAGE_URL ""
| #define GC_VERSION_MAJOR 7
| #define GC_VERSION_MINOR 4
| #define GC_VERSION_MICRO 4
| #define PACKAGE "gc"
| #define VERSION "7.4.4"
| #define STDC_HEADERS 1
| #define HAVE_SYS_TYPES_H 1
| #define HAVE_SYS_STAT_H 1
| #define HAVE_STDLIB_H 1
| #define HAVE_STRING_H 1
| #define HAVE_MEMORY_H 1
| #define HAVE_STRINGS_H 1
| #define HAVE_INTTYPES_H 1
| #define HAVE_STDINT_H 1
| #define HAVE_UNISTD_H 1
| #define HAVE_DLFCN_H 1
| #define LT_OBJDIR ".libs/"
| #define NO_EXECUTE_PERMISSION 1
| #define ALL_INTERIOR_POINTERS 1
| #define GC_GCJ_SUPPORT 1
| #define HAVE_DLADDR 1
| /* end confdefs.h.  */
| #include <sys/dg_sys_info.h>
configure:17287: result: no
configure:17287: checking for sys/dg_sys_info.h
configure:17287: result: no
configure:17562: checking for pkg-config
configure:17580: found /usr/bin/pkg-config
configure:17592: result: /usr/bin/pkg-config
configure:17617: checking pkg-config is at least version 0.9.0
configure:17620: result: yes
configure:17631: checking for ATOMIC_OPS
configure:17638: $PKG_CONFIG --exists --print-errors "atomic_ops"
Package atomic_ops was not found in the pkg-config search path.
Perhaps you should add the directory containing `atomic_ops.pc'
to the PKG_CONFIG_PATH environment variable
No package 'atomic_ops' found
configure:17641: $? = 1
configure:17655: $PKG_CONFIG --exists --print-errors "atomic_ops"
Package atomic_ops was not found in the pkg-config search path.
Perhaps you should add the directory containing `atomic_ops.pc'
to the PKG_CONFIG_PATH environment variable
No package 'atomic_ops' found
configure:17658: $? = 1
configure:17672: result: no
No package 'atomic_ops' found
configure:17717: checking which libatomic_ops to use
configure:17725: result: internal
configure:17867: checking that generated files are newer than configure
configure:17873: result: done
configure:17964: creating ./config.status

## ---------------------- ##
## Running config.status. ##
## ---------------------- ##

This file was extended by gc config.status 7.4.4, which was
generated by GNU Autoconf 2.69.  Invocation command line was

  CONFIG_FILES    = 
  CONFIG_HEADERS  = 
  CONFIG_LINKS    = 
  CONFIG_COMMANDS = 
  $ ./config.status 

on raspberrypi

config.status:1221: creating Makefile
config.status:1221: creating bdw-gc.pc
config.status:1221: creating include/config.h
config.status:1402: include/config.h is unchanged
config.status:1450: executing depfiles commands
config.status:1450: executing libtool commands
config.status:1450: executing default commands
configure:20445: === configuring in libatomic_ops (/home/pi/sandbox/rlabplus/rlab-3.1.1-gcc_with_plplot/rlab-3.1.1-gcc/gc/libatomic_ops)
configure:20508: running /bin/bash ./configure --disable-option-checking '--prefix=/usr/local'  '--disable-threads' --cache-file=/dev/null --srcdir=.

## ---------------- ##
## Cache variables. ##
## ---------------- ##

ac_cv_build=armv7l-unknown-linux-gnueabihf
ac_cv_c_compiler_gnu=yes
ac_cv_c_inline=inline
ac_cv_cc_wextra=yes
ac_cv_cxx_compiler_gnu=yes
ac_cv_env_ATOMIC_OPS_CFLAGS_set=
ac_cv_env_ATOMIC_OPS_CFLAGS_value=
ac_cv_env_ATOMIC_OPS_LIBS_set=
ac_cv_env_ATOMIC_OPS_LIBS_value=
ac_cv_env_CCASFLAGS_set=
ac_cv_env_CCASFLAGS_value=
ac_cv_env_CCAS_set=
ac_cv_env_CCAS_value=
ac_cv_env_CCC_set=
ac_cv_env_CCC_value=
ac_cv_env_CC_set=
ac_cv_env_CC_value=
ac_cv_env_CFLAGS_set=
ac_cv_env_CFLAGS_value=
ac_cv_env_CPPFLAGS_set=
ac_cv_env_CPPFLAGS_value=
ac_cv_env_CPP_set=
ac_cv_env_CPP_value=
ac_cv_env_CXXCPP_set=
ac_cv_env_CXXCPP_value=
ac_cv_env_CXXFLAGS_set=
ac_cv_env_CXXFLAGS_value=
ac_cv_env_CXX_set=
ac_cv_env_CXX_value=
ac_cv_env_LDFLAGS_set=
ac_cv_env_LDFLAGS_value=
ac_cv_env_LIBS_set=
ac_cv_env_LIBS_value=
ac_cv_env_LT_SYS_LIBRARY_PATH_set=
ac_cv_env_LT_SYS_LIBRARY_PATH_value=
ac_cv_env_PKG_CONFIG_LIBDIR_set=
ac_cv_env_PKG_CONFIG_LIBDIR_value=
ac_cv_env_PKG_CONFIG_PATH_set=
ac_cv_env_PKG_CONFIG_PATH_value=
ac_cv_env_PKG_CONFIG_set=
ac_cv_env_PKG_CONFIG_value=
ac_cv_env_build_alias_set=
ac_cv_env_build_alias_value=
ac_cv_env_host_alias_set=
ac_cv_env_host_alias_value=
ac_cv_env_target_alias_set=
ac_cv_env_target_alias_value=
ac_cv_fno_strict_aliasing=yes
ac_cv_header_dlfcn_h=yes
ac_cv_header_inttypes_h=yes
ac_cv_header_memory_h=yes
ac_cv_header_stdc=yes
ac_cv_header_stdint_h=yes
ac_cv_header_stdlib_h=yes
ac_cv_header_string_h=yes
ac_cv_header_strings_h=yes
ac_cv_header_sys_dg_sys_info_h=no
ac_cv_header_sys_stat_h=yes
ac_cv_header_sys_types_h=yes
ac_cv_header_unistd_h=yes
ac_cv_host=armv7l-unknown-linux-gnueabihf
ac_cv_lib_dl_dlopen=yes
ac_cv_objext=o
ac_cv_path_EGREP='/bin/grep -E'
ac_cv_path_FGREP='/bin/grep -F'
ac_cv_path_GREP=/bin/grep
ac_cv_path_SED=/bin/sed
ac_cv_path_ac_pt_PKG_CONFIG=/usr/bin/pkg-config
ac_cv_path_install='/usr/bin/install -c'
ac_cv_path_lt_DD=/bin/dd
ac_cv_path_mkdir=/bin/mkdir
ac_cv_prog_AWK=mawk
ac_cv_prog_CPP='gcc -E'
ac_cv_prog_CXXCPP='g++ -E'
ac_cv_prog_ac_ct_AR=ar
ac_cv_prog_ac_ct_CC=gcc
ac_cv_prog_ac_ct_CXX=g++
ac_cv_prog_ac_ct_MANIFEST_TOOL=mt
ac_cv_prog_ac_ct_OBJDUMP=objdump
ac_cv_prog_ac_ct_RANLIB=ranlib
ac_cv_prog_ac_ct_STRIP=strip
ac_cv_prog_cc_c89=
ac_cv_prog_cc_g=yes
ac_cv_prog_cxx_g=yes
ac_cv_prog_make_make_set=yes
ac_cv_target=armv7l-unknown-linux-gnueabihf
am_cv_CCAS_dependencies_compiler_type=gcc3
am_cv_CC_dependencies_compiler_type=gcc3
am_cv_CXX_dependencies_compiler_type=gcc3
am_cv_make_support_nested_variables=yes
am_cv_prog_cc_c_o=yes
lt_cv_ar_at_file=@
lt_cv_archive_cmds_need_lc=no
lt_cv_deplibs_check_method=pass_all
lt_cv_file_magic_cmd='$MAGIC_CMD'
lt_cv_file_magic_test_file=
lt_cv_ld_reload_flag=-r
lt_cv_nm_interface='BSD nm'
lt_cv_objdir=.libs
lt_cv_path_LD=/usr/bin/ld
lt_cv_path_LDCXX=/usr/bin/ld
lt_cv_path_NM='/usr/bin/nm -B'
lt_cv_path_mainfest_tool=no
lt_cv_prog_compiler_c_o=yes
lt_cv_prog_compiler_c_o_CXX=yes
lt_cv_prog_compiler_pic='-fPIC -DPIC'
lt_cv_prog_compiler_pic_CXX='-fPIC -DPIC'
lt_cv_prog_compiler_pic_works=yes
lt_cv_prog_compiler_pic_works_CXX=yes
lt_cv_prog_compiler_rtti_exceptions=no
lt_cv_prog_compiler_static_works=yes
lt_cv_prog_compiler_static_works_CXX=yes
lt_cv_prog_gnu_ld=yes
lt_cv_prog_gnu_ldcxx=yes
lt_cv_sharedlib_from_linklib_cmd='printf %s\n'
lt_cv_shlibpath_overrides_runpath=no
lt_cv_sys_global_symbol_pipe='sed -n -e '\''s/^.*[	 ]\([ABCDGIRSTW][ABCDGIRSTW]*\)[	 ][	 ]*\([_A-Za-z][_A-Za-z0-9]*\)$/\1 \2 \2/p'\'' | sed '\''/ __gnu_lto/d'\'''
lt_cv_sys_global_symbol_to_c_name_address='sed -n -e '\''s/^: \(.*\) .*$/  {"\1", (void *) 0},/p'\'' -e '\''s/^[ABCDGIRSTW][ABCDGIRSTW]* .* \(.*\)$/  {"\1", (void *) \&\1},/p'\'''
lt_cv_sys_global_symbol_to_c_name_address_lib_prefix='sed -n -e '\''s/^: \(.*\) .*$/  {"\1", (void *) 0},/p'\'' -e '\''s/^[ABCDGIRSTW][ABCDGIRSTW]* .* \(lib.*\)$/  {"\1", (void *) \&\1},/p'\'' -e '\''s/^[ABCDGIRSTW][ABCDGIRSTW]* .* \(.*\)$/  {"lib\1", (void *) \&\1},/p'\'''
lt_cv_sys_global_symbol_to_cdecl='sed -n -e '\''s/^T .* \(.*\)$/extern int \1();/p'\'' -e '\''s/^[ABCDGIRSTW][ABCDGIRSTW]* .* \(.*\)$/extern char \1;/p'\'''
lt_cv_sys_global_symbol_to_import=
lt_cv_sys_max_cmd_len=1572864
lt_cv_to_host_file_cmd=func_convert_file_noop
lt_cv_to_tool_file_cmd=func_convert_file_noop
lt_cv_truncate_bin='/bin/dd bs=4096 count=1'

## ----------------- ##
## Output variables. ##
## ----------------- ##

ACLOCAL='${SHELL} /home/pi/sandbox/rlabplus/rlab-3.1.1-gcc_with_plplot/rlab-3.1.1-gcc/gc/missing aclocal-1.15'
AMDEPBACKSLASH='\'
AMDEP_FALSE='#'
AMDEP_TRUE=''
AMTAR='$${TAR-tar}'
AM_BACKSLASH='\'
AM_CFLAGS=''
AM_CPPFLAGS=''
AM_DEFAULT_V='$(AM_DEFAULT_VERBOSITY)'
AM_DEFAULT_VERBOSITY='1'
AM_V='$(V)'
AR='ar'
ASM_WITH_CPP_UNSUPPORTED_FALSE=''
ASM_WITH_CPP_UNSUPPORTED_TRUE='#'
ATOMIC_OPS_CFLAGS='-I$(top_builddir)/libatomic_ops/src -I$(top_srcdir)/libatomic_ops/src'
ATOMIC_OPS_LIBS=''
AUTOCONF='${SHELL} /home/pi/sandbox/rlabplus/rlab-3.1.1-gcc_with_plplot/rlab-3.1.1-gcc/gc/missing autoconf'
AUTOHEADER='${SHELL} /home/pi/sandbox/rlabplus/rlab-3.1.1-gcc_with_plplot/rlab-3.1.1-gcc/gc/missing autoheader'
AUTOMAKE='${SHELL} /home/pi/sandbox/rlabplus/rlab-3.1.1-gcc_with_plplot/rlab-3.1.1-gcc/gc/missing automake-1.15'
AVOID_CPP_LIB_FALSE=''
AVOID_CPP_LIB_TRUE='#'
AWK='mawk'
CC='gcc'
CCAS='gcc'
CCASDEPMODE='depmode=gcc3'
CCASFLAGS='-g -O2'
CCDEPMODE='depmode=gcc3'
CFLAGS='-Wall -Wextra -g -O2 -fno-strict-aliasing'
CPLUSPLUS_FALSE=''
CPLUSPLUS_TRUE='#'
CPP='gcc -E'
CPPFLAGS=''
CXX='g++'
CXXCPP='g++ -E'
CXXDEPMODE='depmode=gcc3'
CXXFLAGS='-g -O2'
CXXLIBS=''
CYGPATH_W='echo'
DARWIN_THREADS_FALSE=''
DARWIN_THREADS_TRUE='#'
DEFS='-DHAVE_CONFIG_H'
DEPDIR='.deps'
DLLTOOL='false'
DSYMUTIL=''
DUMPBIN=''
ECHO_C=''
ECHO_N='-n'
ECHO_T=''
EGREP='/bin/grep -E'
ENABLE_DISCLAIM_FALSE='#'
ENABLE_DISCLAIM_TRUE=''
EXEEXT=''
EXTRA_TEST_LIBS=''
FGREP='/bin/grep -F'
GC_CFLAGS=' -fexceptions'
GC_VERSION=''
GREP='/bin/grep'
INSTALL_DATA='${INSTALL} -m 644'
INSTALL_PROGRAM='${INSTALL}'
INSTALL_SCRIPT='${INSTALL}'
INSTALL_STRIP_PROGRAM='$(install_sh) -c -s'
KEEP_BACK_PTRS_FALSE=''
KEEP_BACK_PTRS_TRUE='#'
LD='/usr/bin/ld'
LDFLAGS=''
LIBOBJS=''
LIBS=''
LIBTOOL='$(SHELL) $(top_builddir)/libtool'
LIPO=''
LN_S='ln -s'
LTLIBOBJS=''
LT_SYS_LIBRARY_PATH=''
MAINT='#'
MAINTAINER_MODE_FALSE=''
MAINTAINER_MODE_TRUE='#'
MAKEINFO='${SHELL} /home/pi/sandbox/rlabplus/rlab-3.1.1-gcc_with_plplot/rlab-3.1.1-gcc/gc/missing makeinfo'
MAKE_BACK_GRAPH_FALSE=''
MAKE_BACK_GRAPH_TRUE='#'
MANIFEST_TOOL=':'
MKDIR_P='/bin/mkdir -p'
NEED_ATOMIC_OPS_ASM_FALSE=''
NEED_ATOMIC_OPS_ASM_TRUE='#'
NM='/usr/bin/nm -B'
NMEDIT=''
OBJDUMP='objdump'
OBJEXT='o'
OTOOL64=''
OTOOL=''
PACKAGE='gc'
PACKAGE_BUGREPORT='bdwgc@lists.opendylan.org'
PACKAGE_NAME='gc'
PACKAGE_STRING='gc 7.4.4'
PACKAGE_TARNAME='gc'
PACKAGE_URL=''
PACKAGE_VERSION='7.4.4'
PATH_SEPARATOR=':'
PKG_CONFIG='/usr/bin/pkg-config'
PKG_CONFIG_LIBDIR=''
PKG_CONFIG_PATH=''
PTHREADS_FALSE=''
PTHREADS_TRUE='#'
RANLIB='ranlib'
SED='/bin/sed'
SET_MAKE=''
SHELL='/bin/bash'
SINGLE_GC_OBJ_FALSE=''
SINGLE_GC_OBJ_TRUE='#'
STRIP='strip'
THREADDLLIBS=' -ldl'
THREADS_FALSE=''
THREADS_TRUE='#'
UNWINDLIBS=''
USE_INTERNAL_LIBATOMIC_OPS_FALSE=''
USE_INTERNAL_LIBATOMIC_OPS_TRUE='#'
USE_LIBDIR_FALSE='#'
USE_LIBDIR_TRUE=''
VERSION='7.4.4'
WIN32_THREADS_FALSE=''
WIN32_THREADS_TRUE='#'
ac_ct_AR='ar'
ac_ct_CC='gcc'
ac_ct_CXX='g++'
ac_ct_DUMPBIN=''
addlibs=''
addobjs=' '
am__EXEEXT_FALSE=''
am__EXEEXT_TRUE='#'
am__fastdepCCAS_FALSE='#'
am__fastdepCCAS_TRUE=''
am__fastdepCC_FALSE='#'
am__fastdepCC_TRUE=''
am__fastdepCXX_FALSE='#'
am__fastdepCXX_TRUE=''
am__include='include'
am__isrc=''
am__leading_dot='.'
am__nodep='_no'
am__quote=''
am__tar='$${TAR-tar} chof - "$$tardir"'
am__untar='$${TAR-tar} xf -'
bindir='${exec_prefix}/bin'
build='armv7l-unknown-linux-gnueabihf'
build_alias=''
build_cpu='armv7l'
build_os='linux-gnueabihf'
build_vendor='unknown'
datadir='${datarootdir}'
datarootdir='${prefix}/share'
docdir='${datarootdir}/doc/${PACKAGE_TARNAME}'
dvidir='${docdir}'
exec_prefix='${prefix}'
extra_ldflags_libgc=''
host='armv7l-unknown-linux-gnueabihf'
host_alias=''
host_cpu='armv7l'
host_os='linux-gnueabihf'
host_vendor='unknown'
htmldir='${docdir}'
includedir='${prefix}/include'
infodir='${datarootdir}/info'
install_sh='${SHELL} /home/pi/sandbox/rlabplus/rlab-3.1.1-gcc_with_plplot/rlab-3.1.1-gcc/gc/install-sh'
libdir='${exec_prefix}/lib'
libexecdir='${exec_prefix}/libexec'
localedir='${datarootdir}/locale'
localstatedir='${prefix}/var'
mandir='${datarootdir}/man'
mkdir_p='$(MKDIR_P)'
oldincludedir='/usr/include'
pdfdir='${docdir}'
prefix='/usr/local'
program_transform_name='s,x,x,'
psdir='${docdir}'
sbindir='${exec_prefix}/sbin'
sharedstatedir='${prefix}/com'
subdirs=' libatomic_ops'
sysconfdir='${prefix}/etc'
target='armv7l-unknown-linux-gnueabihf'
target_alias=''
target_all='libgc.la'
target_cpu='armv7l'
target_os='linux-gnueabihf'
target_vendor='unknown'

## ----------- ##
## confdefs.h. ##
## ----------- ##

/* confdefs.h */
#define PACKAGE_NAME "gc"
#define PACKAGE_TARNAME "gc"
#define PACKAGE_VERSION "7.4.4"
#define PACKAGE_STRING "gc 7.4.4"
#define PACKAGE_BUGREPORT "bdwgc@lists.opendylan.org"
#define PACKAGE_URL ""
#define GC_VERSION_MAJOR 7
#define GC_VERSION_MINOR 4
#define GC_VERSION_MICRO 4
#define PACKAGE "gc"
#define VERSION "7.4.4"
#define STDC_HEADERS 1
#define HAVE_SYS_TYPES_H 1
#define HAVE_SYS_STAT_H 1
#define HAVE_STDLIB_H 1
#define HAVE_STRING_H 1
#define HAVE_MEMORY_H 1
#define HAVE_STRINGS_H 1
#define HAVE_INTTYPES_H 1
#define HAVE_STDINT_H 1
#define HAVE_UNISTD_H 1
#define HAVE_DLFCN_H 1
#define LT_OBJDIR ".libs/"
#define NO_EXECUTE_PERMISSION 1
#define ALL_INTERIOR_POINTERS 1
#define GC_GCJ_SUPPORT 1
#define HAVE_DLADDR 1
#define JAVA_FINALIZATION 1
#define ATOMIC_UNCOLLECTABLE 1
#define ENABLE_DISCLAIM 1

configure: exit 0
