Determining if the include file crt_externs.h exists failed with the following output:
Change Dir: /home/pi/download/plplot/build/CMakeFiles/CMakeTmp

Run Build Command:"/usr/bin/make" "cmTC_e83c5/fast"
/usr/bin/make -f CMakeFiles/cmTC_e83c5.dir/build.make CMakeFiles/cmTC_e83c5.dir/build
make[1]: Entering directory '/home/pi/download/plplot/build/CMakeFiles/CMakeTmp'
Building C object CMakeFiles/cmTC_e83c5.dir/CheckIncludeFile.c.o
/usr/bin/cc     -o CMakeFiles/cmTC_e83c5.dir/CheckIncludeFile.c.o   -c /home/pi/download/plplot/build/CMakeFiles/CMakeTmp/CheckIncludeFile.c
/home/pi/download/plplot/build/CMakeFiles/CMakeTmp/CheckIncludeFile.c:1:25: fatal error: crt_externs.h: No such file or directory
 #include <crt_externs.h>
                         ^
compilation terminated.
CMakeFiles/cmTC_e83c5.dir/build.make:65: recipe for target 'CMakeFiles/cmTC_e83c5.dir/CheckIncludeFile.c.o' failed
make[1]: *** [CMakeFiles/cmTC_e83c5.dir/CheckIncludeFile.c.o] Error 1
make[1]: Leaving directory '/home/pi/download/plplot/build/CMakeFiles/CMakeTmp'
Makefile:126: recipe for target 'cmTC_e83c5/fast' failed
make: *** [cmTC_e83c5/fast] Error 2


Determining if the function _NSGetArgc exists failed with the following output:
Change Dir: /home/pi/download/plplot/build/CMakeFiles/CMakeTmp

Run Build Command:"/usr/bin/make" "cmTC_2af15/fast"
/usr/bin/make -f CMakeFiles/cmTC_2af15.dir/build.make CMakeFiles/cmTC_2af15.dir/build
make[1]: Entering directory '/home/pi/download/plplot/build/CMakeFiles/CMakeTmp'
Building C object CMakeFiles/cmTC_2af15.dir/CheckFunctionExists.c.o
/usr/bin/cc    -DCHECK_FUNCTION_EXISTS=_NSGetArgc   -o CMakeFiles/cmTC_2af15.dir/CheckFunctionExists.c.o   -c /usr/share/cmake-3.7/Modules/CheckFunctionExists.c
Linking C executable cmTC_2af15
/usr/bin/cmake -E cmake_link_script CMakeFiles/cmTC_2af15.dir/link.txt --verbose=1
/usr/bin/cc   -DCHECK_FUNCTION_EXISTS=_NSGetArgc    CMakeFiles/cmTC_2af15.dir/CheckFunctionExists.c.o  -o cmTC_2af15 
CMakeFiles/cmTC_2af15.dir/CheckFunctionExists.c.o: In function `main':
CheckFunctionExists.c:(.text+0x14): undefined reference to `_NSGetArgc'
collect2: error: ld returned 1 exit status
CMakeFiles/cmTC_2af15.dir/build.make:97: recipe for target 'cmTC_2af15' failed
make[1]: *** [cmTC_2af15] Error 1
make[1]: Leaving directory '/home/pi/download/plplot/build/CMakeFiles/CMakeTmp'
Makefile:126: recipe for target 'cmTC_2af15/fast' failed
make: *** [cmTC_2af15/fast] Error 2


Determining if fortran has isnan function failed with the following output:
Change Dir: /home/pi/download/plplot/build/CMakeFiles/CMakeTmp

Run Build Command:"/usr/bin/make" "cmTC_82466/fast"
/usr/bin/make -f CMakeFiles/cmTC_82466.dir/build.make CMakeFiles/cmTC_82466.dir/build
make[1]: Entering directory '/home/pi/download/plplot/build/CMakeFiles/CMakeTmp'
Building Fortran object CMakeFiles/cmTC_82466.dir/TestFortranIsnan.f.o
/usr/bin/gfortran     -c /home/pi/download/plplot/plplot-5.13.0/cmake/modules/TestFortranIsnan.f -o CMakeFiles/cmTC_82466.dir/TestFortranIsnan.f.o
/home/pi/download/plplot/plplot-5.13.0/cmake/modules/TestFortranIsnan.f:5:19:

       if (isnan(0.0/0.0)) then
                   1
Error: Division by zero at (1)
/home/pi/download/plplot/plplot-5.13.0/cmake/modules/TestFortranIsnan.f:7:9:

       endif
         1
Error: Expecting END PROGRAM statement at (1)
CMakeFiles/cmTC_82466.dir/build.make:65: recipe for target 'CMakeFiles/cmTC_82466.dir/TestFortranIsnan.f.o' failed
make[1]: *** [CMakeFiles/cmTC_82466.dir/TestFortranIsnan.f.o] Error 1
make[1]: Leaving directory '/home/pi/download/plplot/build/CMakeFiles/CMakeTmp'
Makefile:126: recipe for target 'cmTC_82466/fast' failed
make: *** [cmTC_82466/fast] Error 2


Determining if the pthread_create exist failed with the following output:
Change Dir: /home/pi/download/plplot/build/CMakeFiles/CMakeTmp

Run Build Command:"/usr/bin/make" "cmTC_a1cd8/fast"
/usr/bin/make -f CMakeFiles/cmTC_a1cd8.dir/build.make CMakeFiles/cmTC_a1cd8.dir/build
make[1]: Entering directory '/home/pi/download/plplot/build/CMakeFiles/CMakeTmp'
Building C object CMakeFiles/cmTC_a1cd8.dir/CheckSymbolExists.c.o
/usr/bin/cc     -o CMakeFiles/cmTC_a1cd8.dir/CheckSymbolExists.c.o   -c /home/pi/download/plplot/build/CMakeFiles/CMakeTmp/CheckSymbolExists.c
Linking C executable cmTC_a1cd8
/usr/bin/cmake -E cmake_link_script CMakeFiles/cmTC_a1cd8.dir/link.txt --verbose=1
/usr/bin/cc       CMakeFiles/cmTC_a1cd8.dir/CheckSymbolExists.c.o  -o cmTC_a1cd8 
CMakeFiles/cmTC_a1cd8.dir/CheckSymbolExists.c.o: In function `main':
CheckSymbolExists.c:(.text+0x38): undefined reference to `pthread_create'
collect2: error: ld returned 1 exit status
CMakeFiles/cmTC_a1cd8.dir/build.make:97: recipe for target 'cmTC_a1cd8' failed
make[1]: *** [cmTC_a1cd8] Error 1
make[1]: Leaving directory '/home/pi/download/plplot/build/CMakeFiles/CMakeTmp'
Makefile:126: recipe for target 'cmTC_a1cd8/fast' failed
make: *** [cmTC_a1cd8/fast] Error 2

File /home/pi/download/plplot/build/CMakeFiles/CMakeTmp/CheckSymbolExists.c:
/* */
#include <pthread.h>

int main(int argc, char** argv)
{
  (void)argv;
#ifndef pthread_create
  return ((int*)(&pthread_create))[argc];
#else
  (void)argc;
  return 0;
#endif
}

Determining if the function pthread_create exists in the pthreads failed with the following output:
Change Dir: /home/pi/download/plplot/build/CMakeFiles/CMakeTmp

Run Build Command:"/usr/bin/make" "cmTC_58a1d/fast"
/usr/bin/make -f CMakeFiles/cmTC_58a1d.dir/build.make CMakeFiles/cmTC_58a1d.dir/build
make[1]: Entering directory '/home/pi/download/plplot/build/CMakeFiles/CMakeTmp'
Building C object CMakeFiles/cmTC_58a1d.dir/CheckFunctionExists.c.o
/usr/bin/cc    -DCHECK_FUNCTION_EXISTS=pthread_create   -o CMakeFiles/cmTC_58a1d.dir/CheckFunctionExists.c.o   -c /usr/share/cmake-3.7/Modules/CheckFunctionExists.c
Linking C executable cmTC_58a1d
/usr/bin/cmake -E cmake_link_script CMakeFiles/cmTC_58a1d.dir/link.txt --verbose=1
/usr/bin/cc   -DCHECK_FUNCTION_EXISTS=pthread_create    CMakeFiles/cmTC_58a1d.dir/CheckFunctionExists.c.o  -o cmTC_58a1d -lpthreads 
/usr/bin/ld: cannot find -lpthreads
collect2: error: ld returned 1 exit status
CMakeFiles/cmTC_58a1d.dir/build.make:97: recipe for target 'cmTC_58a1d' failed
make[1]: *** [cmTC_58a1d] Error 1
make[1]: Leaving directory '/home/pi/download/plplot/build/CMakeFiles/CMakeTmp'
Makefile:126: recipe for target 'cmTC_58a1d/fast' failed
make: *** [cmTC_58a1d/fast] Error 2


